================================================================
== Design Size Report
================================================================

* Total Instructions per Compilation Phase
+---------------+----------------------------+--------------+----------------------------------------------------------------------------------------+
| Phase         | Step                       | Instructions | Description                                                                            |
+---------------+----------------------------+--------------+----------------------------------------------------------------------------------------+
| Compile/Link  |                            | 180          | After all functions are compiled and linked into a single design                       |
|               |                            |              |                                                                                        |
| Unroll/Inline |                            |              | After user unroll and inline pragmas are applied                                       |
|               | (1) unroll                 | 131          | user unroll pragmas are applied                                                        |
|               | (2) simplification         | 102          | simplification of applied user unroll pragmas                                          |
|               | (3) inline                 |  91          | user inline pragmas are applied                                                        |
|               | (4) simplification         |  91          | simplification of applied user inline pragmas                                          |
|               |                            |              |                                                                                        |
| Array/Struct  |                            |              | After user array partition and struct aggregate/disaggregate pragmas are applied       |
|               | (1) array partition        | 282          | user array partition pragmas are applied                                               |
|               | (2) simplification         | 248          | simplification of applied user array partition & struct aggregate/disaggregate pragmas |
|               | (3) aggregate/disaggregate | 248          | user struct aggregate/disaggregate pragmas are applied                                 |
|               | (4) array reshape          | 248          | apply array reshape pragmas                                                            |
|               | (5) access patterns        | 249          | array access pattern optmizations                                                      |
|               |                            |              |                                                                                        |
| Performance   |                            |              | After transformations are applied to meet performance pragma targets                   |
|               | (1) loop simplification    | 249          | loop and instruction simplification                                                    |
|               | (2) parallelization        | 249          | loops are unrolled or pipelined to meet performance targets                            |
|               | (3) array partition        | 664          | arrays are partitioned to meet performance targets                                     |
|               | (4) simplification         | 562          | simplification of design after performance transformations                             |
|               |                            |              |                                                                                        |
| HW Transforms |                            |              | After hardware transfomations                                                          |
|               | (1) lowering               | 566          | initial conversion to HW specific instructions                                         |
|               | (2) optimizations          | 591          | high level synthesis optimizations                                                     |
+---------------+----------------------------+--------------+----------------------------------------------------------------------------------------+

* Instructions per Function for each Compilation Phase
+---------------------+--------------------------+--------------+---------------+--------------+-------------+---------------+
| Function            | Location                 | Compile/Link | Unroll/Inline | Array/Struct | Performance | HW Transforms |
+---------------------+--------------------------+--------------+---------------+--------------+-------------+---------------+
| + heat2d_serial_hls | heat2d_serial_hls.cpp:46 | 180          | 91            | 249          | 562         | 591           |
|    apply_stencil    | hls_stencil.hpp:34       |   8          |               |              |             |               |
+---------------------+--------------------------+--------------+---------------+--------------+-------------+---------------+

* Design Size Message Settings
+---------------------------------------------+--------+------------------------------------------------------------------+
| Message Setting                             | Value  | Description                                                      |
+---------------------------------------------+--------+------------------------------------------------------------------+
| config_compile -design_size_maximum_warning | 100000 | Show a warning when total design instructions exceeds this value |
+---------------------------------------------+--------+------------------------------------------------------------------+


