

================================================================
== Vitis HLS Report for 'heat2d_serial_hls_Pipeline_LOAD_I_LOAD_J'
================================================================
* Date:           Fri Mar  6 15:07:54 2026

* Version:        2025.2 (Build 6295257 on Nov 14 2025)
* Project:        solver
* Solution:       hls (Vivado IP Flow Target)
* Product family: zynquplus
* Target device:  xczu5eg-sfvc784-1-i


================================================================
== Performance Estimates
================================================================
+ Timing: 
    * Summary: 
    +--------+----------+----------+------------+
    |  Clock |  Target  | Estimated| Uncertainty|
    +--------+----------+----------+------------+
    |ap_clk  |  10.00 ns|  3.986 ns|     1.25 ns|
    +--------+----------+----------+------------+

+ Latency: 
    * Summary: 
    +---------+---------+-----------+-----------+-----+-----+-------------------+
    |  Latency (cycles) |   Latency (absolute)  |  Interval |      Pipeline     |
    |   min   |   max   |    min    |    max    | min | max |        Type       |
    +---------+---------+-----------+-----------+-----+-----+-------------------+
    |     1034|     1034|  10.340 us|  10.340 us|    0|    0|  loop pipeline stp|
    +---------+---------+-----------+-----------+-----+-----+-------------------+

    + Detail: 
        * Instance: 
        N/A

        * Loop: 
        +-----------------+---------+---------+----------+-----------+-----------+------+----------+
        |                 |  Latency (cycles) | Iteration|  Initiation Interval  | Trip |          |
        |    Loop Name    |   min   |   max   |  Latency |  achieved |   target  | Count| Pipelined|
        +-----------------+---------+---------+----------+-----------+-----------+------+----------+
        |- LOAD_I_LOAD_J  |     1032|     1032|        10|          1|          1|  1024|       yes|
        +-----------------+---------+---------+----------+-----------+-----------+------+----------+



================================================================
== Utilization Estimates
================================================================
* Summary: 
+-----------------+---------+------+--------+--------+-----+
|       Name      | BRAM_18K|  DSP |   FF   |   LUT  | URAM|
+-----------------+---------+------+--------+--------+-----+
|DSP              |        -|     -|       -|       -|    -|
|Expression       |        -|     -|       0|     108|    -|
|FIFO             |        -|     -|       -|       -|    -|
|Instance         |        -|     0|     128|     108|    -|
|Memory           |        -|     -|       -|       -|    -|
|Multiplexer      |        -|     -|       0|      72|    -|
|Register         |        -|     -|     376|     128|    -|
+-----------------+---------+------+--------+--------+-----+
|Total            |        0|     0|     504|     416|    0|
+-----------------+---------+------+--------+--------+-----+
|Available        |      288|  1248|  234240|  117120|   64|
+-----------------+---------+------+--------+--------+-----+
|Utilization (%)  |        0|     0|      ~0|      ~0|    0|
+-----------------+---------+------+--------+--------+-----+

+ Detail: 
    * Instance: 
    +------------------------+---------------------+---------+----+-----+----+-----+
    |        Instance        |        Module       | BRAM_18K| DSP|  FF | LUT| URAM|
    +------------------------+---------------------+---------+----+-----+----+-----+
    |mul_6ns_8ns_13_1_1_U1   |mul_6ns_8ns_13_1_1   |        0|   0|    0|  40|    0|
    |urem_6ns_3ns_2_10_1_U2  |urem_6ns_3ns_2_10_1  |        0|   0|  128|  68|    0|
    +------------------------+---------------------+---------+----+-----+----+-----+
    |Total                   |                     |        0|   0|  128| 108|    0|
    +------------------------+---------------------+---------+----+-----+----+-----+

    * DSP: 
    N/A

    * Memory: 
    N/A

    * FIFO: 
    N/A

    * Expression: 
    +-------------------------+----------+----+---+----+------------+------------+
    |      Variable Name      | Operation| DSP| FF| LUT| Bitwidth P0| Bitwidth P1|
    +-------------------------+----------+----+---+----+------------+------------+
    |add_ln73_1_fu_364_p2     |         +|   0|  0|  18|          11|           1|
    |add_ln73_fu_376_p2       |         +|   0|  0|  13|           6|           1|
    |add_ln74_fu_481_p2       |         +|   0|  0|  13|           6|           1|
    |add_ln76_fu_436_p2       |         +|   0|  0|  17|          10|          10|
    |icmp_ln73_fu_358_p2      |      icmp|   0|  0|  19|          11|          12|
    |icmp_ln74_fu_382_p2      |      icmp|   0|  0|  14|           6|           7|
    |select_ln73_1_fu_396_p3  |    select|   0|  0|   6|           1|           6|
    |select_ln73_fu_388_p3    |    select|   0|  0|   6|           1|           1|
    |ap_enable_pp0            |       xor|   0|  0|   2|           1|           2|
    +-------------------------+----------+----+---+----+------------+------------+
    |Total                    |          |   0|  0| 108|          53|          41|
    +-------------------------+----------+----+---+----+------------+------------+

    * Multiplexer: 
    +--------------------------------------+----+-----------+-----+-----------+
    |                 Name                 | LUT| Input Size| Bits| Total Bits|
    +--------------------------------------+----+-----------+-----+-----------+
    |ap_done_int                           |   9|          2|    1|          2|
    |ap_enable_reg_pp0_iter1               |   9|          2|    1|          2|
    |ap_sig_allocacmp_i_load               |   9|          2|    6|         12|
    |ap_sig_allocacmp_indvar_flatten_load  |   9|          2|   11|         22|
    |ap_sig_allocacmp_j_load               |   9|          2|    6|         12|
    |i_fu_104                              |   9|          2|    6|         12|
    |indvar_flatten_fu_108                 |   9|          2|   11|         22|
    |j_fu_100                              |   9|          2|    6|         12|
    +--------------------------------------+----+-----------+-----+-----------+
    |Total                                 |  72|         16|   48|         96|
    +--------------------------------------+----+-----------+-----+-----------+

    * Register: 
    +----------------------------------+----+----+-----+-----------+
    |               Name               | FF | LUT| Bits| Const Bits|
    +----------------------------------+----+----+-----+-----------+
    |ap_CS_fsm                         |   1|   0|    1|          0|
    |ap_done_reg                       |   1|   0|    1|          0|
    |ap_enable_reg_pp0_iter1           |   1|   0|    1|          0|
    |ap_enable_reg_pp0_iter2           |   1|   0|    1|          0|
    |ap_enable_reg_pp0_iter3           |   1|   0|    1|          0|
    |ap_enable_reg_pp0_iter4           |   1|   0|    1|          0|
    |ap_enable_reg_pp0_iter5           |   1|   0|    1|          0|
    |ap_enable_reg_pp0_iter6           |   1|   0|    1|          0|
    |ap_enable_reg_pp0_iter7           |   1|   0|    1|          0|
    |ap_enable_reg_pp0_iter8           |   1|   0|    1|          0|
    |ap_enable_reg_pp0_iter9           |   1|   0|    1|          0|
    |ap_loop_exit_ready_pp0_iter1_reg  |   1|   0|    1|          0|
    |ap_loop_exit_ready_pp0_iter2_reg  |   1|   0|    1|          0|
    |ap_loop_exit_ready_pp0_iter3_reg  |   1|   0|    1|          0|
    |ap_loop_exit_ready_pp0_iter4_reg  |   1|   0|    1|          0|
    |ap_loop_exit_ready_pp0_iter5_reg  |   1|   0|    1|          0|
    |ap_loop_exit_ready_pp0_iter6_reg  |   1|   0|    1|          0|
    |ap_loop_exit_ready_pp0_iter7_reg  |   1|   0|    1|          0|
    |ap_loop_exit_ready_pp0_iter8_reg  |   1|   0|    1|          0|
    |bitcast_ln76_reg_606              |  64|   0|   64|          0|
    |i_fu_104                          |   6|   0|    6|          0|
    |indvar_flatten_fu_108             |  11|   0|   11|          0|
    |j_fu_100                          |   6|   0|    6|          0|
    |lshr_ln_reg_595                   |   3|   0|    3|          0|
    |tmp_26_cast_reg_601               |   4|   0|    4|          0|
    |trunc_ln74_reg_591                |   2|   0|    2|          0|
    |trunc_ln76_reg_581                |   5|   0|    5|          0|
    |bitcast_ln76_reg_606              |  64|  32|   64|          0|
    |lshr_ln_reg_595                   |  64|  32|    3|          0|
    |tmp_26_cast_reg_601               |  64|  32|    4|          0|
    |trunc_ln74_reg_591                |  64|  32|    2|          0|
    +----------------------------------+----+----+-----+-----------+
    |Total                             | 376| 128|  193|          0|
    +----------------------------------+----+----+-----+-----------+



================================================================
== Interface
================================================================
* Summary: 
+-----------------+-----+-----+------------+------------------------------------------+--------------+
|    RTL Ports    | Dir | Bits|  Protocol  |               Source Object              |    C Type    |
+-----------------+-----+-----+------------+------------------------------------------+--------------+
|ap_clk           |   in|    1|  ap_ctrl_hs|  heat2d_serial_hls_Pipeline_LOAD_I_LOAD_J|  return value|
|ap_rst           |   in|    1|  ap_ctrl_hs|  heat2d_serial_hls_Pipeline_LOAD_I_LOAD_J|  return value|
|ap_start         |   in|    1|  ap_ctrl_hs|  heat2d_serial_hls_Pipeline_LOAD_I_LOAD_J|  return value|
|ap_done          |  out|    1|  ap_ctrl_hs|  heat2d_serial_hls_Pipeline_LOAD_I_LOAD_J|  return value|
|ap_idle          |  out|    1|  ap_ctrl_hs|  heat2d_serial_hls_Pipeline_LOAD_I_LOAD_J|  return value|
|ap_ready         |  out|    1|  ap_ctrl_hs|  heat2d_serial_hls_Pipeline_LOAD_I_LOAD_J|  return value|
|u_in_address0    |  out|   10|   ap_memory|                                      u_in|         array|
|u_in_ce0         |  out|    1|   ap_memory|                                      u_in|         array|
|u_in_q0          |   in|   64|   ap_memory|                                      u_in|         array|
|u_a_address0     |  out|    7|   ap_memory|                                       u_a|         array|
|u_a_ce0          |  out|    1|   ap_memory|                                       u_a|         array|
|u_a_we0          |  out|    1|   ap_memory|                                       u_a|         array|
|u_a_d0           |  out|   64|   ap_memory|                                       u_a|         array|
|u_a_1_address0   |  out|    7|   ap_memory|                                     u_a_1|         array|
|u_a_1_ce0        |  out|    1|   ap_memory|                                     u_a_1|         array|
|u_a_1_we0        |  out|    1|   ap_memory|                                     u_a_1|         array|
|u_a_1_d0         |  out|   64|   ap_memory|                                     u_a_1|         array|
|u_a_2_address0   |  out|    7|   ap_memory|                                     u_a_2|         array|
|u_a_2_ce0        |  out|    1|   ap_memory|                                     u_a_2|         array|
|u_a_2_we0        |  out|    1|   ap_memory|                                     u_a_2|         array|
|u_a_2_d0         |  out|   64|   ap_memory|                                     u_a_2|         array|
|u_a_3_address0   |  out|    7|   ap_memory|                                     u_a_3|         array|
|u_a_3_ce0        |  out|    1|   ap_memory|                                     u_a_3|         array|
|u_a_3_we0        |  out|    1|   ap_memory|                                     u_a_3|         array|
|u_a_3_d0         |  out|   64|   ap_memory|                                     u_a_3|         array|
|u_a_4_address0   |  out|    7|   ap_memory|                                     u_a_4|         array|
|u_a_4_ce0        |  out|    1|   ap_memory|                                     u_a_4|         array|
|u_a_4_we0        |  out|    1|   ap_memory|                                     u_a_4|         array|
|u_a_4_d0         |  out|   64|   ap_memory|                                     u_a_4|         array|
|u_a_5_address0   |  out|    7|   ap_memory|                                     u_a_5|         array|
|u_a_5_ce0        |  out|    1|   ap_memory|                                     u_a_5|         array|
|u_a_5_we0        |  out|    1|   ap_memory|                                     u_a_5|         array|
|u_a_5_d0         |  out|   64|   ap_memory|                                     u_a_5|         array|
|u_a_6_address0   |  out|    7|   ap_memory|                                     u_a_6|         array|
|u_a_6_ce0        |  out|    1|   ap_memory|                                     u_a_6|         array|
|u_a_6_we0        |  out|    1|   ap_memory|                                     u_a_6|         array|
|u_a_6_d0         |  out|   64|   ap_memory|                                     u_a_6|         array|
|u_a_7_address0   |  out|    7|   ap_memory|                                     u_a_7|         array|
|u_a_7_ce0        |  out|    1|   ap_memory|                                     u_a_7|         array|
|u_a_7_we0        |  out|    1|   ap_memory|                                     u_a_7|         array|
|u_a_7_d0         |  out|   64|   ap_memory|                                     u_a_7|         array|
|u_a_8_address0   |  out|    7|   ap_memory|                                     u_a_8|         array|
|u_a_8_ce0        |  out|    1|   ap_memory|                                     u_a_8|         array|
|u_a_8_we0        |  out|    1|   ap_memory|                                     u_a_8|         array|
|u_a_8_d0         |  out|   64|   ap_memory|                                     u_a_8|         array|
|u_a_9_address0   |  out|    7|   ap_memory|                                     u_a_9|         array|
|u_a_9_ce0        |  out|    1|   ap_memory|                                     u_a_9|         array|
|u_a_9_we0        |  out|    1|   ap_memory|                                     u_a_9|         array|
|u_a_9_d0         |  out|   64|   ap_memory|                                     u_a_9|         array|
|u_a_10_address0  |  out|    7|   ap_memory|                                    u_a_10|         array|
|u_a_10_ce0       |  out|    1|   ap_memory|                                    u_a_10|         array|
|u_a_10_we0       |  out|    1|   ap_memory|                                    u_a_10|         array|
|u_a_10_d0        |  out|   64|   ap_memory|                                    u_a_10|         array|
|u_a_11_address0  |  out|    7|   ap_memory|                                    u_a_11|         array|
|u_a_11_ce0       |  out|    1|   ap_memory|                                    u_a_11|         array|
|u_a_11_we0       |  out|    1|   ap_memory|                                    u_a_11|         array|
|u_a_11_d0        |  out|   64|   ap_memory|                                    u_a_11|         array|
|u_b_address0     |  out|    8|   ap_memory|                                       u_b|         array|
|u_b_ce0          |  out|    1|   ap_memory|                                       u_b|         array|
|u_b_we0          |  out|    1|   ap_memory|                                       u_b|         array|
|u_b_d0           |  out|   64|   ap_memory|                                       u_b|         array|
|u_b_1_address0   |  out|    8|   ap_memory|                                     u_b_1|         array|
|u_b_1_ce0        |  out|    1|   ap_memory|                                     u_b_1|         array|
|u_b_1_we0        |  out|    1|   ap_memory|                                     u_b_1|         array|
|u_b_1_d0         |  out|   64|   ap_memory|                                     u_b_1|         array|
|u_b_2_address0   |  out|    8|   ap_memory|                                     u_b_2|         array|
|u_b_2_ce0        |  out|    1|   ap_memory|                                     u_b_2|         array|
|u_b_2_we0        |  out|    1|   ap_memory|                                     u_b_2|         array|
|u_b_2_d0         |  out|   64|   ap_memory|                                     u_b_2|         array|
|u_b_3_address0   |  out|    8|   ap_memory|                                     u_b_3|         array|
|u_b_3_ce0        |  out|    1|   ap_memory|                                     u_b_3|         array|
|u_b_3_we0        |  out|    1|   ap_memory|                                     u_b_3|         array|
|u_b_3_d0         |  out|   64|   ap_memory|                                     u_b_3|         array|
+-----------------+-----+-----+------------+------------------------------------------+--------------+

