

================================================================
== Vitis HLS Report for 'heat2d_serial_hls_Pipeline_STENCIL_J'
================================================================
* Date:           Fri Mar  6 15:07:54 2026

* Version:        2025.2 (Build 6295257 on Nov 14 2025)
* Project:        solver
* Solution:       hls (Vivado IP Flow Target)
* Product family: zynquplus
* Target device:  xczu5eg-sfvc784-1-i


================================================================
== Performance Estimates
================================================================
+ Timing: 
    * Summary: 
    +--------+----------+----------+------------+
    |  Clock |  Target  | Estimated| Uncertainty|
    +--------+----------+----------+------------+
    |ap_clk  |  10.00 ns|  8.334 ns|     1.25 ns|
    +--------+----------+----------+------------+

+ Latency: 
    * Summary: 
    +---------+---------+----------+----------+-----+-----+-------------------+
    |  Latency (cycles) |  Latency (absolute) |  Interval |      Pipeline     |
    |   min   |   max   |    min   |    max   | min | max |        Type       |
    +---------+---------+----------+----------+-----+-----+-------------------+
    |       63|       63|  0.630 us|  0.630 us|    0|    0|  loop pipeline stp|
    +---------+---------+----------+----------+-----+-----+-------------------+

    + Detail: 
        * Instance: 
        N/A

        * Loop: 
        +-------------+---------+---------+----------+-----------+-----------+------+----------+
        |             |  Latency (cycles) | Iteration|  Initiation Interval  | Trip |          |
        |  Loop Name  |   min   |   max   |  Latency |  achieved |   target  | Count| Pipelined|
        +-------------+---------+---------+----------+-----------+-----------+------+----------+
        |- STENCIL_J  |       61|       61|        33|          1|          1|    30|       yes|
        +-------------+---------+---------+----------+-----------+-----------+------+----------+



================================================================
== Utilization Estimates
================================================================
* Summary: 
+-----------------+---------+------+--------+--------+-----+
|       Name      | BRAM_18K|  DSP |   FF   |   LUT  | URAM|
+-----------------+---------+------+--------+--------+-----+
|DSP              |        -|     -|       -|       -|    -|
|Expression       |        -|     -|       0|      40|    -|
|FIFO             |        -|     -|       -|       -|    -|
|Instance         |        -|    37|    2823|    4519|    -|
|Memory           |        -|     -|       -|       -|    -|
|Multiplexer      |        -|     -|       0|     408|    -|
|Register         |        -|     -|    1107|     160|    -|
+-----------------+---------+------+--------+--------+-----+
|Total            |        0|    37|    3930|    5127|    0|
+-----------------+---------+------+--------+--------+-----+
|Available        |      288|  1248|  234240|  117120|   64|
+-----------------+---------+------+--------+--------+-----+
|Utilization (%)  |        0|     2|       1|       4|    0|
+-----------------+---------+------+--------+--------+-----+

+ Detail: 
    * Instance: 
    +------------------------------------+--------------------------------+---------+----+-----+-----+-----+
    |              Instance              |             Module             | BRAM_18K| DSP|  FF | LUT | URAM|
    +------------------------------------+--------------------------------+---------+----+-----+-----+-----+
    |dadd_64ns_64ns_64_5_full_dsp_1_U22  |dadd_64ns_64ns_64_5_full_dsp_1  |        0|   3|  445|  781|    0|
    |dadd_64ns_64ns_64_5_full_dsp_1_U23  |dadd_64ns_64ns_64_5_full_dsp_1  |        0|   3|  445|  781|    0|
    |dadd_64ns_64ns_64_5_full_dsp_1_U24  |dadd_64ns_64ns_64_5_full_dsp_1  |        0|   3|  445|  781|    0|
    |dadd_64ns_64ns_64_5_full_dsp_1_U26  |dadd_64ns_64ns_64_5_full_dsp_1  |        0|   3|  445|  781|    0|
    |dmul_64ns_64ns_64_5_max_dsp_1_U27   |dmul_64ns_64ns_64_5_max_dsp_1   |        0|  11|  299|  203|    0|
    |dmul_64ns_64ns_64_5_max_dsp_1_U28   |dmul_64ns_64ns_64_5_max_dsp_1   |        0|  11|  299|  203|    0|
    |dsub_64ns_64ns_64_5_full_dsp_1_U25  |dsub_64ns_64ns_64_5_full_dsp_1  |        0|   3|  445|  781|    0|
    |sparsemux_7_2_64_1_1_U29            |sparsemux_7_2_64_1_1            |        0|   0|    0|    9|    0|
    |sparsemux_7_2_64_1_1_U30            |sparsemux_7_2_64_1_1            |        0|   0|    0|    9|    0|
    |sparsemux_7_2_64_1_1_U31            |sparsemux_7_2_64_1_1            |        0|   0|    0|    9|    0|
    |sparsemux_7_2_64_1_1_U32            |sparsemux_7_2_64_1_1            |        0|   0|    0|    9|    0|
    |sparsemux_7_2_64_1_1_U34            |sparsemux_7_2_64_1_1            |        0|   0|    0|    9|    0|
    |sparsemux_7_2_64_1_1_U35            |sparsemux_7_2_64_1_1            |        0|   0|    0|    9|    0|
    |sparsemux_7_2_64_1_1_U36            |sparsemux_7_2_64_1_1            |        0|   0|    0|    9|    0|
    |sparsemux_7_2_64_1_1_U37            |sparsemux_7_2_64_1_1            |        0|   0|    0|    9|    0|
    |sparsemux_7_2_64_1_1_U39            |sparsemux_7_2_64_1_1            |        0|   0|    0|    9|    0|
    |sparsemux_7_2_64_1_1_U40            |sparsemux_7_2_64_1_1            |        0|   0|    0|    9|    0|
    |sparsemux_7_2_64_1_1_U41            |sparsemux_7_2_64_1_1            |        0|   0|    0|    9|    0|
    |sparsemux_7_2_64_1_1_U42            |sparsemux_7_2_64_1_1            |        0|   0|    0|    9|    0|
    |sparsemux_9_2_64_1_1_U33            |sparsemux_9_2_64_1_1            |        0|   0|    0|   20|    0|
    |sparsemux_9_2_64_1_1_U38            |sparsemux_9_2_64_1_1            |        0|   0|    0|   20|    0|
    |sparsemux_9_2_64_1_1_U43            |sparsemux_9_2_64_1_1            |        0|   0|    0|   20|    0|
    |sparsemux_9_2_64_1_1_U44            |sparsemux_9_2_64_1_1            |        0|   0|    0|   20|    0|
    |sparsemux_9_2_64_1_1_U45            |sparsemux_9_2_64_1_1            |        0|   0|    0|   20|    0|
    +------------------------------------+--------------------------------+---------+----+-----+-----+-----+
    |Total                               |                                |        0|  37| 2823| 4519|    0|
    +------------------------------------+--------------------------------+---------+----+-----+-----+-----+

    * DSP: 
    N/A

    * Memory: 
    N/A

    * FIFO: 
    N/A

    * Expression: 
    +---------------------+----------+----+---+----+------------+------------+
    |    Variable Name    | Operation| DSP| FF| LUT| Bitwidth P0| Bitwidth P1|
    +---------------------+----------+----+---+----+------------+------------+
    |add_ln105_fu_999_p2  |         +|   0|  0|  12|           5|           2|
    |add_ln106_fu_860_p2  |         +|   0|  0|  12|           5|           1|
    |ap_condition_636     |       and|   0|  0|   2|           1|           1|
    |icmp_ln93_fu_850_p2  |      icmp|   0|  0|  12|           5|           2|
    |ap_enable_pp0        |       xor|   0|  0|   2|           1|           2|
    +---------------------+----------+----+---+----+------------+------------+
    |Total                |          |   0|  0|  40|          17|           8|
    +---------------------+----------+----+---+----+------------+------------+

    * Multiplexer: 
    +-------------------------+----+-----------+-----+-----------+
    |           Name          | LUT| Input Size| Bits| Total Bits|
    +-------------------------+----+-----------+-----+-----------+
    |ap_done_int              |   9|          2|    1|          2|
    |ap_enable_reg_pp0_iter1  |   9|          2|    1|          2|
    |ap_sig_allocacmp_j_1     |   9|          2|    5|         10|
    |j_fu_106                 |   9|          2|    5|         10|
    |u_a_10_address0_local    |  31|          6|    7|         42|
    |u_a_11_address0_local    |  31|          6|    7|         42|
    |u_a_1_address0_local     |  31|          6|    7|         42|
    |u_a_2_address0_local     |  31|          6|    7|         42|
    |u_a_3_address0_local     |  31|          6|    7|         42|
    |u_a_4_address0_local     |  31|          6|    7|         42|
    |u_a_5_address0_local     |  31|          6|    7|         42|
    |u_a_6_address0_local     |  31|          6|    7|         42|
    |u_a_7_address0_local     |  31|          6|    7|         42|
    |u_a_8_address0_local     |  31|          6|    7|         42|
    |u_a_9_address0_local     |  31|          6|    7|         42|
    |u_a_address0_local       |  31|          6|    7|         42|
    +-------------------------+----+-----------+-----+-----------+
    |Total                    | 408|         80|   96|        528|
    +-------------------------+----+-----------+-----+-----------+

    * Register: 
    +-----------------------------------+----+----+-----+-----------+
    |                Name               | FF | LUT| Bits| Const Bits|
    +-----------------------------------+----+----+-----+-----------+
    |add1_i_reg_1745                    |  64|   0|   64|          0|
    |add2_i_reg_1750                    |  64|   0|   64|          0|
    |add_i_reg_1740                     |  64|   0|   64|          0|
    |ap_CS_fsm                          |   1|   0|    1|          0|
    |ap_done_reg                        |   1|   0|    1|          0|
    |ap_enable_reg_pp0_iter1            |   1|   0|    1|          0|
    |ap_enable_reg_pp0_iter10           |   1|   0|    1|          0|
    |ap_enable_reg_pp0_iter11           |   1|   0|    1|          0|
    |ap_enable_reg_pp0_iter12           |   1|   0|    1|          0|
    |ap_enable_reg_pp0_iter13           |   1|   0|    1|          0|
    |ap_enable_reg_pp0_iter14           |   1|   0|    1|          0|
    |ap_enable_reg_pp0_iter15           |   1|   0|    1|          0|
    |ap_enable_reg_pp0_iter16           |   1|   0|    1|          0|
    |ap_enable_reg_pp0_iter17           |   1|   0|    1|          0|
    |ap_enable_reg_pp0_iter18           |   1|   0|    1|          0|
    |ap_enable_reg_pp0_iter19           |   1|   0|    1|          0|
    |ap_enable_reg_pp0_iter2            |   1|   0|    1|          0|
    |ap_enable_reg_pp0_iter20           |   1|   0|    1|          0|
    |ap_enable_reg_pp0_iter21           |   1|   0|    1|          0|
    |ap_enable_reg_pp0_iter22           |   1|   0|    1|          0|
    |ap_enable_reg_pp0_iter23           |   1|   0|    1|          0|
    |ap_enable_reg_pp0_iter24           |   1|   0|    1|          0|
    |ap_enable_reg_pp0_iter25           |   1|   0|    1|          0|
    |ap_enable_reg_pp0_iter26           |   1|   0|    1|          0|
    |ap_enable_reg_pp0_iter27           |   1|   0|    1|          0|
    |ap_enable_reg_pp0_iter28           |   1|   0|    1|          0|
    |ap_enable_reg_pp0_iter29           |   1|   0|    1|          0|
    |ap_enable_reg_pp0_iter3            |   1|   0|    1|          0|
    |ap_enable_reg_pp0_iter30           |   1|   0|    1|          0|
    |ap_enable_reg_pp0_iter31           |   1|   0|    1|          0|
    |ap_enable_reg_pp0_iter32           |   1|   0|    1|          0|
    |ap_enable_reg_pp0_iter4            |   1|   0|    1|          0|
    |ap_enable_reg_pp0_iter5            |   1|   0|    1|          0|
    |ap_enable_reg_pp0_iter6            |   1|   0|    1|          0|
    |ap_enable_reg_pp0_iter7            |   1|   0|    1|          0|
    |ap_enable_reg_pp0_iter8            |   1|   0|    1|          0|
    |ap_enable_reg_pp0_iter9            |   1|   0|    1|          0|
    |ap_loop_exit_ready_pp0_iter10_reg  |   1|   0|    1|          0|
    |ap_loop_exit_ready_pp0_iter11_reg  |   1|   0|    1|          0|
    |ap_loop_exit_ready_pp0_iter12_reg  |   1|   0|    1|          0|
    |ap_loop_exit_ready_pp0_iter13_reg  |   1|   0|    1|          0|
    |ap_loop_exit_ready_pp0_iter14_reg  |   1|   0|    1|          0|
    |ap_loop_exit_ready_pp0_iter15_reg  |   1|   0|    1|          0|
    |ap_loop_exit_ready_pp0_iter16_reg  |   1|   0|    1|          0|
    |ap_loop_exit_ready_pp0_iter17_reg  |   1|   0|    1|          0|
    |ap_loop_exit_ready_pp0_iter18_reg  |   1|   0|    1|          0|
    |ap_loop_exit_ready_pp0_iter19_reg  |   1|   0|    1|          0|
    |ap_loop_exit_ready_pp0_iter1_reg   |   1|   0|    1|          0|
    |ap_loop_exit_ready_pp0_iter20_reg  |   1|   0|    1|          0|
    |ap_loop_exit_ready_pp0_iter21_reg  |   1|   0|    1|          0|
    |ap_loop_exit_ready_pp0_iter22_reg  |   1|   0|    1|          0|
    |ap_loop_exit_ready_pp0_iter23_reg  |   1|   0|    1|          0|
    |ap_loop_exit_ready_pp0_iter24_reg  |   1|   0|    1|          0|
    |ap_loop_exit_ready_pp0_iter25_reg  |   1|   0|    1|          0|
    |ap_loop_exit_ready_pp0_iter26_reg  |   1|   0|    1|          0|
    |ap_loop_exit_ready_pp0_iter27_reg  |   1|   0|    1|          0|
    |ap_loop_exit_ready_pp0_iter28_reg  |   1|   0|    1|          0|
    |ap_loop_exit_ready_pp0_iter29_reg  |   1|   0|    1|          0|
    |ap_loop_exit_ready_pp0_iter2_reg   |   1|   0|    1|          0|
    |ap_loop_exit_ready_pp0_iter30_reg  |   1|   0|    1|          0|
    |ap_loop_exit_ready_pp0_iter31_reg  |   1|   0|    1|          0|
    |ap_loop_exit_ready_pp0_iter3_reg   |   1|   0|    1|          0|
    |ap_loop_exit_ready_pp0_iter4_reg   |   1|   0|    1|          0|
    |ap_loop_exit_ready_pp0_iter5_reg   |   1|   0|    1|          0|
    |ap_loop_exit_ready_pp0_iter6_reg   |   1|   0|    1|          0|
    |ap_loop_exit_ready_pp0_iter7_reg   |   1|   0|    1|          0|
    |ap_loop_exit_ready_pp0_iter8_reg   |   1|   0|    1|          0|
    |ap_loop_exit_ready_pp0_iter9_reg   |   1|   0|    1|          0|
    |center_assign_reg_1714             |  64|   0|   64|          0|
    |east_assign_reg_1735               |  64|   0|   64|          0|
    |j_1_reg_1385                       |   5|   0|    5|          0|
    |j_fu_106                           |   5|   0|    5|          0|
    |lshr_ln3_reg_1409                  |   3|   0|    3|          0|
    |lshr_ln5_reg_1404                  |   3|   0|    3|          0|
    |mul3_i_reg_1765                    |  64|   0|   64|          0|
    |mul_i_reg_1755                     |  64|   0|   64|          0|
    |north_assign_reg_1720              |  64|   0|   64|          0|
    |south_assign_reg_1725              |  64|   0|   64|          0|
    |sub_i_reg_1760                     |  64|   0|   64|          0|
    |trunc_ln93_reg_1395                |   2|   0|    2|          0|
    |west_assign_reg_1730               |  64|   0|   64|          0|
    |center_assign_reg_1714             |  64|  32|   64|          0|
    |east_assign_reg_1735               |  64|  32|   64|          0|
    |lshr_ln3_reg_1409                  |  64|  32|    3|          0|
    |trunc_ln93_reg_1395                |  64|  32|    2|          0|
    |west_assign_reg_1730               |  64|  32|   64|          0|
    +-----------------------------------+----+----+-----+-----------+
    |Total                              |1107| 160|  984|          0|
    +-----------------------------------+----+----+-----+-----------+



================================================================
== Interface
================================================================
* Summary: 
+-----------------+-----+-----+------------+--------------------------------------+--------------+
|    RTL Ports    | Dir | Bits|  Protocol  |             Source Object            |    C Type    |
+-----------------+-----+-----+------------+--------------------------------------+--------------+
|ap_clk           |   in|    1|  ap_ctrl_hs|  heat2d_serial_hls_Pipeline_STENCIL_J|  return value|
|ap_rst           |   in|    1|  ap_ctrl_hs|  heat2d_serial_hls_Pipeline_STENCIL_J|  return value|
|ap_start         |   in|    1|  ap_ctrl_hs|  heat2d_serial_hls_Pipeline_STENCIL_J|  return value|
|ap_done          |  out|    1|  ap_ctrl_hs|  heat2d_serial_hls_Pipeline_STENCIL_J|  return value|
|ap_idle          |  out|    1|  ap_ctrl_hs|  heat2d_serial_hls_Pipeline_STENCIL_J|  return value|
|ap_ready         |  out|    1|  ap_ctrl_hs|  heat2d_serial_hls_Pipeline_STENCIL_J|  return value|
|mul_ln92         |   in|   11|     ap_none|                              mul_ln92|        scalar|
|u_a_address0     |  out|    7|   ap_memory|                                   u_a|         array|
|u_a_ce0          |  out|    1|   ap_memory|                                   u_a|         array|
|u_a_q0           |   in|   64|   ap_memory|                                   u_a|         array|
|mul_ln104        |   in|   11|     ap_none|                             mul_ln104|        scalar|
|mul_ln93         |   in|   11|     ap_none|                              mul_ln93|        scalar|
|u_a_1_address0   |  out|    7|   ap_memory|                                 u_a_1|         array|
|u_a_1_ce0        |  out|    1|   ap_memory|                                 u_a_1|         array|
|u_a_1_q0         |   in|   64|   ap_memory|                                 u_a_1|         array|
|u_a_2_address0   |  out|    7|   ap_memory|                                 u_a_2|         array|
|u_a_2_ce0        |  out|    1|   ap_memory|                                 u_a_2|         array|
|u_a_2_q0         |   in|   64|   ap_memory|                                 u_a_2|         array|
|u_a_3_address0   |  out|    7|   ap_memory|                                 u_a_3|         array|
|u_a_3_ce0        |  out|    1|   ap_memory|                                 u_a_3|         array|
|u_a_3_q0         |   in|   64|   ap_memory|                                 u_a_3|         array|
|u_a_4_address0   |  out|    7|   ap_memory|                                 u_a_4|         array|
|u_a_4_ce0        |  out|    1|   ap_memory|                                 u_a_4|         array|
|u_a_4_q0         |   in|   64|   ap_memory|                                 u_a_4|         array|
|u_a_5_address0   |  out|    7|   ap_memory|                                 u_a_5|         array|
|u_a_5_ce0        |  out|    1|   ap_memory|                                 u_a_5|         array|
|u_a_5_q0         |   in|   64|   ap_memory|                                 u_a_5|         array|
|u_a_6_address0   |  out|    7|   ap_memory|                                 u_a_6|         array|
|u_a_6_ce0        |  out|    1|   ap_memory|                                 u_a_6|         array|
|u_a_6_q0         |   in|   64|   ap_memory|                                 u_a_6|         array|
|u_a_7_address0   |  out|    7|   ap_memory|                                 u_a_7|         array|
|u_a_7_ce0        |  out|    1|   ap_memory|                                 u_a_7|         array|
|u_a_7_q0         |   in|   64|   ap_memory|                                 u_a_7|         array|
|u_a_8_address0   |  out|    7|   ap_memory|                                 u_a_8|         array|
|u_a_8_ce0        |  out|    1|   ap_memory|                                 u_a_8|         array|
|u_a_8_q0         |   in|   64|   ap_memory|                                 u_a_8|         array|
|u_a_9_address0   |  out|    7|   ap_memory|                                 u_a_9|         array|
|u_a_9_ce0        |  out|    1|   ap_memory|                                 u_a_9|         array|
|u_a_9_q0         |   in|   64|   ap_memory|                                 u_a_9|         array|
|u_a_10_address0  |  out|    7|   ap_memory|                                u_a_10|         array|
|u_a_10_ce0       |  out|    1|   ap_memory|                                u_a_10|         array|
|u_a_10_q0        |   in|   64|   ap_memory|                                u_a_10|         array|
|u_a_11_address0  |  out|    7|   ap_memory|                                u_a_11|         array|
|u_a_11_ce0       |  out|    1|   ap_memory|                                u_a_11|         array|
|u_a_11_q0        |   in|   64|   ap_memory|                                u_a_11|         array|
|i_1              |   in|    5|     ap_none|                                   i_1|        scalar|
|u_b_address0     |  out|    8|   ap_memory|                                   u_b|         array|
|u_b_ce0          |  out|    1|   ap_memory|                                   u_b|         array|
|u_b_we0          |  out|    1|   ap_memory|                                   u_b|         array|
|u_b_d0           |  out|   64|   ap_memory|                                   u_b|         array|
|u_b_1_address0   |  out|    8|   ap_memory|                                 u_b_1|         array|
|u_b_1_ce0        |  out|    1|   ap_memory|                                 u_b_1|         array|
|u_b_1_we0        |  out|    1|   ap_memory|                                 u_b_1|         array|
|u_b_1_d0         |  out|   64|   ap_memory|                                 u_b_1|         array|
|u_b_2_address0   |  out|    8|   ap_memory|                                 u_b_2|         array|
|u_b_2_ce0        |  out|    1|   ap_memory|                                 u_b_2|         array|
|u_b_2_we0        |  out|    1|   ap_memory|                                 u_b_2|         array|
|u_b_2_d0         |  out|   64|   ap_memory|                                 u_b_2|         array|
|u_b_3_address0   |  out|    8|   ap_memory|                                 u_b_3|         array|
|u_b_3_ce0        |  out|    1|   ap_memory|                                 u_b_3|         array|
|u_b_3_we0        |  out|    1|   ap_memory|                                 u_b_3|         array|
|u_b_3_d0         |  out|   64|   ap_memory|                                 u_b_3|         array|
|empty            |   in|    2|     ap_none|                                 empty|        scalar|
+-----------------+-----+-----+------------+--------------------------------------+--------------+

