

================================================================
== Vitis HLS Report for 'heat2d_serial_hls'
================================================================
* Date:           Fri Mar  6 15:07:54 2026

* Version:        2025.2 (Build 6295257 on Nov 14 2025)
* Project:        solver
* Solution:       hls (Vivado IP Flow Target)
* Product family: zynquplus
* Target device:  xczu5eg-sfvc784-1-i


================================================================
== Performance Estimates
================================================================
+ Timing: 
    * Summary: 
    +--------+----------+----------+------------+
    |  Clock |  Target  | Estimated| Uncertainty|
    +--------+----------+----------+------------+
    |ap_clk  |  10.00 ns|  8.334 ns|     1.25 ns|
    +--------+----------+----------+------------+

+ Latency: 
    * Summary: 
    +---------+----------+-----------+-----------+------+----------+---------+
    |  Latency (cycles)  |   Latency (absolute)  |     Interval    | Pipeline|
    |   min   |    max   |    min    |    max    |  min |    max   |   Type  |
    +---------+----------+-----------+-----------+------+----------+---------+
    |     5173|  31022071|  51.730 us|  0.310 sec|  5174|  31022072|       no|
    +---------+----------+-----------+-----------+------+----------+---------+

    + Detail: 
        * Instance: 
        +-------------------------------------------------------+--------------------------------------------+---------+---------+-----------+-----------+-----+-----+-------------------+
        |                                                       |                                            |  Latency (cycles) |   Latency (absolute)  |  Interval |      Pipeline     |
        |                        Instance                       |                   Module                   |   min   |   max   |    min    |    max    | min | max |        Type       |
        +-------------------------------------------------------+--------------------------------------------+---------+---------+-----------+-----------+-----+-----+-------------------+
        |grp_heat2d_serial_hls_Pipeline_LOAD_I_LOAD_J_fu_154    |heat2d_serial_hls_Pipeline_LOAD_I_LOAD_J    |     1034|     1034|  10.340 us|  10.340 us|    0|    0|  loop pipeline stp|
        |grp_heat2d_serial_hls_Pipeline_STORE_I_STORE_J_fu_192  |heat2d_serial_hls_Pipeline_STORE_I_STORE_J  |     1034|     1034|  10.340 us|  10.340 us|    0|    0|  loop pipeline stp|
        |grp_heat2d_serial_hls_Pipeline_SWAP_I_SWAP_J_fu_210    |heat2d_serial_hls_Pipeline_SWAP_I_SWAP_J    |      909|      909|   9.090 us|   9.090 us|    0|    0|  loop pipeline stp|
        |grp_heat2d_serial_hls_Pipeline_STENCIL_J_fu_230        |heat2d_serial_hls_Pipeline_STENCIL_J        |       63|       63|   0.630 us|   0.630 us|    0|    0|  loop pipeline stp|
        +-------------------------------------------------------+--------------------------------------------+---------+---------+-----------+-----------+-----+-----+-------------------+

        * Loop: 
        +--------------+---------+----------+----------+-----------+-----------+-----------+----------+
        |              |  Latency (cycles)  | Iteration|  Initiation Interval  |    Trip   |          |
        |   Loop Name  |   min   |    max   |  Latency |  achieved |   target  |   Count   | Pipelined|
        +--------------+---------+----------+----------+-----------+-----------+-----------+----------+
        |- TIME_LOOP   |     3102|  31020000|      3102|          -|          -|  1 ~ 10000|        no|
        | + STENCIL_I  |     2190|      2190|        73|          -|          -|         30|        no|
        +--------------+---------+----------+----------+-----------+-----------+-----------+----------+



================================================================
== Utilization Estimates
================================================================
* Summary: 
+-----------------+---------+------+--------+--------+-----+
|       Name      | BRAM_18K|  DSP |   FF   |   LUT  | URAM|
+-----------------+---------+------+--------+--------+-----+
|DSP              |        -|     -|       -|       -|    -|
|Expression       |        -|     -|       0|     113|    -|
|FIFO             |        -|     -|       -|       -|    -|
|Instance         |        0|    37|    5358|    6585|    0|
|Memory           |       32|     -|       0|       0|    0|
|Multiplexer      |        -|     -|       0|    1315|    -|
|Register         |        -|     -|     158|       -|    -|
+-----------------+---------+------+--------+--------+-----+
|Total            |       32|    37|    5516|    8013|    0|
+-----------------+---------+------+--------+--------+-----+
|Available        |      288|  1248|  234240|  117120|   64|
+-----------------+---------+------+--------+--------+-----+
|Utilization (%)  |       11|     2|       2|       6|    0|
+-----------------+---------+------+--------+--------+-----+

+ Detail: 
    * Instance: 
    +-------------------------------------------------------+--------------------------------------------+---------+----+------+------+-----+
    |                        Instance                       |                   Module                   | BRAM_18K| DSP|  FF  |  LUT | URAM|
    +-------------------------------------------------------+--------------------------------------------+---------+----+------+------+-----+
    |ctrl_s_axi_U                                           |ctrl_s_axi                                  |        0|   0|    68|   104|    0|
    |grp_heat2d_serial_hls_Pipeline_LOAD_I_LOAD_J_fu_154    |heat2d_serial_hls_Pipeline_LOAD_I_LOAD_J    |        0|   0|   504|   416|    0|
    |grp_heat2d_serial_hls_Pipeline_STENCIL_J_fu_230        |heat2d_serial_hls_Pipeline_STENCIL_J        |        0|  37|  3930|  5127|    0|
    |grp_heat2d_serial_hls_Pipeline_STORE_I_STORE_J_fu_192  |heat2d_serial_hls_Pipeline_STORE_I_STORE_J  |        0|   0|   445|   472|    0|
    |grp_heat2d_serial_hls_Pipeline_SWAP_I_SWAP_J_fu_210    |heat2d_serial_hls_Pipeline_SWAP_I_SWAP_J    |        0|   0|   341|   349|    0|
    |mul_5ns_7ns_11_1_1_U118                                |mul_5ns_7ns_11_1_1                          |        0|   0|     0|    30|    0|
    |mul_5ns_7ns_11_1_1_U119                                |mul_5ns_7ns_11_1_1                          |        0|   0|     0|    30|    0|
    |mul_5ns_7ns_11_1_1_U120                                |mul_5ns_7ns_11_1_1                          |        0|   0|     0|    30|    0|
    |urem_5ns_3ns_2_9_seq_1_U117                            |urem_5ns_3ns_2_9_seq_1                      |        0|   0|    70|    27|    0|
    +-------------------------------------------------------+--------------------------------------------+---------+----+------+------+-----+
    |Total                                                  |                                            |        0|  37|  5358|  6585|    0|
    +-------------------------------------------------------+--------------------------------------------+---------+----+------+------+-----+

    * DSP: 
    N/A

    * Memory: 
    +----------+-------------------+---------+---+----+-----+------+-----+------+-------------+
    |  Memory  |       Module      | BRAM_18K| FF| LUT| URAM| Words| Bits| Banks| W*Bits*Banks|
    +----------+-------------------+---------+---+----+-----+------+-----+------+-------------+
    |u_a_U     |u_a_RAM_AUTO_1R1W  |        2|  0|   0|    0|    88|   64|     1|         5632|
    |u_a_1_U   |u_a_RAM_AUTO_1R1W  |        2|  0|   0|    0|    88|   64|     1|         5632|
    |u_a_2_U   |u_a_RAM_AUTO_1R1W  |        2|  0|   0|    0|    88|   64|     1|         5632|
    |u_a_3_U   |u_a_RAM_AUTO_1R1W  |        2|  0|   0|    0|    88|   64|     1|         5632|
    |u_a_4_U   |u_a_RAM_AUTO_1R1W  |        2|  0|   0|    0|    88|   64|     1|         5632|
    |u_a_5_U   |u_a_RAM_AUTO_1R1W  |        2|  0|   0|    0|    88|   64|     1|         5632|
    |u_a_6_U   |u_a_RAM_AUTO_1R1W  |        2|  0|   0|    0|    88|   64|     1|         5632|
    |u_a_7_U   |u_a_RAM_AUTO_1R1W  |        2|  0|   0|    0|    88|   64|     1|         5632|
    |u_a_8_U   |u_a_RAM_AUTO_1R1W  |        2|  0|   0|    0|    88|   64|     1|         5632|
    |u_a_9_U   |u_a_RAM_AUTO_1R1W  |        2|  0|   0|    0|    88|   64|     1|         5632|
    |u_a_10_U  |u_a_RAM_AUTO_1R1W  |        2|  0|   0|    0|    88|   64|     1|         5632|
    |u_a_11_U  |u_a_RAM_AUTO_1R1W  |        2|  0|   0|    0|    88|   64|     1|         5632|
    |u_b_U     |u_b_RAM_AUTO_1R1W  |        2|  0|   0|    0|   256|   64|     1|        16384|
    |u_b_1_U   |u_b_RAM_AUTO_1R1W  |        2|  0|   0|    0|   256|   64|     1|        16384|
    |u_b_2_U   |u_b_RAM_AUTO_1R1W  |        2|  0|   0|    0|   256|   64|     1|        16384|
    |u_b_3_U   |u_b_RAM_AUTO_1R1W  |        2|  0|   0|    0|   256|   64|     1|        16384|
    +----------+-------------------+---------+---+----+-----+------+-----+------+-------------+
    |Total     |                   |       32|  0|   0|    0|  2080| 1024|    16|       133120|
    +----------+-------------------+---------+---+----+-----+------+-----+------+-------------+

    * FIFO: 
    N/A

    * Expression: 
    +---------------------+----------+----+---+----+------------+------------+
    |    Variable Name    | Operation| DSP| FF| LUT| Bitwidth P0| Bitwidth P1|
    +---------------------+----------+----+---+----+------------+------------+
    |add_ln103_fu_311_p2  |         +|   0|  0|  12|           5|           2|
    |add_ln104_fu_328_p2  |         +|   0|  0|  12|           5|           1|
    |add_ln84_fu_273_p2   |         +|   0|  0|  38|          31|           1|
    |icmp_ln84_fu_268_p2  |      icmp|   0|  0|  39|          32|          32|
    |icmp_ln92_fu_279_p2  |      icmp|   0|  0|  12|           5|           2|
    +---------------------+----------+----+---+----+------------+------------+
    |Total                |          |   0|  0| 113|          78|          38|
    +---------------------+----------+----+---+----+------------+------------+

    * Multiplexer: 
    +-----------------+----+-----------+-----+-----------+
    |       Name      | LUT| Input Size| Bits| Total Bits|
    +-----------------+----+-----------+-----+-----------+
    |ap_NS_fsm        |  65|         16|    1|         16|
    |i_reg_142        |   9|          2|    5|         10|
    |k_fu_68          |   9|          2|   31|         62|
    |u_a_10_address0  |  26|          5|    7|         35|
    |u_a_10_ce0       |  26|          5|    1|          5|
    |u_a_10_d0        |  14|          3|   64|        192|
    |u_a_10_we0       |  14|          3|    1|          3|
    |u_a_11_address0  |  26|          5|    7|         35|
    |u_a_11_ce0       |  26|          5|    1|          5|
    |u_a_11_d0        |  14|          3|   64|        192|
    |u_a_11_we0       |  14|          3|    1|          3|
    |u_a_1_address0   |  26|          5|    7|         35|
    |u_a_1_ce0        |  26|          5|    1|          5|
    |u_a_1_d0         |  14|          3|   64|        192|
    |u_a_1_we0        |  14|          3|    1|          3|
    |u_a_2_address0   |  26|          5|    7|         35|
    |u_a_2_ce0        |  26|          5|    1|          5|
    |u_a_2_d0         |  14|          3|   64|        192|
    |u_a_2_we0        |  14|          3|    1|          3|
    |u_a_3_address0   |  26|          5|    7|         35|
    |u_a_3_ce0        |  26|          5|    1|          5|
    |u_a_3_d0         |  14|          3|   64|        192|
    |u_a_3_we0        |  14|          3|    1|          3|
    |u_a_4_address0   |  26|          5|    7|         35|
    |u_a_4_ce0        |  26|          5|    1|          5|
    |u_a_4_d0         |  14|          3|   64|        192|
    |u_a_4_we0        |  14|          3|    1|          3|
    |u_a_5_address0   |  26|          5|    7|         35|
    |u_a_5_ce0        |  26|          5|    1|          5|
    |u_a_5_d0         |  14|          3|   64|        192|
    |u_a_5_we0        |  14|          3|    1|          3|
    |u_a_6_address0   |  26|          5|    7|         35|
    |u_a_6_ce0        |  26|          5|    1|          5|
    |u_a_6_d0         |  14|          3|   64|        192|
    |u_a_6_we0        |  14|          3|    1|          3|
    |u_a_7_address0   |  26|          5|    7|         35|
    |u_a_7_ce0        |  26|          5|    1|          5|
    |u_a_7_d0         |  14|          3|   64|        192|
    |u_a_7_we0        |  14|          3|    1|          3|
    |u_a_8_address0   |  26|          5|    7|         35|
    |u_a_8_ce0        |  26|          5|    1|          5|
    |u_a_8_d0         |  14|          3|   64|        192|
    |u_a_8_we0        |  14|          3|    1|          3|
    |u_a_9_address0   |  26|          5|    7|         35|
    |u_a_9_ce0        |  26|          5|    1|          5|
    |u_a_9_d0         |  14|          3|   64|        192|
    |u_a_9_we0        |  14|          3|    1|          3|
    |u_a_address0     |  26|          5|    7|         35|
    |u_a_ce0          |  26|          5|    1|          5|
    |u_a_d0           |  14|          3|   64|        192|
    |u_a_we0          |  14|          3|    1|          3|
    |u_b_1_address0   |  20|          4|    8|         32|
    |u_b_1_ce0        |  20|          4|    1|          4|
    |u_b_1_d0         |  14|          3|   64|        192|
    |u_b_1_we0        |  14|          3|    1|          3|
    |u_b_2_address0   |  20|          4|    8|         32|
    |u_b_2_ce0        |  20|          4|    1|          4|
    |u_b_2_d0         |  14|          3|   64|        192|
    |u_b_2_we0        |  14|          3|    1|          3|
    |u_b_3_address0   |  20|          4|    8|         32|
    |u_b_3_ce0        |  20|          4|    1|          4|
    |u_b_3_d0         |  14|          3|   64|        192|
    |u_b_3_we0        |  14|          3|    1|          3|
    |u_b_address0     |  20|          4|    8|         32|
    |u_b_ce0          |  20|          4|    1|          4|
    |u_b_d0           |  14|          3|   64|        192|
    |u_b_we0          |  14|          3|    1|          3|
    +-----------------+----+-----------+-----+-----------+
    |Total            |1315|        268| 1209|       3832|
    +-----------------+----+-----------+-----+-----------+

    * Register: 
    +--------------------------------------------------------------------+----+----+-----+-----------+
    |                                Name                                | FF | LUT| Bits| Const Bits|
    +--------------------------------------------------------------------+----+----+-----+-----------+
    |add_ln104_reg_383                                                   |   5|   0|    5|          0|
    |add_ln84_reg_360                                                    |  31|   0|   31|          0|
    |ap_CS_fsm                                                           |  15|   0|   15|          0|
    |grp_heat2d_serial_hls_Pipeline_LOAD_I_LOAD_J_fu_154_ap_start_reg    |   1|   0|    1|          0|
    |grp_heat2d_serial_hls_Pipeline_STENCIL_J_fu_230_ap_start_reg        |   1|   0|    1|          0|
    |grp_heat2d_serial_hls_Pipeline_STORE_I_STORE_J_fu_192_ap_start_reg  |   1|   0|    1|          0|
    |grp_heat2d_serial_hls_Pipeline_SWAP_I_SWAP_J_fu_210_ap_start_reg    |   1|   0|    1|          0|
    |i_reg_142                                                           |   5|   0|    5|          0|
    |k_fu_68                                                             |  31|   0|   31|          0|
    |mul_ln104_reg_378                                                   |  11|   0|   11|          0|
    |mul_ln92_reg_368                                                    |  11|   0|   11|          0|
    |mul_ln93_reg_388                                                    |  11|   0|   11|          0|
    |num_steps_read_reg_352                                              |  32|   0|   32|          0|
    |trunc_ln92_reg_373                                                  |   2|   0|    2|          0|
    +--------------------------------------------------------------------+----+----+-----+-----------+
    |Total                                                               | 158|   0|  158|          0|
    +--------------------------------------------------------------------+----+----+-----+-----------+



================================================================
== Interface
================================================================
* Summary: 
+--------------------+-----+-----+------------+-------------------+--------------+
|      RTL Ports     | Dir | Bits|  Protocol  |   Source Object   |    C Type    |
+--------------------+-----+-----+------------+-------------------+--------------+
|s_axi_ctrl_AWVALID  |   in|    1|       s_axi|               ctrl|        scalar|
|s_axi_ctrl_AWREADY  |  out|    1|       s_axi|               ctrl|        scalar|
|s_axi_ctrl_AWADDR   |   in|    5|       s_axi|               ctrl|        scalar|
|s_axi_ctrl_WVALID   |   in|    1|       s_axi|               ctrl|        scalar|
|s_axi_ctrl_WREADY   |  out|    1|       s_axi|               ctrl|        scalar|
|s_axi_ctrl_WDATA    |   in|   32|       s_axi|               ctrl|        scalar|
|s_axi_ctrl_WSTRB    |   in|    4|       s_axi|               ctrl|        scalar|
|s_axi_ctrl_ARVALID  |   in|    1|       s_axi|               ctrl|        scalar|
|s_axi_ctrl_ARREADY  |  out|    1|       s_axi|               ctrl|        scalar|
|s_axi_ctrl_ARADDR   |   in|    5|       s_axi|               ctrl|        scalar|
|s_axi_ctrl_RVALID   |  out|    1|       s_axi|               ctrl|        scalar|
|s_axi_ctrl_RREADY   |   in|    1|       s_axi|               ctrl|        scalar|
|s_axi_ctrl_RDATA    |  out|   32|       s_axi|               ctrl|        scalar|
|s_axi_ctrl_RRESP    |  out|    2|       s_axi|               ctrl|        scalar|
|s_axi_ctrl_BVALID   |  out|    1|       s_axi|               ctrl|        scalar|
|s_axi_ctrl_BREADY   |   in|    1|       s_axi|               ctrl|        scalar|
|s_axi_ctrl_BRESP    |  out|    2|       s_axi|               ctrl|        scalar|
|ap_clk              |   in|    1|  ap_ctrl_hs|  heat2d_serial_hls|  return value|
|ap_rst_n            |   in|    1|  ap_ctrl_hs|  heat2d_serial_hls|  return value|
|ap_start            |   in|    1|  ap_ctrl_hs|  heat2d_serial_hls|  return value|
|ap_done             |  out|    1|  ap_ctrl_hs|  heat2d_serial_hls|  return value|
|ap_idle             |  out|    1|  ap_ctrl_hs|  heat2d_serial_hls|  return value|
|ap_ready            |  out|    1|  ap_ctrl_hs|  heat2d_serial_hls|  return value|
|u_in_address0       |  out|   10|   ap_memory|               u_in|         array|
|u_in_ce0            |  out|    1|   ap_memory|               u_in|         array|
|u_in_q0             |   in|   64|   ap_memory|               u_in|         array|
|u_out_address0      |  out|   10|   ap_memory|              u_out|         array|
|u_out_ce0           |  out|    1|   ap_memory|              u_out|         array|
|u_out_we0           |  out|    1|   ap_memory|              u_out|         array|
|u_out_d0            |  out|   64|   ap_memory|              u_out|         array|
+--------------------+-----+-----+------------+-------------------+--------------+

