

================================================================
== Vitis HLS Report for 'heat2d_serial_hls'
================================================================
* Date:           Fri Mar  6 15:07:54 2026

* Version:        2025.2 (Build 6295257 on Nov 14 2025)
* Project:        solver
* Solution:       hls (Vivado IP Flow Target)
* Product family: zynquplus
* Target device:  xczu5eg-sfvc784-1-i


================================================================
== Performance Estimates
================================================================
+ Timing: 
    * Summary: 
    +--------+----------+----------+------------+
    |  Clock |  Target  | Estimated| Uncertainty|
    +--------+----------+----------+------------+
    |ap_clk  |  10.00 ns|  8.334 ns|     1.25 ns|
    +--------+----------+----------+------------+

+ Latency: 
    * Summary: 
    +---------+----------+-----------+-----------+------+----------+---------+
    |  Latency (cycles)  |   Latency (absolute)  |     Interval    | Pipeline|
    |   min   |    max   |    min    |    max    |  min |    max   |   Type  |
    +---------+----------+-----------+-----------+------+----------+---------+
    |     5173|  31022071|  51.730 us|  0.310 sec|  5174|  31022072|       no|
    +---------+----------+-----------+-----------+------+----------+---------+

    + Detail: 
        * Instance: 
        N/A

        * Loop: 
        +--------------+---------+----------+----------+-----------+-----------+-----------+----------+
        |              |  Latency (cycles)  | Iteration|  Initiation Interval  |    Trip   |          |
        |   Loop Name  |   min   |    max   |  Latency |  achieved |   target  |   Count   | Pipelined|
        +--------------+---------+----------+----------+-----------+-----------+-----------+----------+
        |- TIME_LOOP   |     3102|  31020000|      3102|          -|          -|  1 ~ 10000|        no|
        | + STENCIL_I  |     2190|      2190|        73|          -|          -|         30|        no|
        +--------------+---------+----------+----------+-----------+-----------+-----------+----------+

============================================================
+ Verbose Summary: Synthesis Manager
============================================================
InlineROM: 1
ExposeGlobal: 0
============================================================
+ Verbose Summary: CDFG Model
============================================================
IsTopModel: 1
ResetActiveHigh: 1
IsCombinational: 0
IsDatapathOnly: 0
HasWiredReturn: 1
HasMFsm: 0
HasVarLatency: 1
IsPipeline: 0
IsRtlPipelined: 0
IsInstanceOverlapped: 0
IsDontTouch: 0
HasImplIP: 0
IsGatedGlobalClock: 0


============================================================
+ Verbose Summary: Schedule
============================================================
* Number of FSM states : 15
* Pipeline : 0
* Dataflow Pipeline: 0

* FSM state transitions: 
1 --> 2 
2 --> 3 
3 --> 15 4 
4 --> 5 14 
5 --> 6 
6 --> 7 
7 --> 8 
8 --> 9 
9 --> 10 
10 --> 11 
11 --> 12 
12 --> 13 
13 --> 4 
14 --> 3 
15 --> 

* FSM state operations: 

State 1 <SV = 0> <Delay = 0.48>
ST_1 : Operation 16 [1/1] (0.00ns)   --->   "%k = alloca i32 1"   --->   Operation 16 'alloca' 'k' <Predicate = true> <Delay = 0.00>
ST_1 : Operation 17 [1/1] (0.00ns)   --->   "%u_a = alloca i64 1" [../slopper/heat2d_hls/src/heat2d_serial_hls.cpp:62]   --->   Operation 17 'alloca' 'u_a' <Predicate = true> <Delay = 0.00>
ST_1 : Operation 18 [1/1] (0.00ns)   --->   "%u_a_1 = alloca i64 1" [../slopper/heat2d_hls/src/heat2d_serial_hls.cpp:62]   --->   Operation 18 'alloca' 'u_a_1' <Predicate = true> <Delay = 0.00>
ST_1 : Operation 19 [1/1] (0.00ns)   --->   "%u_a_2 = alloca i64 1" [../slopper/heat2d_hls/src/heat2d_serial_hls.cpp:62]   --->   Operation 19 'alloca' 'u_a_2' <Predicate = true> <Delay = 0.00>
ST_1 : Operation 20 [1/1] (0.00ns)   --->   "%u_a_3 = alloca i64 1" [../slopper/heat2d_hls/src/heat2d_serial_hls.cpp:62]   --->   Operation 20 'alloca' 'u_a_3' <Predicate = true> <Delay = 0.00>
ST_1 : Operation 21 [1/1] (0.00ns)   --->   "%u_a_4 = alloca i64 1" [../slopper/heat2d_hls/src/heat2d_serial_hls.cpp:62]   --->   Operation 21 'alloca' 'u_a_4' <Predicate = true> <Delay = 0.00>
ST_1 : Operation 22 [1/1] (0.00ns)   --->   "%u_a_5 = alloca i64 1" [../slopper/heat2d_hls/src/heat2d_serial_hls.cpp:62]   --->   Operation 22 'alloca' 'u_a_5' <Predicate = true> <Delay = 0.00>
ST_1 : Operation 23 [1/1] (0.00ns)   --->   "%u_a_6 = alloca i64 1" [../slopper/heat2d_hls/src/heat2d_serial_hls.cpp:62]   --->   Operation 23 'alloca' 'u_a_6' <Predicate = true> <Delay = 0.00>
ST_1 : Operation 24 [1/1] (0.00ns)   --->   "%u_a_7 = alloca i64 1" [../slopper/heat2d_hls/src/heat2d_serial_hls.cpp:62]   --->   Operation 24 'alloca' 'u_a_7' <Predicate = true> <Delay = 0.00>
ST_1 : Operation 25 [1/1] (0.00ns)   --->   "%u_a_8 = alloca i64 1" [../slopper/heat2d_hls/src/heat2d_serial_hls.cpp:62]   --->   Operation 25 'alloca' 'u_a_8' <Predicate = true> <Delay = 0.00>
ST_1 : Operation 26 [1/1] (0.00ns)   --->   "%u_a_9 = alloca i64 1" [../slopper/heat2d_hls/src/heat2d_serial_hls.cpp:62]   --->   Operation 26 'alloca' 'u_a_9' <Predicate = true> <Delay = 0.00>
ST_1 : Operation 27 [1/1] (0.00ns)   --->   "%u_a_10 = alloca i64 1" [../slopper/heat2d_hls/src/heat2d_serial_hls.cpp:62]   --->   Operation 27 'alloca' 'u_a_10' <Predicate = true> <Delay = 0.00>
ST_1 : Operation 28 [1/1] (0.00ns)   --->   "%u_a_11 = alloca i64 1" [../slopper/heat2d_hls/src/heat2d_serial_hls.cpp:62]   --->   Operation 28 'alloca' 'u_a_11' <Predicate = true> <Delay = 0.00>
ST_1 : Operation 29 [1/1] (0.00ns)   --->   "%u_b = alloca i64 1" [../slopper/heat2d_hls/src/heat2d_serial_hls.cpp:63]   --->   Operation 29 'alloca' 'u_b' <Predicate = true> <Delay = 0.00>
ST_1 : Operation 30 [1/1] (0.00ns)   --->   "%u_b_1 = alloca i64 1" [../slopper/heat2d_hls/src/heat2d_serial_hls.cpp:63]   --->   Operation 30 'alloca' 'u_b_1' <Predicate = true> <Delay = 0.00>
ST_1 : Operation 31 [1/1] (0.00ns)   --->   "%u_b_2 = alloca i64 1" [../slopper/heat2d_hls/src/heat2d_serial_hls.cpp:63]   --->   Operation 31 'alloca' 'u_b_2' <Predicate = true> <Delay = 0.00>
ST_1 : Operation 32 [1/1] (0.00ns)   --->   "%u_b_3 = alloca i64 1" [../slopper/heat2d_hls/src/heat2d_serial_hls.cpp:63]   --->   Operation 32 'alloca' 'u_b_3' <Predicate = true> <Delay = 0.00>
ST_1 : Operation 33 [2/2] (0.00ns)   --->   "%call_ln0 = call void @heat2d_serial_hls_Pipeline_LOAD_I_LOAD_J, i64 %u_in, i64 %u_a, i64 %u_a_1, i64 %u_a_2, i64 %u_a_3, i64 %u_a_4, i64 %u_a_5, i64 %u_a_6, i64 %u_a_7, i64 %u_a_8, i64 %u_a_9, i64 %u_a_10, i64 %u_a_11, i64 %u_b, i64 %u_b_1, i64 %u_b_2, i64 %u_b_3"   --->   Operation 33 'call' 'call_ln0' <Predicate = true> <Delay = 0.00> <CoreType = "Generic">   --->   Generic Core
ST_1 : Operation 34 [1/1] (0.48ns)   --->   "%store_ln0 = store i31 0, i31 %k"   --->   Operation 34 'store' 'store_ln0' <Predicate = true> <Delay = 0.48>

State 2 <SV = 1> <Delay = 1.00>
ST_2 : Operation 35 [1/1] (0.00ns)   --->   "%spectopmodule_ln46 = spectopmodule void @_ssdm_op_SpecTopModule, void @empty_0" [../slopper/heat2d_hls/src/heat2d_serial_hls.cpp:46]   --->   Operation 35 'spectopmodule' 'spectopmodule_ln46' <Predicate = true> <Delay = 0.00>
ST_2 : Operation 36 [1/1] (0.00ns)   --->   "%specinterface_ln0 = specinterface void @_ssdm_op_SpecInterface, i64 %u_in, void @empty_1, i32 0, i32 0, void @empty_2, i32 4294967295, i32 0, void @empty_2, void @empty_2, void @empty_2, i32 0, i32 0, i32 0, i32 0, void @empty_2, void @empty_2, i32 4294967295, i32 0, i32 0, i32 0"   --->   Operation 36 'specinterface' 'specinterface_ln0' <Predicate = true> <Delay = 0.00>
ST_2 : Operation 37 [1/1] (0.00ns)   --->   "%specbitsmap_ln0 = specbitsmap void @_ssdm_op_SpecBitsMap, i64 %u_in"   --->   Operation 37 'specbitsmap' 'specbitsmap_ln0' <Predicate = true> <Delay = 0.00>
ST_2 : Operation 38 [1/1] (0.00ns)   --->   "%specinterface_ln0 = specinterface void @_ssdm_op_SpecInterface, i64 %u_out, void @empty_1, i32 0, i32 0, void @empty_2, i32 4294967295, i32 0, void @empty_2, void @empty_2, void @empty_2, i32 0, i32 0, i32 0, i32 0, void @empty_2, void @empty_2, i32 4294967295, i32 0, i32 0, i32 0"   --->   Operation 38 'specinterface' 'specinterface_ln0' <Predicate = true> <Delay = 0.00>
ST_2 : Operation 39 [1/1] (0.00ns)   --->   "%specbitsmap_ln0 = specbitsmap void @_ssdm_op_SpecBitsMap, i64 %u_out"   --->   Operation 39 'specbitsmap' 'specbitsmap_ln0' <Predicate = true> <Delay = 0.00>
ST_2 : Operation 40 [1/1] (0.00ns)   --->   "%specbitsmap_ln0 = specbitsmap void @_ssdm_op_SpecBitsMap, i32 %num_steps"   --->   Operation 40 'specbitsmap' 'specbitsmap_ln0' <Predicate = true> <Delay = 0.00>
ST_2 : Operation 41 [1/1] (0.00ns)   --->   "%specinterface_ln0 = specinterface void @_ssdm_op_SpecInterface, i32 %num_steps, void @empty_3, i32 4294967295, i32 4294967295, void @empty_2, i32 0, i32 0, void @empty_4, void @empty, void @empty_2, i32 0, i32 0, i32 0, i32 0, void @empty_2, void @empty_2, i32 4294967295, i32 0, i32 0, i32 0"   --->   Operation 41 'specinterface' 'specinterface_ln0' <Predicate = true> <Delay = 0.00>
ST_2 : Operation 42 [1/1] (0.00ns)   --->   "%specinterface_ln0 = specinterface void @_ssdm_op_SpecInterface, i32 %num_steps, void @empty_8, i32 0, i32 0, void @empty_2, i32 0, i32 0, void @empty_2, void @empty_2, void @empty_2, i32 0, i32 0, i32 0, i32 0, void @empty_2, void @empty_2, i32 4294967295, i32 0, i32 0, i32 0"   --->   Operation 42 'specinterface' 'specinterface_ln0' <Predicate = true> <Delay = 0.00>
ST_2 : Operation 43 [1/1] (1.00ns)   --->   "%num_steps_read = read i32 @_ssdm_op_Read.s_axilite.i32, i32 %num_steps"   --->   Operation 43 'read' 'num_steps_read' <Predicate = true> <Delay = 1.00> <CoreInst = "s_axilite">   --->   Core 120 's_axilite' <Latency = 0> <II = 1> <Delay = 1.00> <Adapter> <Opcode : 'read' 'write'>
ST_2 : Operation 44 [1/2] (0.00ns)   --->   "%call_ln0 = call void @heat2d_serial_hls_Pipeline_LOAD_I_LOAD_J, i64 %u_in, i64 %u_a, i64 %u_a_1, i64 %u_a_2, i64 %u_a_3, i64 %u_a_4, i64 %u_a_5, i64 %u_a_6, i64 %u_a_7, i64 %u_a_8, i64 %u_a_9, i64 %u_a_10, i64 %u_a_11, i64 %u_b, i64 %u_b_1, i64 %u_b_2, i64 %u_b_3"   --->   Operation 44 'call' 'call_ln0' <Predicate = true> <Delay = 0.00> <CoreType = "Generic">   --->   Generic Core
ST_2 : Operation 45 [1/1] (0.00ns)   --->   "%br_ln84 = br void %STENCIL_I" [../slopper/heat2d_hls/src/heat2d_serial_hls.cpp:84]   --->   Operation 45 'br' 'br_ln84' <Predicate = true> <Delay = 0.00>

State 3 <SV = 2> <Delay = 1.69>
ST_3 : Operation 46 [1/1] (0.00ns)   --->   "%k_load = load i31 %k" [../slopper/heat2d_hls/src/heat2d_serial_hls.cpp:84]   --->   Operation 46 'load' 'k_load' <Predicate = true> <Delay = 0.00>
ST_3 : Operation 47 [1/1] (0.00ns)   --->   "%zext_ln84 = zext i31 %k_load" [../slopper/heat2d_hls/src/heat2d_serial_hls.cpp:84]   --->   Operation 47 'zext' 'zext_ln84' <Predicate = true> <Delay = 0.00>
ST_3 : Operation 48 [1/1] (1.20ns)   --->   "%icmp_ln84 = icmp_slt  i32 %zext_ln84, i32 %num_steps_read" [../slopper/heat2d_hls/src/heat2d_serial_hls.cpp:84]   --->   Operation 48 'icmp' 'icmp_ln84' <Predicate = true> <Delay = 1.20> <CoreInst = "Cmp">   --->   Core 9 'Cmp' <Latency = 0> <II = 1> <Delay = 1.20> <FuncUnit> <Opcode : 'seteq' 'setne' 'setle' 'setge' 'setlt' 'setgt'> <InPorts = 2> <OutPorts = 1>
ST_3 : Operation 49 [1/1] (1.19ns)   --->   "%add_ln84 = add i31 %k_load, i31 1" [../slopper/heat2d_hls/src/heat2d_serial_hls.cpp:84]   --->   Operation 49 'add' 'add_ln84' <Predicate = true> <Delay = 1.19> <CoreInst = "Adder">   --->   Core 1 'Adder' <Latency = 0> <II = 1> <Delay = 1.19> <FuncUnit> <Opcode : 'add' 'sub'> <InPorts = 2> <OutPorts = 1>
ST_3 : Operation 50 [1/1] (0.00ns)   --->   "%br_ln84 = br i1 %icmp_ln84, void %for.inc113.preheader, void %STENCIL_I.split" [../slopper/heat2d_hls/src/heat2d_serial_hls.cpp:84]   --->   Operation 50 'br' 'br_ln84' <Predicate = true> <Delay = 0.00>
ST_3 : Operation 51 [1/1] (0.00ns)   --->   "%speclooptripcount_ln85 = speclooptripcount void @_ssdm_op_SpecLoopTripCount, i64 1, i64 10000, i64 10000" [../slopper/heat2d_hls/src/heat2d_serial_hls.cpp:85]   --->   Operation 51 'speclooptripcount' 'speclooptripcount_ln85' <Predicate = (icmp_ln84)> <Delay = 0.00>
ST_3 : Operation 52 [1/1] (0.00ns)   --->   "%specloopname_ln84 = specloopname void @_ssdm_op_SpecLoopName, void @empty_5" [../slopper/heat2d_hls/src/heat2d_serial_hls.cpp:84]   --->   Operation 52 'specloopname' 'specloopname_ln84' <Predicate = (icmp_ln84)> <Delay = 0.00>
ST_3 : Operation 53 [1/1] (0.48ns)   --->   "%br_ln92 = br void %STENCIL_J" [../slopper/heat2d_hls/src/heat2d_serial_hls.cpp:92]   --->   Operation 53 'br' 'br_ln92' <Predicate = (icmp_ln84)> <Delay = 0.48>
ST_3 : Operation 54 [2/2] (0.00ns)   --->   "%call_ln0 = call void @heat2d_serial_hls_Pipeline_STORE_I_STORE_J, i64 %u_out, i64 %u_a, i64 %u_a_1, i64 %u_a_2, i64 %u_a_3, i64 %u_a_4, i64 %u_a_5, i64 %u_a_6, i64 %u_a_7, i64 %u_a_8, i64 %u_a_9, i64 %u_a_10, i64 %u_a_11"   --->   Operation 54 'call' 'call_ln0' <Predicate = (!icmp_ln84)> <Delay = 0.00> <CoreType = "Generic">   --->   Generic Core

State 4 <SV = 3> <Delay = 1.53>
ST_4 : Operation 55 [1/1] (0.00ns)   --->   "%i = phi i5 1, void %STENCIL_I.split, i5 %add_ln104, void %STENCIL_J.split" [../slopper/heat2d_hls/src/heat2d_serial_hls.cpp:104]   --->   Operation 55 'phi' 'i' <Predicate = true> <Delay = 0.00>
ST_4 : Operation 56 [1/1] (0.87ns)   --->   "%icmp_ln92 = icmp_eq  i5 %i, i5 31" [../slopper/heat2d_hls/src/heat2d_serial_hls.cpp:92]   --->   Operation 56 'icmp' 'icmp_ln92' <Predicate = true> <Delay = 0.87> <CoreInst = "Cmp">   --->   Core 9 'Cmp' <Latency = 0> <II = 1> <Delay = 0.87> <FuncUnit> <Opcode : 'seteq' 'setne' 'setle' 'setge' 'setlt' 'setgt'> <InPorts = 2> <OutPorts = 1>
ST_4 : Operation 57 [1/1] (0.00ns)   --->   "%br_ln92 = br i1 %icmp_ln92, void %STENCIL_J.split, void %for.inc86.preheader" [../slopper/heat2d_hls/src/heat2d_serial_hls.cpp:92]   --->   Operation 57 'br' 'br_ln92' <Predicate = true> <Delay = 0.00>
ST_4 : Operation 58 [9/9] (1.53ns)   --->   "%urem_ln92 = urem i5 %i, i5 3" [../slopper/heat2d_hls/src/heat2d_serial_hls.cpp:92]   --->   Operation 58 'urem' 'urem_ln92' <Predicate = (!icmp_ln92)> <Delay = 1.53> <CoreInst = "DivnS_SEQ">   --->   Core 7 'DivnS_SEQ' <Latency = 8> <II = 2> <Delay = 1.53> <FuncUnit> <Opcode : 'udiv' 'sdiv' 'urem' 'srem'> <InPorts = 2> <OutPorts = 1>
ST_4 : Operation 59 [2/2] (0.00ns)   --->   "%call_ln0 = call void @heat2d_serial_hls_Pipeline_SWAP_I_SWAP_J, i64 %u_a, i64 %u_a_1, i64 %u_a_2, i64 %u_a_3, i64 %u_a_4, i64 %u_a_5, i64 %u_a_6, i64 %u_a_7, i64 %u_a_8, i64 %u_a_9, i64 %u_a_10, i64 %u_a_11, i64 %u_b, i64 %u_b_1, i64 %u_b_2, i64 %u_b_3"   --->   Operation 59 'call' 'call_ln0' <Predicate = (icmp_ln92)> <Delay = 0.00> <CoreType = "Generic">   --->   Generic Core
ST_4 : Operation 60 [1/1] (0.48ns)   --->   "%store_ln84 = store i31 %add_ln84, i31 %k" [../slopper/heat2d_hls/src/heat2d_serial_hls.cpp:84]   --->   Operation 60 'store' 'store_ln84' <Predicate = (icmp_ln92)> <Delay = 0.48>

State 5 <SV = 4> <Delay = 1.53>
ST_5 : Operation 61 [8/9] (1.53ns)   --->   "%urem_ln92 = urem i5 %i, i5 3" [../slopper/heat2d_hls/src/heat2d_serial_hls.cpp:92]   --->   Operation 61 'urem' 'urem_ln92' <Predicate = true> <Delay = 1.53> <CoreInst = "DivnS_SEQ">   --->   Core 7 'DivnS_SEQ' <Latency = 8> <II = 2> <Delay = 1.53> <FuncUnit> <Opcode : 'udiv' 'sdiv' 'urem' 'srem'> <InPorts = 2> <OutPorts = 1>

State 6 <SV = 5> <Delay = 1.53>
ST_6 : Operation 62 [7/9] (1.53ns)   --->   "%urem_ln92 = urem i5 %i, i5 3" [../slopper/heat2d_hls/src/heat2d_serial_hls.cpp:92]   --->   Operation 62 'urem' 'urem_ln92' <Predicate = true> <Delay = 1.53> <CoreInst = "DivnS_SEQ">   --->   Core 7 'DivnS_SEQ' <Latency = 8> <II = 2> <Delay = 1.53> <FuncUnit> <Opcode : 'udiv' 'sdiv' 'urem' 'srem'> <InPorts = 2> <OutPorts = 1>

State 7 <SV = 6> <Delay = 1.53>
ST_7 : Operation 63 [6/9] (1.53ns)   --->   "%urem_ln92 = urem i5 %i, i5 3" [../slopper/heat2d_hls/src/heat2d_serial_hls.cpp:92]   --->   Operation 63 'urem' 'urem_ln92' <Predicate = true> <Delay = 1.53> <CoreInst = "DivnS_SEQ">   --->   Core 7 'DivnS_SEQ' <Latency = 8> <II = 2> <Delay = 1.53> <FuncUnit> <Opcode : 'udiv' 'sdiv' 'urem' 'srem'> <InPorts = 2> <OutPorts = 1>

State 8 <SV = 7> <Delay = 1.53>
ST_8 : Operation 64 [5/9] (1.53ns)   --->   "%urem_ln92 = urem i5 %i, i5 3" [../slopper/heat2d_hls/src/heat2d_serial_hls.cpp:92]   --->   Operation 64 'urem' 'urem_ln92' <Predicate = true> <Delay = 1.53> <CoreInst = "DivnS_SEQ">   --->   Core 7 'DivnS_SEQ' <Latency = 8> <II = 2> <Delay = 1.53> <FuncUnit> <Opcode : 'udiv' 'sdiv' 'urem' 'srem'> <InPorts = 2> <OutPorts = 1>

State 9 <SV = 8> <Delay = 1.53>
ST_9 : Operation 65 [4/9] (1.53ns)   --->   "%urem_ln92 = urem i5 %i, i5 3" [../slopper/heat2d_hls/src/heat2d_serial_hls.cpp:92]   --->   Operation 65 'urem' 'urem_ln92' <Predicate = true> <Delay = 1.53> <CoreInst = "DivnS_SEQ">   --->   Core 7 'DivnS_SEQ' <Latency = 8> <II = 2> <Delay = 1.53> <FuncUnit> <Opcode : 'udiv' 'sdiv' 'urem' 'srem'> <InPorts = 2> <OutPorts = 1>

State 10 <SV = 9> <Delay = 1.53>
ST_10 : Operation 66 [3/9] (1.53ns)   --->   "%urem_ln92 = urem i5 %i, i5 3" [../slopper/heat2d_hls/src/heat2d_serial_hls.cpp:92]   --->   Operation 66 'urem' 'urem_ln92' <Predicate = true> <Delay = 1.53> <CoreInst = "DivnS_SEQ">   --->   Core 7 'DivnS_SEQ' <Latency = 8> <II = 2> <Delay = 1.53> <FuncUnit> <Opcode : 'udiv' 'sdiv' 'urem' 'srem'> <InPorts = 2> <OutPorts = 1>

State 11 <SV = 10> <Delay = 1.53>
ST_11 : Operation 67 [2/9] (1.53ns)   --->   "%urem_ln92 = urem i5 %i, i5 3" [../slopper/heat2d_hls/src/heat2d_serial_hls.cpp:92]   --->   Operation 67 'urem' 'urem_ln92' <Predicate = true> <Delay = 1.53> <CoreInst = "DivnS_SEQ">   --->   Core 7 'DivnS_SEQ' <Latency = 8> <II = 2> <Delay = 1.53> <FuncUnit> <Opcode : 'udiv' 'sdiv' 'urem' 'srem'> <InPorts = 2> <OutPorts = 1>

State 12 <SV = 11> <Delay = 2.69>
ST_12 : Operation 68 [1/1] (0.00ns)   --->   "%zext_ln92 = zext i5 %i" [../slopper/heat2d_hls/src/heat2d_serial_hls.cpp:92]   --->   Operation 68 'zext' 'zext_ln92' <Predicate = true> <Delay = 0.00>
ST_12 : Operation 69 [1/1] (1.82ns)   --->   "%mul_ln92 = mul i11 %zext_ln92, i11 43" [../slopper/heat2d_hls/src/heat2d_serial_hls.cpp:92]   --->   Operation 69 'mul' 'mul_ln92' <Predicate = true> <Delay = 1.82> <CoreInst = "Multiplier">   --->   Core 3 'Multiplier' <Latency = 0> <II = 1> <Delay = 1.82> <FuncUnit> <Opcode : 'mul'> <InPorts = 2> <OutPorts = 1>
ST_12 : Operation 70 [1/9] (1.53ns)   --->   "%urem_ln92 = urem i5 %i, i5 3" [../slopper/heat2d_hls/src/heat2d_serial_hls.cpp:92]   --->   Operation 70 'urem' 'urem_ln92' <Predicate = true> <Delay = 1.53> <CoreInst = "DivnS_SEQ">   --->   Core 7 'DivnS_SEQ' <Latency = 8> <II = 2> <Delay = 1.53> <FuncUnit> <Opcode : 'udiv' 'sdiv' 'urem' 'srem'> <InPorts = 2> <OutPorts = 1>
ST_12 : Operation 71 [1/1] (0.00ns)   --->   "%trunc_ln92 = trunc i2 %urem_ln92" [../slopper/heat2d_hls/src/heat2d_serial_hls.cpp:92]   --->   Operation 71 'trunc' 'trunc_ln92' <Predicate = true> <Delay = 0.00>
ST_12 : Operation 72 [1/1] (0.87ns)   --->   "%add_ln103 = add i5 %i, i5 31" [../slopper/heat2d_hls/src/heat2d_serial_hls.cpp:103]   --->   Operation 72 'add' 'add_ln103' <Predicate = true> <Delay = 0.87> <CoreInst = "Adder">   --->   Core 1 'Adder' <Latency = 0> <II = 1> <Delay = 0.87> <FuncUnit> <Opcode : 'add' 'sub'> <InPorts = 2> <OutPorts = 1>
ST_12 : Operation 73 [1/1] (0.00ns)   --->   "%zext_ln104 = zext i5 %add_ln103" [../slopper/heat2d_hls/src/heat2d_serial_hls.cpp:104]   --->   Operation 73 'zext' 'zext_ln104' <Predicate = true> <Delay = 0.00>
ST_12 : Operation 74 [1/1] (1.82ns)   --->   "%mul_ln104 = mul i11 %zext_ln104, i11 43" [../slopper/heat2d_hls/src/heat2d_serial_hls.cpp:104]   --->   Operation 74 'mul' 'mul_ln104' <Predicate = true> <Delay = 1.82> <CoreInst = "Multiplier">   --->   Core 3 'Multiplier' <Latency = 0> <II = 1> <Delay = 1.82> <FuncUnit> <Opcode : 'mul'> <InPorts = 2> <OutPorts = 1>
ST_12 : Operation 75 [1/1] (0.87ns)   --->   "%add_ln104 = add i5 %i, i5 1" [../slopper/heat2d_hls/src/heat2d_serial_hls.cpp:104]   --->   Operation 75 'add' 'add_ln104' <Predicate = true> <Delay = 0.87> <CoreInst = "Adder">   --->   Core 1 'Adder' <Latency = 0> <II = 1> <Delay = 0.87> <FuncUnit> <Opcode : 'add' 'sub'> <InPorts = 2> <OutPorts = 1>
ST_12 : Operation 76 [1/1] (0.00ns)   --->   "%zext_ln93 = zext i5 %add_ln104" [../slopper/heat2d_hls/src/heat2d_serial_hls.cpp:93]   --->   Operation 76 'zext' 'zext_ln93' <Predicate = true> <Delay = 0.00>
ST_12 : Operation 77 [1/1] (1.82ns)   --->   "%mul_ln93 = mul i11 %zext_ln93, i11 43" [../slopper/heat2d_hls/src/heat2d_serial_hls.cpp:93]   --->   Operation 77 'mul' 'mul_ln93' <Predicate = true> <Delay = 1.82> <CoreInst = "Multiplier">   --->   Core 3 'Multiplier' <Latency = 0> <II = 1> <Delay = 1.82> <FuncUnit> <Opcode : 'mul'> <InPorts = 2> <OutPorts = 1>
ST_12 : Operation 78 [2/2] (0.00ns)   --->   "%call_ln92 = call void @heat2d_serial_hls_Pipeline_STENCIL_J, i11 %mul_ln92, i64 %u_a, i11 %mul_ln104, i11 %mul_ln93, i64 %u_a_1, i64 %u_a_2, i64 %u_a_3, i64 %u_a_4, i64 %u_a_5, i64 %u_a_6, i64 %u_a_7, i64 %u_a_8, i64 %u_a_9, i64 %u_a_10, i64 %u_a_11, i5 %i, i64 %u_b, i64 %u_b_1, i64 %u_b_2, i64 %u_b_3, i2 %trunc_ln92" [../slopper/heat2d_hls/src/heat2d_serial_hls.cpp:92]   --->   Operation 78 'call' 'call_ln92' <Predicate = true> <Delay = 0.00> <CoreType = "Generic">   --->   Generic Core

State 13 <SV = 12> <Delay = 0.00>
ST_13 : Operation 79 [1/1] (0.00ns)   --->   "%speclooptripcount_ln92 = speclooptripcount void @_ssdm_op_SpecLoopTripCount, i64 30, i64 30, i64 30" [../slopper/heat2d_hls/src/heat2d_serial_hls.cpp:92]   --->   Operation 79 'speclooptripcount' 'speclooptripcount_ln92' <Predicate = true> <Delay = 0.00>
ST_13 : Operation 80 [1/1] (0.00ns)   --->   "%specloopname_ln92 = specloopname void @_ssdm_op_SpecLoopName, void @empty_7" [../slopper/heat2d_hls/src/heat2d_serial_hls.cpp:92]   --->   Operation 80 'specloopname' 'specloopname_ln92' <Predicate = true> <Delay = 0.00>
ST_13 : Operation 81 [1/2] (0.00ns)   --->   "%call_ln92 = call void @heat2d_serial_hls_Pipeline_STENCIL_J, i11 %mul_ln92, i64 %u_a, i11 %mul_ln104, i11 %mul_ln93, i64 %u_a_1, i64 %u_a_2, i64 %u_a_3, i64 %u_a_4, i64 %u_a_5, i64 %u_a_6, i64 %u_a_7, i64 %u_a_8, i64 %u_a_9, i64 %u_a_10, i64 %u_a_11, i5 %i, i64 %u_b, i64 %u_b_1, i64 %u_b_2, i64 %u_b_3, i2 %trunc_ln92" [../slopper/heat2d_hls/src/heat2d_serial_hls.cpp:92]   --->   Operation 81 'call' 'call_ln92' <Predicate = true> <Delay = 0.00> <CoreType = "Generic">   --->   Generic Core
ST_13 : Operation 82 [1/1] (0.00ns)   --->   "%br_ln92 = br void %STENCIL_J" [../slopper/heat2d_hls/src/heat2d_serial_hls.cpp:92]   --->   Operation 82 'br' 'br_ln92' <Predicate = true> <Delay = 0.00>

State 14 <SV = 4> <Delay = 0.00>
ST_14 : Operation 83 [1/2] (0.00ns)   --->   "%call_ln0 = call void @heat2d_serial_hls_Pipeline_SWAP_I_SWAP_J, i64 %u_a, i64 %u_a_1, i64 %u_a_2, i64 %u_a_3, i64 %u_a_4, i64 %u_a_5, i64 %u_a_6, i64 %u_a_7, i64 %u_a_8, i64 %u_a_9, i64 %u_a_10, i64 %u_a_11, i64 %u_b, i64 %u_b_1, i64 %u_b_2, i64 %u_b_3"   --->   Operation 83 'call' 'call_ln0' <Predicate = true> <Delay = 0.00> <CoreType = "Generic">   --->   Generic Core
ST_14 : Operation 84 [1/1] (0.00ns)   --->   "%br_ln84 = br void %STENCIL_I" [../slopper/heat2d_hls/src/heat2d_serial_hls.cpp:84]   --->   Operation 84 'br' 'br_ln84' <Predicate = true> <Delay = 0.00>

State 15 <SV = 3> <Delay = 0.00>
ST_15 : Operation 85 [1/2] (0.00ns)   --->   "%call_ln0 = call void @heat2d_serial_hls_Pipeline_STORE_I_STORE_J, i64 %u_out, i64 %u_a, i64 %u_a_1, i64 %u_a_2, i64 %u_a_3, i64 %u_a_4, i64 %u_a_5, i64 %u_a_6, i64 %u_a_7, i64 %u_a_8, i64 %u_a_9, i64 %u_a_10, i64 %u_a_11"   --->   Operation 85 'call' 'call_ln0' <Predicate = true> <Delay = 0.00> <CoreType = "Generic">   --->   Generic Core
ST_15 : Operation 86 [1/1] (0.00ns)   --->   "%ret_ln131 = ret" [../slopper/heat2d_hls/src/heat2d_serial_hls.cpp:131]   --->   Operation 86 'ret' 'ret_ln131' <Predicate = true> <Delay = 0.00>


============================================================
+ Verbose Summary: Timing violations
============================================================
Target clock period: 10.000ns, clock uncertainty: 1.250ns.

 <State 1>: 0.489ns
The critical path consists of the following:
	'alloca' operation 31 bit ('k') [4]  (0.000 ns)
	'store' operation ('store_ln0') of constant 0 31 bit on local variable 'k' [31]  (0.489 ns)

 <State 2>: 1.000ns
The critical path consists of the following:
	s_axi read operation ('num_steps_read') on port 'num_steps' [13]  (1.000 ns)

 <State 3>: 1.692ns
The critical path consists of the following:
	'load' operation 31 bit ('k_load', ../slopper/heat2d_hls/src/heat2d_serial_hls.cpp:84) on local variable 'k' [34]  (0.000 ns)
	'icmp' operation 1 bit ('icmp_ln84', ../slopper/heat2d_hls/src/heat2d_serial_hls.cpp:84) [36]  (1.203 ns)
	blocking operation 0.489 ns on control path)

 <State 4>: 1.534ns
The critical path consists of the following:
	'phi' operation 5 bit ('i', ../slopper/heat2d_hls/src/heat2d_serial_hls.cpp:104) with incoming values : ('add_ln104', ../slopper/heat2d_hls/src/heat2d_serial_hls.cpp:104) [44]  (0.000 ns)
	'urem' operation 2 bit ('urem_ln92', ../slopper/heat2d_hls/src/heat2d_serial_hls.cpp:92) [52]  (1.534 ns)

 <State 5>: 1.534ns
The critical path consists of the following:
	'urem' operation 2 bit ('urem_ln92', ../slopper/heat2d_hls/src/heat2d_serial_hls.cpp:92) [52]  (1.534 ns)

 <State 6>: 1.534ns
The critical path consists of the following:
	'urem' operation 2 bit ('urem_ln92', ../slopper/heat2d_hls/src/heat2d_serial_hls.cpp:92) [52]  (1.534 ns)

 <State 7>: 1.534ns
The critical path consists of the following:
	'urem' operation 2 bit ('urem_ln92', ../slopper/heat2d_hls/src/heat2d_serial_hls.cpp:92) [52]  (1.534 ns)

 <State 8>: 1.534ns
The critical path consists of the following:
	'urem' operation 2 bit ('urem_ln92', ../slopper/heat2d_hls/src/heat2d_serial_hls.cpp:92) [52]  (1.534 ns)

 <State 9>: 1.534ns
The critical path consists of the following:
	'urem' operation 2 bit ('urem_ln92', ../slopper/heat2d_hls/src/heat2d_serial_hls.cpp:92) [52]  (1.534 ns)

 <State 10>: 1.534ns
The critical path consists of the following:
	'urem' operation 2 bit ('urem_ln92', ../slopper/heat2d_hls/src/heat2d_serial_hls.cpp:92) [52]  (1.534 ns)

 <State 11>: 1.534ns
The critical path consists of the following:
	'urem' operation 2 bit ('urem_ln92', ../slopper/heat2d_hls/src/heat2d_serial_hls.cpp:92) [52]  (1.534 ns)

 <State 12>: 2.698ns
The critical path consists of the following:
	'add' operation 5 bit ('add_ln103', ../slopper/heat2d_hls/src/heat2d_serial_hls.cpp:103) [54]  (0.878 ns)
	'mul' operation 11 bit ('mul_ln104', ../slopper/heat2d_hls/src/heat2d_serial_hls.cpp:104) [56]  (1.820 ns)

 <State 13>: 0.000ns
The critical path consists of the following:

 <State 14>: 0.000ns
The critical path consists of the following:

 <State 15>: 0.000ns
The critical path consists of the following:


============================================================
+ Verbose Summary: Binding
============================================================
N/A
* FSMD analyzer results:
  - Output states:
 - Input state : 
  - Chain level:
	State 1
	State 2
	State 3
	State 4
	State 5
	State 6
	State 7
	State 8
	State 9
	State 10
	State 11
	State 12
	State 13
	State 14
	State 15


============================================================
+ Verbose Summary: Datapath Resource usage 
============================================================
N/A
