

================================================================
== Vitis HLS Report for 'heat2d_serial_hls'
================================================================
* Date:           Fri Mar  6 15:07:54 2026

* Version:        2025.2 (Build 6295257 on Nov 14 2025)
* Project:        solver
* Solution:       hls (Vivado IP Flow Target)
* Product family: zynquplus
* Target device:  xczu5eg-sfvc784-1-i


================================================================
== Performance Estimates
================================================================
+ Timing: 
    * Summary: 
    +--------+----------+----------+------------+
    |  Clock |  Target  | Estimated| Uncertainty|
    +--------+----------+----------+------------+
    |ap_clk  |  10.00 ns|  8.334 ns|     1.25 ns|
    +--------+----------+----------+------------+

+ Latency: 
    * Summary: 
    +---------+----------+-----------+-----------+------+----------+---------+
    |  Latency (cycles)  |   Latency (absolute)  |     Interval    | Pipeline|
    |   min   |    max   |    min    |    max    |  min |    max   |   Type  |
    +---------+----------+-----------+-----------+------+----------+---------+
    |     5173|  31022071|  51.730 us|  0.310 sec|  5174|  31022072|       no|
    +---------+----------+-----------+-----------+------+----------+---------+

    + Detail: 
        * Instance: 
        +-------------------------------------------------------+--------------------------------------------+---------+---------+-----------+-----------+-----+-----+-------------------+
        |                                                       |                                            |  Latency (cycles) |   Latency (absolute)  |  Interval |      Pipeline     |
        |                        Instance                       |                   Module                   |   min   |   max   |    min    |    max    | min | max |        Type       |
        +-------------------------------------------------------+--------------------------------------------+---------+---------+-----------+-----------+-----+-----+-------------------+
        |grp_heat2d_serial_hls_Pipeline_LOAD_I_LOAD_J_fu_154    |heat2d_serial_hls_Pipeline_LOAD_I_LOAD_J    |     1034|     1034|  10.340 us|  10.340 us|    0|    0|  loop pipeline stp|
        |grp_heat2d_serial_hls_Pipeline_STORE_I_STORE_J_fu_192  |heat2d_serial_hls_Pipeline_STORE_I_STORE_J  |     1034|     1034|  10.340 us|  10.340 us|    0|    0|  loop pipeline stp|
        |grp_heat2d_serial_hls_Pipeline_SWAP_I_SWAP_J_fu_210    |heat2d_serial_hls_Pipeline_SWAP_I_SWAP_J    |      909|      909|   9.090 us|   9.090 us|    0|    0|  loop pipeline stp|
        |grp_heat2d_serial_hls_Pipeline_STENCIL_J_fu_230        |heat2d_serial_hls_Pipeline_STENCIL_J        |       63|       63|   0.630 us|   0.630 us|    0|    0|  loop pipeline stp|
        +-------------------------------------------------------+--------------------------------------------+---------+---------+-----------+-----------+-----+-----+-------------------+

        * Loop: 
        +--------------+---------+----------+----------+-----------+-----------+-----------+----------+
        |              |  Latency (cycles)  | Iteration|  Initiation Interval  |    Trip   |          |
        |   Loop Name  |   min   |    max   |  Latency |  achieved |   target  |   Count   | Pipelined|
        +--------------+---------+----------+----------+-----------+-----------+-----------+----------+
        |- TIME_LOOP   |     3102|  31020000|      3102|          -|          -|  1 ~ 10000|        no|
        | + STENCIL_I  |     2190|      2190|        73|          -|          -|         30|        no|
        +--------------+---------+----------+----------+-----------+-----------+-----------+----------+

============================================================
+ Verbose Summary: Synthesis Manager
============================================================
InlineROM: 1
ExposeGlobal: 0
============================================================
+ Verbose Summary: CDFG Model
============================================================
IsTopModel: 1
ResetActiveHigh: 1
IsCombinational: 0
IsDatapathOnly: 0
HasWiredReturn: 1
HasMFsm: 0
HasVarLatency: 1
IsPipeline: 0
IsRtlPipelined: 0
IsInstanceOverlapped: 0
IsDontTouch: 0
HasImplIP: 0
IsGatedGlobalClock: 0


============================================================
+ Verbose Summary: Schedule
============================================================
* Number of FSM states : 15
* Pipeline : 0
* Dataflow Pipeline: 0

* FSM state transitions: 
1 --> 2 
2 --> 3 
3 --> 15 4 
4 --> 5 14 
5 --> 6 
6 --> 7 
7 --> 8 
8 --> 9 
9 --> 10 
10 --> 11 
11 --> 12 
12 --> 13 
13 --> 4 
14 --> 3 
15 --> 

* FSM state operations: 

State 1 <SV = 0> <Delay = 1.35>
ST_1 : Operation 16 [1/1] (0.00ns)   --->   "%k = alloca i32 1"   --->   Operation 16 'alloca' 'k' <Predicate = true> <Delay = 0.00>
ST_1 : Operation 17 [1/1] (1.35ns)   --->   "%u_a = alloca i64 1" [../slopper/heat2d_hls/src/heat2d_serial_hls.cpp:62]   --->   Operation 17 'alloca' 'u_a' <Predicate = true> <Delay = 1.35>
ST_1 : Operation 18 [1/1] (1.35ns)   --->   "%u_a_1 = alloca i64 1" [../slopper/heat2d_hls/src/heat2d_serial_hls.cpp:62]   --->   Operation 18 'alloca' 'u_a_1' <Predicate = true> <Delay = 1.35>
ST_1 : Operation 19 [1/1] (1.35ns)   --->   "%u_a_2 = alloca i64 1" [../slopper/heat2d_hls/src/heat2d_serial_hls.cpp:62]   --->   Operation 19 'alloca' 'u_a_2' <Predicate = true> <Delay = 1.35>
ST_1 : Operation 20 [1/1] (1.35ns)   --->   "%u_a_3 = alloca i64 1" [../slopper/heat2d_hls/src/heat2d_serial_hls.cpp:62]   --->   Operation 20 'alloca' 'u_a_3' <Predicate = true> <Delay = 1.35>
ST_1 : Operation 21 [1/1] (1.35ns)   --->   "%u_a_4 = alloca i64 1" [../slopper/heat2d_hls/src/heat2d_serial_hls.cpp:62]   --->   Operation 21 'alloca' 'u_a_4' <Predicate = true> <Delay = 1.35>
ST_1 : Operation 22 [1/1] (1.35ns)   --->   "%u_a_5 = alloca i64 1" [../slopper/heat2d_hls/src/heat2d_serial_hls.cpp:62]   --->   Operation 22 'alloca' 'u_a_5' <Predicate = true> <Delay = 1.35>
ST_1 : Operation 23 [1/1] (1.35ns)   --->   "%u_a_6 = alloca i64 1" [../slopper/heat2d_hls/src/heat2d_serial_hls.cpp:62]   --->   Operation 23 'alloca' 'u_a_6' <Predicate = true> <Delay = 1.35>
ST_1 : Operation 24 [1/1] (1.35ns)   --->   "%u_a_7 = alloca i64 1" [../slopper/heat2d_hls/src/heat2d_serial_hls.cpp:62]   --->   Operation 24 'alloca' 'u_a_7' <Predicate = true> <Delay = 1.35>
ST_1 : Operation 25 [1/1] (1.35ns)   --->   "%u_a_8 = alloca i64 1" [../slopper/heat2d_hls/src/heat2d_serial_hls.cpp:62]   --->   Operation 25 'alloca' 'u_a_8' <Predicate = true> <Delay = 1.35>
ST_1 : Operation 26 [1/1] (1.35ns)   --->   "%u_a_9 = alloca i64 1" [../slopper/heat2d_hls/src/heat2d_serial_hls.cpp:62]   --->   Operation 26 'alloca' 'u_a_9' <Predicate = true> <Delay = 1.35>
ST_1 : Operation 27 [1/1] (1.35ns)   --->   "%u_a_10 = alloca i64 1" [../slopper/heat2d_hls/src/heat2d_serial_hls.cpp:62]   --->   Operation 27 'alloca' 'u_a_10' <Predicate = true> <Delay = 1.35>
ST_1 : Operation 28 [1/1] (1.35ns)   --->   "%u_a_11 = alloca i64 1" [../slopper/heat2d_hls/src/heat2d_serial_hls.cpp:62]   --->   Operation 28 'alloca' 'u_a_11' <Predicate = true> <Delay = 1.35>
ST_1 : Operation 29 [1/1] (1.35ns)   --->   "%u_b = alloca i64 1" [../slopper/heat2d_hls/src/heat2d_serial_hls.cpp:63]   --->   Operation 29 'alloca' 'u_b' <Predicate = true> <Delay = 1.35>
ST_1 : Operation 30 [1/1] (1.35ns)   --->   "%u_b_1 = alloca i64 1" [../slopper/heat2d_hls/src/heat2d_serial_hls.cpp:63]   --->   Operation 30 'alloca' 'u_b_1' <Predicate = true> <Delay = 1.35>
ST_1 : Operation 31 [1/1] (1.35ns)   --->   "%u_b_2 = alloca i64 1" [../slopper/heat2d_hls/src/heat2d_serial_hls.cpp:63]   --->   Operation 31 'alloca' 'u_b_2' <Predicate = true> <Delay = 1.35>
ST_1 : Operation 32 [1/1] (1.35ns)   --->   "%u_b_3 = alloca i64 1" [../slopper/heat2d_hls/src/heat2d_serial_hls.cpp:63]   --->   Operation 32 'alloca' 'u_b_3' <Predicate = true> <Delay = 1.35>
ST_1 : Operation 33 [2/2] (0.00ns)   --->   "%call_ln0 = call void @heat2d_serial_hls_Pipeline_LOAD_I_LOAD_J, i64 %u_in, i64 %u_a, i64 %u_a_1, i64 %u_a_2, i64 %u_a_3, i64 %u_a_4, i64 %u_a_5, i64 %u_a_6, i64 %u_a_7, i64 %u_a_8, i64 %u_a_9, i64 %u_a_10, i64 %u_a_11, i64 %u_b, i64 %u_b_1, i64 %u_b_2, i64 %u_b_3"   --->   Operation 33 'call' 'call_ln0' <Predicate = true> <Delay = 0.00> <CoreType = "Generic">   --->   Generic Core
ST_1 : Operation 34 [1/1] (0.48ns)   --->   "%store_ln0 = store i31 0, i31 %k"   --->   Operation 34 'store' 'store_ln0' <Predicate = true> <Delay = 0.48>

State 2 <SV = 1> <Delay = 1.00>
ST_2 : Operation 35 [1/1] (0.00ns)   --->   "%spectopmodule_ln46 = spectopmodule void @_ssdm_op_SpecTopModule, void @empty_0" [../slopper/heat2d_hls/src/heat2d_serial_hls.cpp:46]   --->   Operation 35 'spectopmodule' 'spectopmodule_ln46' <Predicate = true> <Delay = 0.00>
ST_2 : Operation 36 [1/1] (0.00ns)   --->   "%specinterface_ln0 = specinterface void @_ssdm_op_SpecInterface, i64 %u_in, void @empty_1, i32 0, i32 0, void @empty_2, i32 4294967295, i32 0, void @empty_2, void @empty_2, void @empty_2, i32 0, i32 0, i32 0, i32 0, void @empty_2, void @empty_2, i32 4294967295, i32 0, i32 0, i32 0"   --->   Operation 36 'specinterface' 'specinterface_ln0' <Predicate = true> <Delay = 0.00>
ST_2 : Operation 37 [1/1] (0.00ns)   --->   "%specbitsmap_ln0 = specbitsmap void @_ssdm_op_SpecBitsMap, i64 %u_in"   --->   Operation 37 'specbitsmap' 'specbitsmap_ln0' <Predicate = true> <Delay = 0.00>
ST_2 : Operation 38 [1/1] (0.00ns)   --->   "%specinterface_ln0 = specinterface void @_ssdm_op_SpecInterface, i64 %u_out, void @empty_1, i32 0, i32 0, void @empty_2, i32 4294967295, i32 0, void @empty_2, void @empty_2, void @empty_2, i32 0, i32 0, i32 0, i32 0, void @empty_2, void @empty_2, i32 4294967295, i32 0, i32 0, i32 0"   --->   Operation 38 'specinterface' 'specinterface_ln0' <Predicate = true> <Delay = 0.00>
ST_2 : Operation 39 [1/1] (0.00ns)   --->   "%specbitsmap_ln0 = specbitsmap void @_ssdm_op_SpecBitsMap, i64 %u_out"   --->   Operation 39 'specbitsmap' 'specbitsmap_ln0' <Predicate = true> <Delay = 0.00>
ST_2 : Operation 40 [1/1] (0.00ns)   --->   "%specbitsmap_ln0 = specbitsmap void @_ssdm_op_SpecBitsMap, i32 %num_steps"   --->   Operation 40 'specbitsmap' 'specbitsmap_ln0' <Predicate = true> <Delay = 0.00>
ST_2 : Operation 41 [1/1] (0.00ns)   --->   "%specinterface_ln0 = specinterface void @_ssdm_op_SpecInterface, i32 %num_steps, void @empty_3, i32 4294967295, i32 4294967295, void @empty_2, i32 0, i32 0, void @empty_4, void @empty, void @empty_2, i32 0, i32 0, i32 0, i32 0, void @empty_2, void @empty_2, i32 4294967295, i32 0, i32 0, i32 0"   --->   Operation 41 'specinterface' 'specinterface_ln0' <Predicate = true> <Delay = 0.00>
ST_2 : Operation 42 [1/1] (0.00ns)   --->   "%specinterface_ln0 = specinterface void @_ssdm_op_SpecInterface, i32 %num_steps, void @empty_8, i32 0, i32 0, void @empty_2, i32 0, i32 0, void @empty_2, void @empty_2, void @empty_2, i32 0, i32 0, i32 0, i32 0, void @empty_2, void @empty_2, i32 4294967295, i32 0, i32 0, i32 0"   --->   Operation 42 'specinterface' 'specinterface_ln0' <Predicate = true> <Delay = 0.00>
ST_2 : Operation 43 [1/1] (1.00ns)   --->   "%num_steps_read = read i32 @_ssdm_op_Read.s_axilite.i32, i32 %num_steps"   --->   Operation 43 'read' 'num_steps_read' <Predicate = true> <Delay = 1.00> <CoreInst = "s_axilite">   --->   Core 120 's_axilite' <Latency = 0> <II = 1> <Delay = 1.00> <Adapter> <Opcode : 'read' 'write'>
ST_2 : Operation 44 [1/2] (0.00ns)   --->   "%call_ln0 = call void @heat2d_serial_hls_Pipeline_LOAD_I_LOAD_J, i64 %u_in, i64 %u_a, i64 %u_a_1, i64 %u_a_2, i64 %u_a_3, i64 %u_a_4, i64 %u_a_5, i64 %u_a_6, i64 %u_a_7, i64 %u_a_8, i64 %u_a_9, i64 %u_a_10, i64 %u_a_11, i64 %u_b, i64 %u_b_1, i64 %u_b_2, i64 %u_b_3"   --->   Operation 44 'call' 'call_ln0' <Predicate = true> <Delay = 0.00> <CoreType = "Generic">   --->   Generic Core
ST_2 : Operation 45 [1/1] (0.00ns)   --->   "%br_ln84 = br void %STENCIL_I" [../slopper/heat2d_hls/src/heat2d_serial_hls.cpp:84]   --->   Operation 45 'br' 'br_ln84' <Predicate = true> <Delay = 0.00>

State 3 <SV = 2> <Delay = 1.69>
ST_3 : Operation 46 [1/1] (0.00ns)   --->   "%k_load = load i31 %k" [../slopper/heat2d_hls/src/heat2d_serial_hls.cpp:84]   --->   Operation 46 'load' 'k_load' <Predicate = true> <Delay = 0.00>
ST_3 : Operation 47 [1/1] (0.00ns)   --->   "%zext_ln84 = zext i31 %k_load" [../slopper/heat2d_hls/src/heat2d_serial_hls.cpp:84]   --->   Operation 47 'zext' 'zext_ln84' <Predicate = true> <Delay = 0.00>
ST_3 : Operation 48 [1/1] (1.20ns)   --->   "%icmp_ln84 = icmp_slt  i32 %zext_ln84, i32 %num_steps_read" [../slopper/heat2d_hls/src/heat2d_serial_hls.cpp:84]   --->   Operation 48 'icmp' 'icmp_ln84' <Predicate = true> <Delay = 1.20> <CoreInst = "Cmp">   --->   Core 9 'Cmp' <Latency = 0> <II = 1> <Delay = 1.20> <FuncUnit> <Opcode : 'seteq' 'setne' 'setle' 'setge' 'setlt' 'setgt'> <InPorts = 2> <OutPorts = 1>
ST_3 : Operation 49 [1/1] (1.19ns)   --->   "%add_ln84 = add i31 %k_load, i31 1" [../slopper/heat2d_hls/src/heat2d_serial_hls.cpp:84]   --->   Operation 49 'add' 'add_ln84' <Predicate = true> <Delay = 1.19> <CoreInst = "Adder">   --->   Core 1 'Adder' <Latency = 0> <II = 1> <Delay = 1.19> <FuncUnit> <Opcode : 'add' 'sub'> <InPorts = 2> <OutPorts = 1>
ST_3 : Operation 50 [1/1] (0.00ns)   --->   "%br_ln84 = br i1 %icmp_ln84, void %for.inc113.preheader, void %STENCIL_I.split" [../slopper/heat2d_hls/src/heat2d_serial_hls.cpp:84]   --->   Operation 50 'br' 'br_ln84' <Predicate = true> <Delay = 0.00>
ST_3 : Operation 51 [1/1] (0.00ns)   --->   "%speclooptripcount_ln85 = speclooptripcount void @_ssdm_op_SpecLoopTripCount, i64 1, i64 10000, i64 10000" [../slopper/heat2d_hls/src/heat2d_serial_hls.cpp:85]   --->   Operation 51 'speclooptripcount' 'speclooptripcount_ln85' <Predicate = (icmp_ln84)> <Delay = 0.00>
ST_3 : Operation 52 [1/1] (0.00ns)   --->   "%specloopname_ln84 = specloopname void @_ssdm_op_SpecLoopName, void @empty_5" [../slopper/heat2d_hls/src/heat2d_serial_hls.cpp:84]   --->   Operation 52 'specloopname' 'specloopname_ln84' <Predicate = (icmp_ln84)> <Delay = 0.00>
ST_3 : Operation 53 [1/1] (0.48ns)   --->   "%br_ln92 = br void %STENCIL_J" [../slopper/heat2d_hls/src/heat2d_serial_hls.cpp:92]   --->   Operation 53 'br' 'br_ln92' <Predicate = (icmp_ln84)> <Delay = 0.48>
ST_3 : Operation 54 [2/2] (0.00ns)   --->   "%call_ln0 = call void @heat2d_serial_hls_Pipeline_STORE_I_STORE_J, i64 %u_out, i64 %u_a, i64 %u_a_1, i64 %u_a_2, i64 %u_a_3, i64 %u_a_4, i64 %u_a_5, i64 %u_a_6, i64 %u_a_7, i64 %u_a_8, i64 %u_a_9, i64 %u_a_10, i64 %u_a_11"   --->   Operation 54 'call' 'call_ln0' <Predicate = (!icmp_ln84)> <Delay = 0.00> <CoreType = "Generic">   --->   Generic Core

State 4 <SV = 3> <Delay = 1.53>
ST_4 : Operation 55 [1/1] (0.00ns)   --->   "%i = phi i5 1, void %STENCIL_I.split, i5 %add_ln104, void %STENCIL_J.split" [../slopper/heat2d_hls/src/heat2d_serial_hls.cpp:104]   --->   Operation 55 'phi' 'i' <Predicate = true> <Delay = 0.00>
ST_4 : Operation 56 [1/1] (0.87ns)   --->   "%icmp_ln92 = icmp_eq  i5 %i, i5 31" [../slopper/heat2d_hls/src/heat2d_serial_hls.cpp:92]   --->   Operation 56 'icmp' 'icmp_ln92' <Predicate = true> <Delay = 0.87> <CoreInst = "Cmp">   --->   Core 9 'Cmp' <Latency = 0> <II = 1> <Delay = 0.87> <FuncUnit> <Opcode : 'seteq' 'setne' 'setle' 'setge' 'setlt' 'setgt'> <InPorts = 2> <OutPorts = 1>
ST_4 : Operation 57 [1/1] (0.00ns)   --->   "%br_ln92 = br i1 %icmp_ln92, void %STENCIL_J.split, void %for.inc86.preheader" [../slopper/heat2d_hls/src/heat2d_serial_hls.cpp:92]   --->   Operation 57 'br' 'br_ln92' <Predicate = true> <Delay = 0.00>
ST_4 : Operation 58 [9/9] (1.53ns)   --->   "%urem_ln92 = urem i5 %i, i5 3" [../slopper/heat2d_hls/src/heat2d_serial_hls.cpp:92]   --->   Operation 58 'urem' 'urem_ln92' <Predicate = (!icmp_ln92)> <Delay = 1.53> <CoreInst = "DivnS_SEQ">   --->   Core 7 'DivnS_SEQ' <Latency = 8> <II = 2> <Delay = 1.53> <FuncUnit> <Opcode : 'udiv' 'sdiv' 'urem' 'srem'> <InPorts = 2> <OutPorts = 1>
ST_4 : Operation 59 [2/2] (0.00ns)   --->   "%call_ln0 = call void @heat2d_serial_hls_Pipeline_SWAP_I_SWAP_J, i64 %u_a, i64 %u_a_1, i64 %u_a_2, i64 %u_a_3, i64 %u_a_4, i64 %u_a_5, i64 %u_a_6, i64 %u_a_7, i64 %u_a_8, i64 %u_a_9, i64 %u_a_10, i64 %u_a_11, i64 %u_b, i64 %u_b_1, i64 %u_b_2, i64 %u_b_3"   --->   Operation 59 'call' 'call_ln0' <Predicate = (icmp_ln92)> <Delay = 0.00> <CoreType = "Generic">   --->   Generic Core
ST_4 : Operation 60 [1/1] (0.48ns)   --->   "%store_ln84 = store i31 %add_ln84, i31 %k" [../slopper/heat2d_hls/src/heat2d_serial_hls.cpp:84]   --->   Operation 60 'store' 'store_ln84' <Predicate = (icmp_ln92)> <Delay = 0.48>

State 5 <SV = 4> <Delay = 1.53>
ST_5 : Operation 61 [8/9] (1.53ns)   --->   "%urem_ln92 = urem i5 %i, i5 3" [../slopper/heat2d_hls/src/heat2d_serial_hls.cpp:92]   --->   Operation 61 'urem' 'urem_ln92' <Predicate = true> <Delay = 1.53> <CoreInst = "DivnS_SEQ">   --->   Core 7 'DivnS_SEQ' <Latency = 8> <II = 2> <Delay = 1.53> <FuncUnit> <Opcode : 'udiv' 'sdiv' 'urem' 'srem'> <InPorts = 2> <OutPorts = 1>

State 6 <SV = 5> <Delay = 1.53>
ST_6 : Operation 62 [7/9] (1.53ns)   --->   "%urem_ln92 = urem i5 %i, i5 3" [../slopper/heat2d_hls/src/heat2d_serial_hls.cpp:92]   --->   Operation 62 'urem' 'urem_ln92' <Predicate = true> <Delay = 1.53> <CoreInst = "DivnS_SEQ">   --->   Core 7 'DivnS_SEQ' <Latency = 8> <II = 2> <Delay = 1.53> <FuncUnit> <Opcode : 'udiv' 'sdiv' 'urem' 'srem'> <InPorts = 2> <OutPorts = 1>

State 7 <SV = 6> <Delay = 1.53>
ST_7 : Operation 63 [6/9] (1.53ns)   --->   "%urem_ln92 = urem i5 %i, i5 3" [../slopper/heat2d_hls/src/heat2d_serial_hls.cpp:92]   --->   Operation 63 'urem' 'urem_ln92' <Predicate = true> <Delay = 1.53> <CoreInst = "DivnS_SEQ">   --->   Core 7 'DivnS_SEQ' <Latency = 8> <II = 2> <Delay = 1.53> <FuncUnit> <Opcode : 'udiv' 'sdiv' 'urem' 'srem'> <InPorts = 2> <OutPorts = 1>

State 8 <SV = 7> <Delay = 1.53>
ST_8 : Operation 64 [5/9] (1.53ns)   --->   "%urem_ln92 = urem i5 %i, i5 3" [../slopper/heat2d_hls/src/heat2d_serial_hls.cpp:92]   --->   Operation 64 'urem' 'urem_ln92' <Predicate = true> <Delay = 1.53> <CoreInst = "DivnS_SEQ">   --->   Core 7 'DivnS_SEQ' <Latency = 8> <II = 2> <Delay = 1.53> <FuncUnit> <Opcode : 'udiv' 'sdiv' 'urem' 'srem'> <InPorts = 2> <OutPorts = 1>

State 9 <SV = 8> <Delay = 1.53>
ST_9 : Operation 65 [4/9] (1.53ns)   --->   "%urem_ln92 = urem i5 %i, i5 3" [../slopper/heat2d_hls/src/heat2d_serial_hls.cpp:92]   --->   Operation 65 'urem' 'urem_ln92' <Predicate = true> <Delay = 1.53> <CoreInst = "DivnS_SEQ">   --->   Core 7 'DivnS_SEQ' <Latency = 8> <II = 2> <Delay = 1.53> <FuncUnit> <Opcode : 'udiv' 'sdiv' 'urem' 'srem'> <InPorts = 2> <OutPorts = 1>

State 10 <SV = 9> <Delay = 1.53>
ST_10 : Operation 66 [3/9] (1.53ns)   --->   "%urem_ln92 = urem i5 %i, i5 3" [../slopper/heat2d_hls/src/heat2d_serial_hls.cpp:92]   --->   Operation 66 'urem' 'urem_ln92' <Predicate = true> <Delay = 1.53> <CoreInst = "DivnS_SEQ">   --->   Core 7 'DivnS_SEQ' <Latency = 8> <II = 2> <Delay = 1.53> <FuncUnit> <Opcode : 'udiv' 'sdiv' 'urem' 'srem'> <InPorts = 2> <OutPorts = 1>

State 11 <SV = 10> <Delay = 1.53>
ST_11 : Operation 67 [2/9] (1.53ns)   --->   "%urem_ln92 = urem i5 %i, i5 3" [../slopper/heat2d_hls/src/heat2d_serial_hls.cpp:92]   --->   Operation 67 'urem' 'urem_ln92' <Predicate = true> <Delay = 1.53> <CoreInst = "DivnS_SEQ">   --->   Core 7 'DivnS_SEQ' <Latency = 8> <II = 2> <Delay = 1.53> <FuncUnit> <Opcode : 'udiv' 'sdiv' 'urem' 'srem'> <InPorts = 2> <OutPorts = 1>

State 12 <SV = 11> <Delay = 2.69>
ST_12 : Operation 68 [1/1] (0.00ns)   --->   "%zext_ln92 = zext i5 %i" [../slopper/heat2d_hls/src/heat2d_serial_hls.cpp:92]   --->   Operation 68 'zext' 'zext_ln92' <Predicate = true> <Delay = 0.00>
ST_12 : Operation 69 [1/1] (1.82ns)   --->   "%mul_ln92 = mul i11 %zext_ln92, i11 43" [../slopper/heat2d_hls/src/heat2d_serial_hls.cpp:92]   --->   Operation 69 'mul' 'mul_ln92' <Predicate = true> <Delay = 1.82> <CoreInst = "Multiplier">   --->   Core 3 'Multiplier' <Latency = 0> <II = 1> <Delay = 1.82> <FuncUnit> <Opcode : 'mul'> <InPorts = 2> <OutPorts = 1>
ST_12 : Operation 70 [1/9] (1.53ns)   --->   "%urem_ln92 = urem i5 %i, i5 3" [../slopper/heat2d_hls/src/heat2d_serial_hls.cpp:92]   --->   Operation 70 'urem' 'urem_ln92' <Predicate = true> <Delay = 1.53> <CoreInst = "DivnS_SEQ">   --->   Core 7 'DivnS_SEQ' <Latency = 8> <II = 2> <Delay = 1.53> <FuncUnit> <Opcode : 'udiv' 'sdiv' 'urem' 'srem'> <InPorts = 2> <OutPorts = 1>
ST_12 : Operation 71 [1/1] (0.00ns)   --->   "%trunc_ln92 = trunc i2 %urem_ln92" [../slopper/heat2d_hls/src/heat2d_serial_hls.cpp:92]   --->   Operation 71 'trunc' 'trunc_ln92' <Predicate = true> <Delay = 0.00>
ST_12 : Operation 72 [1/1] (0.87ns)   --->   "%add_ln103 = add i5 %i, i5 31" [../slopper/heat2d_hls/src/heat2d_serial_hls.cpp:103]   --->   Operation 72 'add' 'add_ln103' <Predicate = true> <Delay = 0.87> <CoreInst = "Adder">   --->   Core 1 'Adder' <Latency = 0> <II = 1> <Delay = 0.87> <FuncUnit> <Opcode : 'add' 'sub'> <InPorts = 2> <OutPorts = 1>
ST_12 : Operation 73 [1/1] (0.00ns)   --->   "%zext_ln104 = zext i5 %add_ln103" [../slopper/heat2d_hls/src/heat2d_serial_hls.cpp:104]   --->   Operation 73 'zext' 'zext_ln104' <Predicate = true> <Delay = 0.00>
ST_12 : Operation 74 [1/1] (1.82ns)   --->   "%mul_ln104 = mul i11 %zext_ln104, i11 43" [../slopper/heat2d_hls/src/heat2d_serial_hls.cpp:104]   --->   Operation 74 'mul' 'mul_ln104' <Predicate = true> <Delay = 1.82> <CoreInst = "Multiplier">   --->   Core 3 'Multiplier' <Latency = 0> <II = 1> <Delay = 1.82> <FuncUnit> <Opcode : 'mul'> <InPorts = 2> <OutPorts = 1>
ST_12 : Operation 75 [1/1] (0.87ns)   --->   "%add_ln104 = add i5 %i, i5 1" [../slopper/heat2d_hls/src/heat2d_serial_hls.cpp:104]   --->   Operation 75 'add' 'add_ln104' <Predicate = true> <Delay = 0.87> <CoreInst = "Adder">   --->   Core 1 'Adder' <Latency = 0> <II = 1> <Delay = 0.87> <FuncUnit> <Opcode : 'add' 'sub'> <InPorts = 2> <OutPorts = 1>
ST_12 : Operation 76 [1/1] (0.00ns)   --->   "%zext_ln93 = zext i5 %add_ln104" [../slopper/heat2d_hls/src/heat2d_serial_hls.cpp:93]   --->   Operation 76 'zext' 'zext_ln93' <Predicate = true> <Delay = 0.00>
ST_12 : Operation 77 [1/1] (1.82ns)   --->   "%mul_ln93 = mul i11 %zext_ln93, i11 43" [../slopper/heat2d_hls/src/heat2d_serial_hls.cpp:93]   --->   Operation 77 'mul' 'mul_ln93' <Predicate = true> <Delay = 1.82> <CoreInst = "Multiplier">   --->   Core 3 'Multiplier' <Latency = 0> <II = 1> <Delay = 1.82> <FuncUnit> <Opcode : 'mul'> <InPorts = 2> <OutPorts = 1>
ST_12 : Operation 78 [2/2] (0.00ns)   --->   "%call_ln92 = call void @heat2d_serial_hls_Pipeline_STENCIL_J, i11 %mul_ln92, i64 %u_a, i11 %mul_ln104, i11 %mul_ln93, i64 %u_a_1, i64 %u_a_2, i64 %u_a_3, i64 %u_a_4, i64 %u_a_5, i64 %u_a_6, i64 %u_a_7, i64 %u_a_8, i64 %u_a_9, i64 %u_a_10, i64 %u_a_11, i5 %i, i64 %u_b, i64 %u_b_1, i64 %u_b_2, i64 %u_b_3, i2 %trunc_ln92" [../slopper/heat2d_hls/src/heat2d_serial_hls.cpp:92]   --->   Operation 78 'call' 'call_ln92' <Predicate = true> <Delay = 0.00> <CoreType = "Generic">   --->   Generic Core

State 13 <SV = 12> <Delay = 0.00>
ST_13 : Operation 79 [1/1] (0.00ns)   --->   "%speclooptripcount_ln92 = speclooptripcount void @_ssdm_op_SpecLoopTripCount, i64 30, i64 30, i64 30" [../slopper/heat2d_hls/src/heat2d_serial_hls.cpp:92]   --->   Operation 79 'speclooptripcount' 'speclooptripcount_ln92' <Predicate = true> <Delay = 0.00>
ST_13 : Operation 80 [1/1] (0.00ns)   --->   "%specloopname_ln92 = specloopname void @_ssdm_op_SpecLoopName, void @empty_7" [../slopper/heat2d_hls/src/heat2d_serial_hls.cpp:92]   --->   Operation 80 'specloopname' 'specloopname_ln92' <Predicate = true> <Delay = 0.00>
ST_13 : Operation 81 [1/2] (0.00ns)   --->   "%call_ln92 = call void @heat2d_serial_hls_Pipeline_STENCIL_J, i11 %mul_ln92, i64 %u_a, i11 %mul_ln104, i11 %mul_ln93, i64 %u_a_1, i64 %u_a_2, i64 %u_a_3, i64 %u_a_4, i64 %u_a_5, i64 %u_a_6, i64 %u_a_7, i64 %u_a_8, i64 %u_a_9, i64 %u_a_10, i64 %u_a_11, i5 %i, i64 %u_b, i64 %u_b_1, i64 %u_b_2, i64 %u_b_3, i2 %trunc_ln92" [../slopper/heat2d_hls/src/heat2d_serial_hls.cpp:92]   --->   Operation 81 'call' 'call_ln92' <Predicate = true> <Delay = 0.00> <CoreType = "Generic">   --->   Generic Core
ST_13 : Operation 82 [1/1] (0.00ns)   --->   "%br_ln92 = br void %STENCIL_J" [../slopper/heat2d_hls/src/heat2d_serial_hls.cpp:92]   --->   Operation 82 'br' 'br_ln92' <Predicate = true> <Delay = 0.00>

State 14 <SV = 4> <Delay = 0.00>
ST_14 : Operation 83 [1/2] (0.00ns)   --->   "%call_ln0 = call void @heat2d_serial_hls_Pipeline_SWAP_I_SWAP_J, i64 %u_a, i64 %u_a_1, i64 %u_a_2, i64 %u_a_3, i64 %u_a_4, i64 %u_a_5, i64 %u_a_6, i64 %u_a_7, i64 %u_a_8, i64 %u_a_9, i64 %u_a_10, i64 %u_a_11, i64 %u_b, i64 %u_b_1, i64 %u_b_2, i64 %u_b_3"   --->   Operation 83 'call' 'call_ln0' <Predicate = true> <Delay = 0.00> <CoreType = "Generic">   --->   Generic Core
ST_14 : Operation 84 [1/1] (0.00ns)   --->   "%br_ln84 = br void %STENCIL_I" [../slopper/heat2d_hls/src/heat2d_serial_hls.cpp:84]   --->   Operation 84 'br' 'br_ln84' <Predicate = true> <Delay = 0.00>

State 15 <SV = 3> <Delay = 0.00>
ST_15 : Operation 85 [1/2] (0.00ns)   --->   "%call_ln0 = call void @heat2d_serial_hls_Pipeline_STORE_I_STORE_J, i64 %u_out, i64 %u_a, i64 %u_a_1, i64 %u_a_2, i64 %u_a_3, i64 %u_a_4, i64 %u_a_5, i64 %u_a_6, i64 %u_a_7, i64 %u_a_8, i64 %u_a_9, i64 %u_a_10, i64 %u_a_11"   --->   Operation 85 'call' 'call_ln0' <Predicate = true> <Delay = 0.00> <CoreType = "Generic">   --->   Generic Core
ST_15 : Operation 86 [1/1] (0.00ns)   --->   "%ret_ln131 = ret" [../slopper/heat2d_hls/src/heat2d_serial_hls.cpp:131]   --->   Operation 86 'ret' 'ret_ln131' <Predicate = true> <Delay = 0.00>


============================================================
+ Verbose Summary: Binding
============================================================
STG Binding: 
---------------- STG Properties BEGIN ----------------
- Is combinational: 0
- Is one-state seq: 0
- Is datapath-only: 0
- Is pipelined: 0
- Is top level: 1
Port [ Return ] is wired: 1; IO mode=ap_ctrl_hs:ce=0
Port [ u_in]:  wired=1; compound=1; hidden=0; nouse=0; global=0; static=0; extern=0; dir=0; type=1; pingpong=0; private_global=0; MemPort=[13]; IO mode=ap_memory:ce=0
Port [ u_out]:  wired=1; compound=1; hidden=0; nouse=0; global=0; static=0; extern=0; dir=1; type=1; pingpong=0; private_global=0; MemPort=[03]; IO mode=ap_memory:ce=0
Port [ num_steps]:  wired=1; compound=0; hidden=0; nouse=0; global=0; static=0; extern=0; dir=0; type=0; pingpong=0; private_global=0; IO mode=ap_none:ce=0
---------------- STG Properties END ------------------

---------------- Datapath Model BEGIN ----------------

<LifeTime>
<method=bitvector/>
k                      (alloca           ) [ 0111111111111110]
u_a                    (alloca           ) [ 0011111111111111]
u_a_1                  (alloca           ) [ 0011111111111111]
u_a_2                  (alloca           ) [ 0011111111111111]
u_a_3                  (alloca           ) [ 0011111111111111]
u_a_4                  (alloca           ) [ 0011111111111111]
u_a_5                  (alloca           ) [ 0011111111111111]
u_a_6                  (alloca           ) [ 0011111111111111]
u_a_7                  (alloca           ) [ 0011111111111111]
u_a_8                  (alloca           ) [ 0011111111111111]
u_a_9                  (alloca           ) [ 0011111111111111]
u_a_10                 (alloca           ) [ 0011111111111111]
u_a_11                 (alloca           ) [ 0011111111111111]
u_b                    (alloca           ) [ 0011111111111110]
u_b_1                  (alloca           ) [ 0011111111111110]
u_b_2                  (alloca           ) [ 0011111111111110]
u_b_3                  (alloca           ) [ 0011111111111110]
store_ln0              (store            ) [ 0000000000000000]
spectopmodule_ln46     (spectopmodule    ) [ 0000000000000000]
specinterface_ln0      (specinterface    ) [ 0000000000000000]
specbitsmap_ln0        (specbitsmap      ) [ 0000000000000000]
specinterface_ln0      (specinterface    ) [ 0000000000000000]
specbitsmap_ln0        (specbitsmap      ) [ 0000000000000000]
specbitsmap_ln0        (specbitsmap      ) [ 0000000000000000]
specinterface_ln0      (specinterface    ) [ 0000000000000000]
specinterface_ln0      (specinterface    ) [ 0000000000000000]
num_steps_read         (read             ) [ 0001111111111110]
call_ln0               (call             ) [ 0000000000000000]
br_ln84                (br               ) [ 0000000000000000]
k_load                 (load             ) [ 0000000000000000]
zext_ln84              (zext             ) [ 0000000000000000]
icmp_ln84              (icmp             ) [ 0001111111111110]
add_ln84               (add              ) [ 0000111111111100]
br_ln84                (br               ) [ 0000000000000000]
speclooptripcount_ln85 (speclooptripcount) [ 0000000000000000]
specloopname_ln84      (specloopname     ) [ 0000000000000000]
br_ln92                (br               ) [ 0001111111111110]
i                      (phi              ) [ 0000111111111100]
icmp_ln92              (icmp             ) [ 0001111111111110]
br_ln92                (br               ) [ 0000000000000000]
store_ln84             (store            ) [ 0000000000000000]
zext_ln92              (zext             ) [ 0000000000000000]
mul_ln92               (mul              ) [ 0000000000000100]
urem_ln92              (urem             ) [ 0000000000000000]
trunc_ln92             (trunc            ) [ 0000000000000100]
add_ln103              (add              ) [ 0000000000000000]
zext_ln104             (zext             ) [ 0000000000000000]
mul_ln104              (mul              ) [ 0000000000000100]
add_ln104              (add              ) [ 0001100000000110]
zext_ln93              (zext             ) [ 0000000000000000]
mul_ln93               (mul              ) [ 0000000000000100]
speclooptripcount_ln92 (speclooptripcount) [ 0000000000000000]
specloopname_ln92      (specloopname     ) [ 0000000000000000]
call_ln92              (call             ) [ 0000000000000000]
br_ln92                (br               ) [ 0001111111111110]
call_ln0               (call             ) [ 0000000000000000]
br_ln84                (br               ) [ 0000000000000000]
call_ln0               (call             ) [ 0000000000000000]
ret_ln131              (ret              ) [ 0000000000000000]
</LifeTime>

<model>

<comp_list>
<comp id="0" class="1000" name="u_in">
<pin_list>
<pin id="1" dir="1" index="0" bw="1" slack="0"/>
</pin_list>
<bind>
<StgValue><ssdm name="u_in"/><MemPortTyVec>1 3 </MemPortTyVec>
</StgValue>
</bind>
</comp>

<comp id="2" class="1000" name="u_out">
<pin_list>
<pin id="3" dir="1" index="0" bw="1" slack="0"/>
</pin_list>
<bind>
<StgValue><ssdm name="u_out"/><MemPortTyVec>0 3 </MemPortTyVec>
</StgValue>
</bind>
</comp>

<comp id="4" class="1000" name="num_steps">
<pin_list>
<pin id="5" dir="1" index="0" bw="1" slack="0"/>
</pin_list>
<bind>
<StgValue><ssdm name="num_steps"/></StgValue>
</bind>
</comp>

<comp id="6" class="1001" name="const_6">
<pin_list>
<pin id="7" dir="1" index="0" bw="1" slack="0"/>
</pin_list>
<bind>
<StgValue><ssdm name=""/></StgValue>
</bind>
</comp>

<comp id="8" class="1001" name="const_8">
<pin_list>
<pin id="9" dir="1" index="0" bw="1" slack="0"/>
</pin_list>
<bind>
<StgValue><ssdm name=""/></StgValue>
</bind>
</comp>

<comp id="10" class="1001" name="const_10">
<pin_list>
<pin id="11" dir="1" index="0" bw="1" slack="0"/>
</pin_list>
<bind>
<StgValue><ssdm name="heat2d_serial_hls_Pipeline_LOAD_I_LOAD_J"/></StgValue>
</bind>
</comp>

<comp id="12" class="1001" name="const_12">
<pin_list>
<pin id="13" dir="1" index="0" bw="1" slack="0"/>
</pin_list>
<bind>
<StgValue><ssdm name=""/></StgValue>
</bind>
</comp>

<comp id="14" class="1001" name="const_14">
<pin_list>
<pin id="15" dir="1" index="0" bw="1" slack="2147483647"/>
</pin_list>
<bind>
<StgValue><ssdm name="_ssdm_op_SpecTopModule"/></StgValue>
</bind>
</comp>

<comp id="16" class="1001" name="const_16">
<pin_list>
<pin id="17" dir="1" index="0" bw="1" slack="2147483647"/>
</pin_list>
<bind>
<StgValue><ssdm name="empty_0"/></StgValue>
</bind>
</comp>

<comp id="18" class="1001" name="const_18">
<pin_list>
<pin id="19" dir="1" index="0" bw="1" slack="2147483647"/>
</pin_list>
<bind>
<StgValue><ssdm name="_ssdm_op_SpecInterface"/></StgValue>
</bind>
</comp>

<comp id="20" class="1001" name="const_20">
<pin_list>
<pin id="21" dir="1" index="0" bw="1" slack="2147483647"/>
</pin_list>
<bind>
<StgValue><ssdm name="empty_1"/></StgValue>
</bind>
</comp>

<comp id="22" class="1001" name="const_22">
<pin_list>
<pin id="23" dir="1" index="0" bw="1" slack="2147483647"/>
</pin_list>
<bind>
<StgValue><ssdm name=""/></StgValue>
</bind>
</comp>

<comp id="24" class="1001" name="const_24">
<pin_list>
<pin id="25" dir="1" index="0" bw="1" slack="2147483647"/>
</pin_list>
<bind>
<StgValue><ssdm name="empty_2"/></StgValue>
</bind>
</comp>

<comp id="26" class="1001" name="const_26">
<pin_list>
<pin id="27" dir="1" index="0" bw="1" slack="2147483647"/>
</pin_list>
<bind>
<StgValue><ssdm name=""/></StgValue>
</bind>
</comp>

<comp id="28" class="1001" name="const_28">
<pin_list>
<pin id="29" dir="1" index="0" bw="1" slack="2147483647"/>
</pin_list>
<bind>
<StgValue><ssdm name="_ssdm_op_SpecBitsMap"/></StgValue>
</bind>
</comp>

<comp id="30" class="1001" name="const_30">
<pin_list>
<pin id="31" dir="1" index="0" bw="1" slack="2147483647"/>
</pin_list>
<bind>
<StgValue><ssdm name="empty_3"/></StgValue>
</bind>
</comp>

<comp id="32" class="1001" name="const_32">
<pin_list>
<pin id="33" dir="1" index="0" bw="1" slack="2147483647"/>
</pin_list>
<bind>
<StgValue><ssdm name="empty_4"/></StgValue>
</bind>
</comp>

<comp id="34" class="1001" name="const_34">
<pin_list>
<pin id="35" dir="1" index="0" bw="1" slack="2147483647"/>
</pin_list>
<bind>
<StgValue><ssdm name="empty"/></StgValue>
</bind>
</comp>

<comp id="36" class="1001" name="const_36">
<pin_list>
<pin id="37" dir="1" index="0" bw="1" slack="2147483647"/>
</pin_list>
<bind>
<StgValue><ssdm name="empty_8"/></StgValue>
</bind>
</comp>

<comp id="38" class="1001" name="const_38">
<pin_list>
<pin id="39" dir="1" index="0" bw="1" slack="0"/>
</pin_list>
<bind>
<StgValue><ssdm name="_ssdm_op_Read.s_axilite.i32"/></StgValue>
</bind>
</comp>

<comp id="40" class="1001" name="const_40">
<pin_list>
<pin id="41" dir="1" index="0" bw="1" slack="0"/>
</pin_list>
<bind>
<StgValue><ssdm name=""/></StgValue>
</bind>
</comp>

<comp id="42" class="1001" name="const_42">
<pin_list>
<pin id="43" dir="1" index="0" bw="1" slack="2147483647"/>
</pin_list>
<bind>
<StgValue><ssdm name="_ssdm_op_SpecLoopTripCount"/></StgValue>
</bind>
</comp>

<comp id="44" class="1001" name="const_44">
<pin_list>
<pin id="45" dir="1" index="0" bw="1" slack="2147483647"/>
</pin_list>
<bind>
<StgValue><ssdm name=""/></StgValue>
</bind>
</comp>

<comp id="46" class="1001" name="const_46">
<pin_list>
<pin id="47" dir="1" index="0" bw="1" slack="2147483647"/>
</pin_list>
<bind>
<StgValue><ssdm name="_ssdm_op_SpecLoopName"/></StgValue>
</bind>
</comp>

<comp id="48" class="1001" name="const_48">
<pin_list>
<pin id="49" dir="1" index="0" bw="1" slack="2147483647"/>
</pin_list>
<bind>
<StgValue><ssdm name="empty_5"/></StgValue>
</bind>
</comp>

<comp id="50" class="1001" name="const_50">
<pin_list>
<pin id="51" dir="1" index="0" bw="1" slack="0"/>
</pin_list>
<bind>
<StgValue><ssdm name="heat2d_serial_hls_Pipeline_STORE_I_STORE_J"/></StgValue>
</bind>
</comp>

<comp id="52" class="1001" name="const_52">
<pin_list>
<pin id="53" dir="1" index="0" bw="1" slack="0"/>
</pin_list>
<bind>
<StgValue><ssdm name=""/></StgValue>
</bind>
</comp>

<comp id="54" class="1001" name="const_54">
<pin_list>
<pin id="55" dir="1" index="0" bw="1" slack="0"/>
</pin_list>
<bind>
<StgValue><ssdm name=""/></StgValue>
</bind>
</comp>

<comp id="56" class="1001" name="const_56">
<pin_list>
<pin id="57" dir="1" index="0" bw="1" slack="0"/>
</pin_list>
<bind>
<StgValue><ssdm name=""/></StgValue>
</bind>
</comp>

<comp id="58" class="1001" name="const_58">
<pin_list>
<pin id="59" dir="1" index="0" bw="1" slack="0"/>
</pin_list>
<bind>
<StgValue><ssdm name="heat2d_serial_hls_Pipeline_SWAP_I_SWAP_J"/></StgValue>
</bind>
</comp>

<comp id="60" class="1001" name="const_60">
<pin_list>
<pin id="61" dir="1" index="0" bw="1" slack="0"/>
</pin_list>
<bind>
<StgValue><ssdm name=""/></StgValue>
</bind>
</comp>

<comp id="62" class="1001" name="const_62">
<pin_list>
<pin id="63" dir="1" index="0" bw="1" slack="0"/>
</pin_list>
<bind>
<StgValue><ssdm name="heat2d_serial_hls_Pipeline_STENCIL_J"/></StgValue>
</bind>
</comp>

<comp id="64" class="1001" name="const_64">
<pin_list>
<pin id="65" dir="1" index="0" bw="1" slack="2147483647"/>
</pin_list>
<bind>
<StgValue><ssdm name=""/></StgValue>
</bind>
</comp>

<comp id="66" class="1001" name="const_66">
<pin_list>
<pin id="67" dir="1" index="0" bw="1" slack="2147483647"/>
</pin_list>
<bind>
<StgValue><ssdm name="empty_7"/></StgValue>
</bind>
</comp>

<comp id="68" class="1004" name="k_fu_68">
<pin_list>
<pin id="69" dir="0" index="0" bw="1" slack="0"/>
<pin id="70" dir="1" index="1" bw="31" slack="0"/>
</pin_list>
<bind>
<opcode="alloca(26) " fcode="alloca"/>
<opset="k/1 "/>
</bind>
</comp>

<comp id="72" class="1004" name="u_a_alloca_fu_72">
<pin_list>
<pin id="73" dir="0" index="0" bw="1" slack="0"/>
<pin id="74" dir="1" index="1" bw="64" slack="0"/>
</pin_list>
<bind>
<opcode="alloca(26) " fcode="alloca"/>
<opset="u_a/1 "/>
</bind>
</comp>

<comp id="76" class="1004" name="u_a_1_alloca_fu_76">
<pin_list>
<pin id="77" dir="0" index="0" bw="1" slack="0"/>
<pin id="78" dir="1" index="1" bw="64" slack="0"/>
</pin_list>
<bind>
<opcode="alloca(26) " fcode="alloca"/>
<opset="u_a_1/1 "/>
</bind>
</comp>

<comp id="80" class="1004" name="u_a_2_alloca_fu_80">
<pin_list>
<pin id="81" dir="0" index="0" bw="1" slack="0"/>
<pin id="82" dir="1" index="1" bw="64" slack="0"/>
</pin_list>
<bind>
<opcode="alloca(26) " fcode="alloca"/>
<opset="u_a_2/1 "/>
</bind>
</comp>

<comp id="84" class="1004" name="u_a_3_alloca_fu_84">
<pin_list>
<pin id="85" dir="0" index="0" bw="1" slack="0"/>
<pin id="86" dir="1" index="1" bw="64" slack="0"/>
</pin_list>
<bind>
<opcode="alloca(26) " fcode="alloca"/>
<opset="u_a_3/1 "/>
</bind>
</comp>

<comp id="88" class="1004" name="u_a_4_alloca_fu_88">
<pin_list>
<pin id="89" dir="0" index="0" bw="1" slack="0"/>
<pin id="90" dir="1" index="1" bw="64" slack="0"/>
</pin_list>
<bind>
<opcode="alloca(26) " fcode="alloca"/>
<opset="u_a_4/1 "/>
</bind>
</comp>

<comp id="92" class="1004" name="u_a_5_alloca_fu_92">
<pin_list>
<pin id="93" dir="0" index="0" bw="1" slack="0"/>
<pin id="94" dir="1" index="1" bw="64" slack="0"/>
</pin_list>
<bind>
<opcode="alloca(26) " fcode="alloca"/>
<opset="u_a_5/1 "/>
</bind>
</comp>

<comp id="96" class="1004" name="u_a_6_alloca_fu_96">
<pin_list>
<pin id="97" dir="0" index="0" bw="1" slack="0"/>
<pin id="98" dir="1" index="1" bw="64" slack="0"/>
</pin_list>
<bind>
<opcode="alloca(26) " fcode="alloca"/>
<opset="u_a_6/1 "/>
</bind>
</comp>

<comp id="100" class="1004" name="u_a_7_alloca_fu_100">
<pin_list>
<pin id="101" dir="0" index="0" bw="1" slack="0"/>
<pin id="102" dir="1" index="1" bw="64" slack="0"/>
</pin_list>
<bind>
<opcode="alloca(26) " fcode="alloca"/>
<opset="u_a_7/1 "/>
</bind>
</comp>

<comp id="104" class="1004" name="u_a_8_alloca_fu_104">
<pin_list>
<pin id="105" dir="0" index="0" bw="1" slack="0"/>
<pin id="106" dir="1" index="1" bw="64" slack="0"/>
</pin_list>
<bind>
<opcode="alloca(26) " fcode="alloca"/>
<opset="u_a_8/1 "/>
</bind>
</comp>

<comp id="108" class="1004" name="u_a_9_alloca_fu_108">
<pin_list>
<pin id="109" dir="0" index="0" bw="1" slack="0"/>
<pin id="110" dir="1" index="1" bw="64" slack="0"/>
</pin_list>
<bind>
<opcode="alloca(26) " fcode="alloca"/>
<opset="u_a_9/1 "/>
</bind>
</comp>

<comp id="112" class="1004" name="u_a_10_alloca_fu_112">
<pin_list>
<pin id="113" dir="0" index="0" bw="1" slack="0"/>
<pin id="114" dir="1" index="1" bw="64" slack="0"/>
</pin_list>
<bind>
<opcode="alloca(26) " fcode="alloca"/>
<opset="u_a_10/1 "/>
</bind>
</comp>

<comp id="116" class="1004" name="u_a_11_alloca_fu_116">
<pin_list>
<pin id="117" dir="0" index="0" bw="1" slack="0"/>
<pin id="118" dir="1" index="1" bw="64" slack="0"/>
</pin_list>
<bind>
<opcode="alloca(26) " fcode="alloca"/>
<opset="u_a_11/1 "/>
</bind>
</comp>

<comp id="120" class="1004" name="u_b_alloca_fu_120">
<pin_list>
<pin id="121" dir="0" index="0" bw="1" slack="0"/>
<pin id="122" dir="1" index="1" bw="64" slack="0"/>
</pin_list>
<bind>
<opcode="alloca(26) " fcode="alloca"/>
<opset="u_b/1 "/>
</bind>
</comp>

<comp id="124" class="1004" name="u_b_1_alloca_fu_124">
<pin_list>
<pin id="125" dir="0" index="0" bw="1" slack="0"/>
<pin id="126" dir="1" index="1" bw="64" slack="0"/>
</pin_list>
<bind>
<opcode="alloca(26) " fcode="alloca"/>
<opset="u_b_1/1 "/>
</bind>
</comp>

<comp id="128" class="1004" name="u_b_2_alloca_fu_128">
<pin_list>
<pin id="129" dir="0" index="0" bw="1" slack="0"/>
<pin id="130" dir="1" index="1" bw="64" slack="0"/>
</pin_list>
<bind>
<opcode="alloca(26) " fcode="alloca"/>
<opset="u_b_2/1 "/>
</bind>
</comp>

<comp id="132" class="1004" name="u_b_3_alloca_fu_132">
<pin_list>
<pin id="133" dir="0" index="0" bw="1" slack="0"/>
<pin id="134" dir="1" index="1" bw="64" slack="0"/>
</pin_list>
<bind>
<opcode="alloca(26) " fcode="alloca"/>
<opset="u_b_3/1 "/>
</bind>
</comp>

<comp id="136" class="1004" name="num_steps_read_read_fu_136">
<pin_list>
<pin id="137" dir="0" index="0" bw="32" slack="0"/>
<pin id="138" dir="0" index="1" bw="32" slack="0"/>
<pin id="139" dir="1" index="2" bw="32" slack="1"/>
</pin_list>
<bind>
<opcode="read(1150) " fcode="read"/>
<opset="num_steps_read/2 "/>
</bind>
</comp>

<comp id="142" class="1005" name="i_reg_142">
<pin_list>
<pin id="143" dir="0" index="0" bw="5" slack="1"/>
<pin id="144" dir="1" index="1" bw="5" slack="1"/>
</pin_list>
<bind>
<opset="i (phireg) "/>
</bind>
</comp>

<comp id="146" class="1004" name="i_phi_fu_146">
<pin_list>
<pin id="147" dir="0" index="0" bw="1" slack="1"/>
<pin id="148" dir="0" index="1" bw="0" slack="2147483647"/>
<pin id="149" dir="0" index="2" bw="5" slack="1"/>
<pin id="150" dir="0" index="3" bw="0" slack="2147483647"/>
<pin id="151" dir="1" index="4" bw="5" slack="0"/>
</pin_list>
<bind>
<opcode="phi(47) " fcode="phi"/>
<opset="i/4 "/>
</bind>
</comp>

<comp id="154" class="1004" name="grp_heat2d_serial_hls_Pipeline_LOAD_I_LOAD_J_fu_154">
<pin_list>
<pin id="155" dir="0" index="0" bw="0" slack="0"/>
<pin id="156" dir="0" index="1" bw="64" slack="0"/>
<pin id="157" dir="0" index="2" bw="64" slack="0"/>
<pin id="158" dir="0" index="3" bw="64" slack="0"/>
<pin id="159" dir="0" index="4" bw="64" slack="0"/>
<pin id="160" dir="0" index="5" bw="64" slack="0"/>
<pin id="161" dir="0" index="6" bw="64" slack="0"/>
<pin id="162" dir="0" index="7" bw="64" slack="0"/>
<pin id="163" dir="0" index="8" bw="64" slack="0"/>
<pin id="164" dir="0" index="9" bw="64" slack="0"/>
<pin id="165" dir="0" index="10" bw="64" slack="0"/>
<pin id="166" dir="0" index="11" bw="64" slack="0"/>
<pin id="167" dir="0" index="12" bw="64" slack="0"/>
<pin id="168" dir="0" index="13" bw="64" slack="0"/>
<pin id="169" dir="0" index="14" bw="64" slack="0"/>
<pin id="170" dir="0" index="15" bw="64" slack="0"/>
<pin id="171" dir="0" index="16" bw="64" slack="0"/>
<pin id="172" dir="0" index="17" bw="64" slack="0"/>
<pin id="173" dir="1" index="18" bw="0" slack="2147483647"/>
</pin_list>
<bind>
<opcode="call(48) " fcode="call"/>
<opset="call_ln0/1 "/>
</bind>
</comp>

<comp id="192" class="1004" name="grp_heat2d_serial_hls_Pipeline_STORE_I_STORE_J_fu_192">
<pin_list>
<pin id="193" dir="0" index="0" bw="0" slack="0"/>
<pin id="194" dir="0" index="1" bw="64" slack="0"/>
<pin id="195" dir="0" index="2" bw="64" slack="2147483647"/>
<pin id="196" dir="0" index="3" bw="64" slack="2147483647"/>
<pin id="197" dir="0" index="4" bw="64" slack="2147483647"/>
<pin id="198" dir="0" index="5" bw="64" slack="2147483647"/>
<pin id="199" dir="0" index="6" bw="64" slack="2147483647"/>
<pin id="200" dir="0" index="7" bw="64" slack="2147483647"/>
<pin id="201" dir="0" index="8" bw="64" slack="2147483647"/>
<pin id="202" dir="0" index="9" bw="64" slack="2147483647"/>
<pin id="203" dir="0" index="10" bw="64" slack="2147483647"/>
<pin id="204" dir="0" index="11" bw="64" slack="2147483647"/>
<pin id="205" dir="0" index="12" bw="64" slack="2147483647"/>
<pin id="206" dir="0" index="13" bw="64" slack="2147483647"/>
<pin id="207" dir="1" index="14" bw="0" slack="2147483647"/>
</pin_list>
<bind>
<opcode="call(48) " fcode="call"/>
<opset="call_ln0/3 "/>
</bind>
</comp>

<comp id="210" class="1004" name="grp_heat2d_serial_hls_Pipeline_SWAP_I_SWAP_J_fu_210">
<pin_list>
<pin id="211" dir="0" index="0" bw="0" slack="0"/>
<pin id="212" dir="0" index="1" bw="64" slack="2147483647"/>
<pin id="213" dir="0" index="2" bw="64" slack="2147483647"/>
<pin id="214" dir="0" index="3" bw="64" slack="2147483647"/>
<pin id="215" dir="0" index="4" bw="64" slack="2147483647"/>
<pin id="216" dir="0" index="5" bw="64" slack="2147483647"/>
<pin id="217" dir="0" index="6" bw="64" slack="2147483647"/>
<pin id="218" dir="0" index="7" bw="64" slack="2147483647"/>
<pin id="219" dir="0" index="8" bw="64" slack="2147483647"/>
<pin id="220" dir="0" index="9" bw="64" slack="2147483647"/>
<pin id="221" dir="0" index="10" bw="64" slack="2147483647"/>
<pin id="222" dir="0" index="11" bw="64" slack="2147483647"/>
<pin id="223" dir="0" index="12" bw="64" slack="2147483647"/>
<pin id="224" dir="0" index="13" bw="64" slack="2147483647"/>
<pin id="225" dir="0" index="14" bw="64" slack="2147483647"/>
<pin id="226" dir="0" index="15" bw="64" slack="2147483647"/>
<pin id="227" dir="0" index="16" bw="64" slack="2147483647"/>
<pin id="228" dir="1" index="17" bw="0" slack="2147483647"/>
</pin_list>
<bind>
<opcode="call(48) " fcode="call"/>
<opset="call_ln0/4 "/>
</bind>
</comp>

<comp id="230" class="1004" name="grp_heat2d_serial_hls_Pipeline_STENCIL_J_fu_230">
<pin_list>
<pin id="231" dir="0" index="0" bw="0" slack="0"/>
<pin id="232" dir="0" index="1" bw="11" slack="0"/>
<pin id="233" dir="0" index="2" bw="64" slack="2147483647"/>
<pin id="234" dir="0" index="3" bw="11" slack="0"/>
<pin id="235" dir="0" index="4" bw="11" slack="0"/>
<pin id="236" dir="0" index="5" bw="64" slack="2147483647"/>
<pin id="237" dir="0" index="6" bw="64" slack="2147483647"/>
<pin id="238" dir="0" index="7" bw="64" slack="2147483647"/>
<pin id="239" dir="0" index="8" bw="64" slack="2147483647"/>
<pin id="240" dir="0" index="9" bw="64" slack="2147483647"/>
<pin id="241" dir="0" index="10" bw="64" slack="2147483647"/>
<pin id="242" dir="0" index="11" bw="64" slack="2147483647"/>
<pin id="243" dir="0" index="12" bw="64" slack="2147483647"/>
<pin id="244" dir="0" index="13" bw="64" slack="2147483647"/>
<pin id="245" dir="0" index="14" bw="64" slack="2147483647"/>
<pin id="246" dir="0" index="15" bw="64" slack="2147483647"/>
<pin id="247" dir="0" index="16" bw="5" slack="8"/>
<pin id="248" dir="0" index="17" bw="64" slack="2147483647"/>
<pin id="249" dir="0" index="18" bw="64" slack="2147483647"/>
<pin id="250" dir="0" index="19" bw="64" slack="2147483647"/>
<pin id="251" dir="0" index="20" bw="64" slack="2147483647"/>
<pin id="252" dir="0" index="21" bw="2" slack="0"/>
<pin id="253" dir="1" index="22" bw="0" slack="2147483647"/>
</pin_list>
<bind>
<opcode="call(48) " fcode="call"/>
<opset="call_ln92/12 "/>
</bind>
</comp>

<comp id="256" class="1004" name="store_ln0_store_fu_256">
<pin_list>
<pin id="257" dir="0" index="0" bw="1" slack="0"/>
<pin id="258" dir="0" index="1" bw="31" slack="0"/>
<pin id="259" dir="1" index="2" bw="0" slack="2147483647"/>
</pin_list>
<bind>
<opcode="store(28) " fcode="store"/>
<opset="store_ln0/1 "/>
</bind>
</comp>

<comp id="261" class="1004" name="k_load_load_fu_261">
<pin_list>
<pin id="262" dir="0" index="0" bw="31" slack="2"/>
<pin id="263" dir="1" index="1" bw="31" slack="0"/>
</pin_list>
<bind>
<opcode="load(27) " fcode="load"/>
<opset="k_load/3 "/>
</bind>
</comp>

<comp id="264" class="1004" name="zext_ln84_fu_264">
<pin_list>
<pin id="265" dir="0" index="0" bw="31" slack="0"/>
<pin id="266" dir="1" index="1" bw="32" slack="0"/>
</pin_list>
<bind>
<opcode="zext(34) " fcode="zext"/>
<opset="zext_ln84/3 "/>
</bind>
</comp>

<comp id="268" class="1004" name="icmp_ln84_fu_268">
<pin_list>
<pin id="269" dir="0" index="0" bw="31" slack="0"/>
<pin id="270" dir="0" index="1" bw="32" slack="1"/>
<pin id="271" dir="1" index="2" bw="1" slack="2147483647"/>
</pin_list>
<bind>
<opcode="icmp(45) " fcode="icmp"/>
<opset="icmp_ln84/3 "/>
</bind>
</comp>

<comp id="273" class="1004" name="add_ln84_fu_273">
<pin_list>
<pin id="274" dir="0" index="0" bw="31" slack="0"/>
<pin id="275" dir="0" index="1" bw="1" slack="0"/>
<pin id="276" dir="1" index="2" bw="31" slack="1"/>
</pin_list>
<bind>
<opcode="add(8) " fcode="add"/>
<opset="add_ln84/3 "/>
</bind>
</comp>

<comp id="279" class="1004" name="icmp_ln92_fu_279">
<pin_list>
<pin id="280" dir="0" index="0" bw="5" slack="0"/>
<pin id="281" dir="0" index="1" bw="1" slack="0"/>
<pin id="282" dir="1" index="2" bw="1" slack="2147483647"/>
</pin_list>
<bind>
<opcode="icmp(45) " fcode="icmp"/>
<opset="icmp_ln92/4 "/>
</bind>
</comp>

<comp id="285" class="1004" name="grp_fu_285">
<pin_list>
<pin id="286" dir="0" index="0" bw="5" slack="0"/>
<pin id="287" dir="0" index="1" bw="3" slack="0"/>
<pin id="288" dir="1" index="2" bw="2" slack="0"/>
</pin_list>
<bind>
<opcode="urem(17) " fcode="urem"/>
<opset="urem_ln92/4 "/>
</bind>
</comp>

<comp id="291" class="1004" name="store_ln84_store_fu_291">
<pin_list>
<pin id="292" dir="0" index="0" bw="31" slack="1"/>
<pin id="293" dir="0" index="1" bw="31" slack="3"/>
<pin id="294" dir="1" index="2" bw="0" slack="2147483647"/>
</pin_list>
<bind>
<opcode="store(28) " fcode="store"/>
<opset="store_ln84/4 "/>
</bind>
</comp>

<comp id="295" class="1004" name="zext_ln92_fu_295">
<pin_list>
<pin id="296" dir="0" index="0" bw="5" slack="8"/>
<pin id="297" dir="1" index="1" bw="11" slack="0"/>
</pin_list>
<bind>
<opcode="zext(34) " fcode="zext"/>
<opset="zext_ln92/12 "/>
</bind>
</comp>

<comp id="299" class="1004" name="mul_ln92_fu_299">
<pin_list>
<pin id="300" dir="0" index="0" bw="5" slack="0"/>
<pin id="301" dir="0" index="1" bw="7" slack="0"/>
<pin id="302" dir="1" index="2" bw="11" slack="0"/>
</pin_list>
<bind>
<opcode="mul(12) " fcode="mul"/>
<opset="mul_ln92/12 "/>
</bind>
</comp>

<comp id="306" class="1004" name="trunc_ln92_fu_306">
<pin_list>
<pin id="307" dir="0" index="0" bw="2" slack="0"/>
<pin id="308" dir="1" index="1" bw="2" slack="0"/>
</pin_list>
<bind>
<opcode="trunc(33) " fcode="trunc"/>
<opset="trunc_ln92/12 "/>
</bind>
</comp>

<comp id="311" class="1004" name="add_ln103_fu_311">
<pin_list>
<pin id="312" dir="0" index="0" bw="5" slack="8"/>
<pin id="313" dir="0" index="1" bw="1" slack="0"/>
<pin id="314" dir="1" index="2" bw="5" slack="0"/>
</pin_list>
<bind>
<opcode="add(8) " fcode="add"/>
<opset="add_ln103/12 "/>
</bind>
</comp>

<comp id="317" class="1004" name="zext_ln104_fu_317">
<pin_list>
<pin id="318" dir="0" index="0" bw="5" slack="0"/>
<pin id="319" dir="1" index="1" bw="11" slack="0"/>
</pin_list>
<bind>
<opcode="zext(34) " fcode="zext"/>
<opset="zext_ln104/12 "/>
</bind>
</comp>

<comp id="321" class="1004" name="mul_ln104_fu_321">
<pin_list>
<pin id="322" dir="0" index="0" bw="5" slack="0"/>
<pin id="323" dir="0" index="1" bw="7" slack="0"/>
<pin id="324" dir="1" index="2" bw="11" slack="0"/>
</pin_list>
<bind>
<opcode="mul(12) " fcode="mul"/>
<opset="mul_ln104/12 "/>
</bind>
</comp>

<comp id="328" class="1004" name="add_ln104_fu_328">
<pin_list>
<pin id="329" dir="0" index="0" bw="5" slack="8"/>
<pin id="330" dir="0" index="1" bw="1" slack="0"/>
<pin id="331" dir="1" index="2" bw="5" slack="0"/>
</pin_list>
<bind>
<opcode="add(8) " fcode="add"/>
<opset="add_ln104/12 "/>
</bind>
</comp>

<comp id="334" class="1004" name="zext_ln93_fu_334">
<pin_list>
<pin id="335" dir="0" index="0" bw="5" slack="0"/>
<pin id="336" dir="1" index="1" bw="11" slack="0"/>
</pin_list>
<bind>
<opcode="zext(34) " fcode="zext"/>
<opset="zext_ln93/12 "/>
</bind>
</comp>

<comp id="338" class="1004" name="mul_ln93_fu_338">
<pin_list>
<pin id="339" dir="0" index="0" bw="5" slack="0"/>
<pin id="340" dir="0" index="1" bw="7" slack="0"/>
<pin id="341" dir="1" index="2" bw="11" slack="0"/>
</pin_list>
<bind>
<opcode="mul(12) " fcode="mul"/>
<opset="mul_ln93/12 "/>
</bind>
</comp>

<comp id="345" class="1005" name="k_reg_345">
<pin_list>
<pin id="346" dir="0" index="0" bw="31" slack="0"/>
<pin id="347" dir="1" index="1" bw="31" slack="0"/>
</pin_list>
<bind>
<opset="k "/>
</bind>
</comp>

<comp id="352" class="1005" name="num_steps_read_reg_352">
<pin_list>
<pin id="353" dir="0" index="0" bw="32" slack="1"/>
<pin id="354" dir="1" index="1" bw="32" slack="1"/>
</pin_list>
<bind>
<opset="num_steps_read "/>
</bind>
</comp>

<comp id="360" class="1005" name="add_ln84_reg_360">
<pin_list>
<pin id="361" dir="0" index="0" bw="31" slack="1"/>
<pin id="362" dir="1" index="1" bw="31" slack="1"/>
</pin_list>
<bind>
<opset="add_ln84 "/>
</bind>
</comp>

<comp id="368" class="1005" name="mul_ln92_reg_368">
<pin_list>
<pin id="369" dir="0" index="0" bw="11" slack="1"/>
<pin id="370" dir="1" index="1" bw="11" slack="1"/>
</pin_list>
<bind>
<opset="mul_ln92 "/>
</bind>
</comp>

<comp id="373" class="1005" name="trunc_ln92_reg_373">
<pin_list>
<pin id="374" dir="0" index="0" bw="2" slack="1"/>
<pin id="375" dir="1" index="1" bw="2" slack="1"/>
</pin_list>
<bind>
<opset="trunc_ln92 "/>
</bind>
</comp>

<comp id="378" class="1005" name="mul_ln104_reg_378">
<pin_list>
<pin id="379" dir="0" index="0" bw="11" slack="1"/>
<pin id="380" dir="1" index="1" bw="11" slack="1"/>
</pin_list>
<bind>
<opset="mul_ln104 "/>
</bind>
</comp>

<comp id="383" class="1005" name="add_ln104_reg_383">
<pin_list>
<pin id="384" dir="0" index="0" bw="5" slack="1"/>
<pin id="385" dir="1" index="1" bw="5" slack="1"/>
</pin_list>
<bind>
<opset="add_ln104 "/>
</bind>
</comp>

<comp id="388" class="1005" name="mul_ln93_reg_388">
<pin_list>
<pin id="389" dir="0" index="0" bw="11" slack="1"/>
<pin id="390" dir="1" index="1" bw="11" slack="1"/>
</pin_list>
<bind>
<opset="mul_ln93 "/>
</bind>
</comp>

</comp_list>

<net_list>
<net id="71"><net_src comp="6" pin="0"/><net_sink comp="68" pin=0"/></net>

<net id="75"><net_src comp="8" pin="0"/><net_sink comp="72" pin=0"/></net>

<net id="79"><net_src comp="8" pin="0"/><net_sink comp="76" pin=0"/></net>

<net id="83"><net_src comp="8" pin="0"/><net_sink comp="80" pin=0"/></net>

<net id="87"><net_src comp="8" pin="0"/><net_sink comp="84" pin=0"/></net>

<net id="91"><net_src comp="8" pin="0"/><net_sink comp="88" pin=0"/></net>

<net id="95"><net_src comp="8" pin="0"/><net_sink comp="92" pin=0"/></net>

<net id="99"><net_src comp="8" pin="0"/><net_sink comp="96" pin=0"/></net>

<net id="103"><net_src comp="8" pin="0"/><net_sink comp="100" pin=0"/></net>

<net id="107"><net_src comp="8" pin="0"/><net_sink comp="104" pin=0"/></net>

<net id="111"><net_src comp="8" pin="0"/><net_sink comp="108" pin=0"/></net>

<net id="115"><net_src comp="8" pin="0"/><net_sink comp="112" pin=0"/></net>

<net id="119"><net_src comp="8" pin="0"/><net_sink comp="116" pin=0"/></net>

<net id="123"><net_src comp="8" pin="0"/><net_sink comp="120" pin=0"/></net>

<net id="127"><net_src comp="8" pin="0"/><net_sink comp="124" pin=0"/></net>

<net id="131"><net_src comp="8" pin="0"/><net_sink comp="128" pin=0"/></net>

<net id="135"><net_src comp="8" pin="0"/><net_sink comp="132" pin=0"/></net>

<net id="140"><net_src comp="38" pin="0"/><net_sink comp="136" pin=0"/></net>

<net id="141"><net_src comp="4" pin="0"/><net_sink comp="136" pin=1"/></net>

<net id="145"><net_src comp="52" pin="0"/><net_sink comp="142" pin=0"/></net>

<net id="152"><net_src comp="142" pin="1"/><net_sink comp="146" pin=0"/></net>

<net id="153"><net_src comp="146" pin="4"/><net_sink comp="142" pin=0"/></net>

<net id="174"><net_src comp="10" pin="0"/><net_sink comp="154" pin=0"/></net>

<net id="175"><net_src comp="0" pin="0"/><net_sink comp="154" pin=1"/></net>

<net id="176"><net_src comp="72" pin="1"/><net_sink comp="154" pin=2"/></net>

<net id="177"><net_src comp="76" pin="1"/><net_sink comp="154" pin=3"/></net>

<net id="178"><net_src comp="80" pin="1"/><net_sink comp="154" pin=4"/></net>

<net id="179"><net_src comp="84" pin="1"/><net_sink comp="154" pin=5"/></net>

<net id="180"><net_src comp="88" pin="1"/><net_sink comp="154" pin=6"/></net>

<net id="181"><net_src comp="92" pin="1"/><net_sink comp="154" pin=7"/></net>

<net id="182"><net_src comp="96" pin="1"/><net_sink comp="154" pin=8"/></net>

<net id="183"><net_src comp="100" pin="1"/><net_sink comp="154" pin=9"/></net>

<net id="184"><net_src comp="104" pin="1"/><net_sink comp="154" pin=10"/></net>

<net id="185"><net_src comp="108" pin="1"/><net_sink comp="154" pin=11"/></net>

<net id="186"><net_src comp="112" pin="1"/><net_sink comp="154" pin=12"/></net>

<net id="187"><net_src comp="116" pin="1"/><net_sink comp="154" pin=13"/></net>

<net id="188"><net_src comp="120" pin="1"/><net_sink comp="154" pin=14"/></net>

<net id="189"><net_src comp="124" pin="1"/><net_sink comp="154" pin=15"/></net>

<net id="190"><net_src comp="128" pin="1"/><net_sink comp="154" pin=16"/></net>

<net id="191"><net_src comp="132" pin="1"/><net_sink comp="154" pin=17"/></net>

<net id="208"><net_src comp="50" pin="0"/><net_sink comp="192" pin=0"/></net>

<net id="209"><net_src comp="2" pin="0"/><net_sink comp="192" pin=1"/></net>

<net id="229"><net_src comp="58" pin="0"/><net_sink comp="210" pin=0"/></net>

<net id="254"><net_src comp="62" pin="0"/><net_sink comp="230" pin=0"/></net>

<net id="255"><net_src comp="142" pin="1"/><net_sink comp="230" pin=16"/></net>

<net id="260"><net_src comp="12" pin="0"/><net_sink comp="256" pin=0"/></net>

<net id="267"><net_src comp="261" pin="1"/><net_sink comp="264" pin=0"/></net>

<net id="272"><net_src comp="264" pin="1"/><net_sink comp="268" pin=0"/></net>

<net id="277"><net_src comp="261" pin="1"/><net_sink comp="273" pin=0"/></net>

<net id="278"><net_src comp="40" pin="0"/><net_sink comp="273" pin=1"/></net>

<net id="283"><net_src comp="146" pin="4"/><net_sink comp="279" pin=0"/></net>

<net id="284"><net_src comp="54" pin="0"/><net_sink comp="279" pin=1"/></net>

<net id="289"><net_src comp="146" pin="4"/><net_sink comp="285" pin=0"/></net>

<net id="290"><net_src comp="56" pin="0"/><net_sink comp="285" pin=1"/></net>

<net id="298"><net_src comp="142" pin="1"/><net_sink comp="295" pin=0"/></net>

<net id="303"><net_src comp="295" pin="1"/><net_sink comp="299" pin=0"/></net>

<net id="304"><net_src comp="60" pin="0"/><net_sink comp="299" pin=1"/></net>

<net id="305"><net_src comp="299" pin="2"/><net_sink comp="230" pin=1"/></net>

<net id="309"><net_src comp="285" pin="2"/><net_sink comp="306" pin=0"/></net>

<net id="310"><net_src comp="306" pin="1"/><net_sink comp="230" pin=21"/></net>

<net id="315"><net_src comp="142" pin="1"/><net_sink comp="311" pin=0"/></net>

<net id="316"><net_src comp="54" pin="0"/><net_sink comp="311" pin=1"/></net>

<net id="320"><net_src comp="311" pin="2"/><net_sink comp="317" pin=0"/></net>

<net id="325"><net_src comp="317" pin="1"/><net_sink comp="321" pin=0"/></net>

<net id="326"><net_src comp="60" pin="0"/><net_sink comp="321" pin=1"/></net>

<net id="327"><net_src comp="321" pin="2"/><net_sink comp="230" pin=3"/></net>

<net id="332"><net_src comp="142" pin="1"/><net_sink comp="328" pin=0"/></net>

<net id="333"><net_src comp="52" pin="0"/><net_sink comp="328" pin=1"/></net>

<net id="337"><net_src comp="328" pin="2"/><net_sink comp="334" pin=0"/></net>

<net id="342"><net_src comp="334" pin="1"/><net_sink comp="338" pin=0"/></net>

<net id="343"><net_src comp="60" pin="0"/><net_sink comp="338" pin=1"/></net>

<net id="344"><net_src comp="338" pin="2"/><net_sink comp="230" pin=4"/></net>

<net id="348"><net_src comp="68" pin="1"/><net_sink comp="345" pin=0"/></net>

<net id="349"><net_src comp="345" pin="1"/><net_sink comp="256" pin=1"/></net>

<net id="350"><net_src comp="345" pin="1"/><net_sink comp="261" pin=0"/></net>

<net id="351"><net_src comp="345" pin="1"/><net_sink comp="291" pin=1"/></net>

<net id="355"><net_src comp="136" pin="2"/><net_sink comp="352" pin=0"/></net>

<net id="356"><net_src comp="352" pin="1"/><net_sink comp="268" pin=1"/></net>

<net id="363"><net_src comp="273" pin="2"/><net_sink comp="360" pin=0"/></net>

<net id="364"><net_src comp="360" pin="1"/><net_sink comp="291" pin=0"/></net>

<net id="371"><net_src comp="299" pin="2"/><net_sink comp="368" pin=0"/></net>

<net id="372"><net_src comp="368" pin="1"/><net_sink comp="230" pin=1"/></net>

<net id="376"><net_src comp="306" pin="1"/><net_sink comp="373" pin=0"/></net>

<net id="377"><net_src comp="373" pin="1"/><net_sink comp="230" pin=21"/></net>

<net id="381"><net_src comp="321" pin="2"/><net_sink comp="378" pin=0"/></net>

<net id="382"><net_src comp="378" pin="1"/><net_sink comp="230" pin=3"/></net>

<net id="386"><net_src comp="328" pin="2"/><net_sink comp="383" pin=0"/></net>

<net id="387"><net_src comp="383" pin="1"/><net_sink comp="146" pin=2"/></net>

<net id="391"><net_src comp="338" pin="2"/><net_sink comp="388" pin=0"/></net>

<net id="392"><net_src comp="388" pin="1"/><net_sink comp="230" pin=4"/></net>

</net_list>

</model> 
---------------- Datapath Model END ------------------

* FSMD analyzer results:
  - Output states:
	Port: u_out | {3 15 }
 - Input state : 
	Port: heat2d_serial_hls : u_in | {1 2 }
	Port: heat2d_serial_hls : num_steps | {2 }
  - Chain level:
	State 1
		call_ln0 : 1
		store_ln0 : 1
	State 2
	State 3
		zext_ln84 : 1
		icmp_ln84 : 2
		add_ln84 : 1
		br_ln84 : 3
	State 4
		icmp_ln92 : 1
		br_ln92 : 2
		urem_ln92 : 1
	State 5
	State 6
	State 7
	State 8
	State 9
	State 10
	State 11
	State 12
		mul_ln92 : 1
		trunc_ln92 : 1
		zext_ln104 : 1
		mul_ln104 : 2
		zext_ln93 : 1
		mul_ln93 : 2
		call_ln92 : 3
	State 13
	State 14
	State 15


============================================================
+ Verbose Summary: Datapath Resource usage 
============================================================

* Functional unit list:
|----------|-------------------------------------------------------|---------|---------|---------|---------|
| Operation|                    Functional Unit                    |   DSP   |  Delay  |    FF   |   LUT   |
|----------|-------------------------------------------------------|---------|---------|---------|---------|
|          |  grp_heat2d_serial_hls_Pipeline_LOAD_I_LOAD_J_fu_154  |    0    |  0.978  |   246   |   230   |
|   call   | grp_heat2d_serial_hls_Pipeline_STORE_I_STORE_J_fu_192 |    0    |  6.357  |   261   |   385   |
|          |  grp_heat2d_serial_hls_Pipeline_SWAP_I_SWAP_J_fu_210  |    0    |  2.445  |   165   |   224   |
|          |    grp_heat2d_serial_hls_Pipeline_STENCIL_J_fu_230    |    37   |  10.74  |   4006  |   5203  |
|----------|-------------------------------------------------------|---------|---------|---------|---------|
|   urem   |                       grp_fu_285                      |    0    |    0    |    70   |    27   |
|----------|-------------------------------------------------------|---------|---------|---------|---------|
|          |                    mul_ln92_fu_299                    |    0    |    0    |    0    |    30   |
|    mul   |                    mul_ln104_fu_321                   |    0    |    0    |    0    |    30   |
|          |                    mul_ln93_fu_338                    |    0    |    0    |    0    |    30   |
|----------|-------------------------------------------------------|---------|---------|---------|---------|
|          |                    add_ln84_fu_273                    |    0    |    0    |    0    |    38   |
|    add   |                    add_ln103_fu_311                   |    0    |    0    |    0    |    12   |
|          |                    add_ln104_fu_328                   |    0    |    0    |    0    |    12   |
|----------|-------------------------------------------------------|---------|---------|---------|---------|
|   icmp   |                    icmp_ln84_fu_268                   |    0    |    0    |    0    |    39   |
|          |                    icmp_ln92_fu_279                   |    0    |    0    |    0    |    12   |
|----------|-------------------------------------------------------|---------|---------|---------|---------|
|   read   |               num_steps_read_read_fu_136              |    0    |    0    |    0    |    0    |
|----------|-------------------------------------------------------|---------|---------|---------|---------|
|          |                    zext_ln84_fu_264                   |    0    |    0    |    0    |    0    |
|   zext   |                    zext_ln92_fu_295                   |    0    |    0    |    0    |    0    |
|          |                   zext_ln104_fu_317                   |    0    |    0    |    0    |    0    |
|          |                    zext_ln93_fu_334                   |    0    |    0    |    0    |    0    |
|----------|-------------------------------------------------------|---------|---------|---------|---------|
|   trunc  |                   trunc_ln92_fu_306                   |    0    |    0    |    0    |    0    |
|----------|-------------------------------------------------------|---------|---------|---------|---------|
|   Total  |                                                       |    37   |  20.52  |   4748  |   6272  |
|----------|-------------------------------------------------------|---------|---------|---------|---------|

Memories:
+------+--------+--------+--------+--------+
|      |  BRAM  |   FF   |   LUT  |  URAM  |
+------+--------+--------+--------+--------+
|  u_a |    2   |    0   |    0   |    0   |
| u_a_1|    2   |    0   |    0   |    0   |
|u_a_10|    2   |    0   |    0   |    0   |
|u_a_11|    2   |    0   |    0   |    0   |
| u_a_2|    2   |    0   |    0   |    0   |
| u_a_3|    2   |    0   |    0   |    0   |
| u_a_4|    2   |    0   |    0   |    0   |
| u_a_5|    2   |    0   |    0   |    0   |
| u_a_6|    2   |    0   |    0   |    0   |
| u_a_7|    2   |    0   |    0   |    0   |
| u_a_8|    2   |    0   |    0   |    0   |
| u_a_9|    2   |    0   |    0   |    0   |
|  u_b |    2   |    0   |    0   |    0   |
| u_b_1|    2   |    0   |    0   |    0   |
| u_b_2|    2   |    0   |    0   |    0   |
| u_b_3|    2   |    0   |    0   |    0   |
+------+--------+--------+--------+--------+
| Total|   32   |    0   |    0   |    0   |
+------+--------+--------+--------+--------+

* Register list:
+----------------------+--------+
|                      |   FF   |
+----------------------+--------+
|   add_ln104_reg_383  |    5   |
|   add_ln84_reg_360   |   31   |
|       i_reg_142      |    5   |
|       k_reg_345      |   31   |
|   mul_ln104_reg_378  |   11   |
|   mul_ln92_reg_368   |   11   |
|   mul_ln93_reg_388   |   11   |
|num_steps_read_reg_352|   32   |
|  trunc_ln92_reg_373  |    2   |
+----------------------+--------+
|         Total        |   139  |
+----------------------+--------+

* Multiplexer (MUX) list: 
|-------------------------------------------------|------|------|------|--------||---------||---------||---------|
|                       Comp                      |  Pin | Size |  BW  | S x BW ||  Delay  ||    FF   ||   LUT   |
|-------------------------------------------------|------|------|------|--------||---------||---------||---------|
|                    i_reg_142                    |  p0  |   2  |   5  |   10   ||    0    ||    9    |
| grp_heat2d_serial_hls_Pipeline_STENCIL_J_fu_230 |  p1  |   2  |  11  |   22   ||    0    ||    9    |
| grp_heat2d_serial_hls_Pipeline_STENCIL_J_fu_230 |  p3  |   2  |  11  |   22   ||    0    ||    9    |
| grp_heat2d_serial_hls_Pipeline_STENCIL_J_fu_230 |  p4  |   2  |  11  |   22   ||    0    ||    9    |
| grp_heat2d_serial_hls_Pipeline_STENCIL_J_fu_230 |  p21 |   2  |   2  |    4   ||    0    ||    9    |
|-------------------------------------------------|------|------|------|--------||---------||---------||---------|
|                      Total                      |      |      |      |   80   ||  2.445  ||    0    ||    45   |
|-------------------------------------------------|------|------|------|--------||---------||---------||---------|



* Summary:
+-----------+--------+--------+--------+--------+--------+--------+
|           |  BRAM  |   DSP  |  Delay |   FF   |   LUT  |  URAM  |
+-----------+--------+--------+--------+--------+--------+--------+
|  Function |    -   |   37   |   20   |  4748  |  6272  |    -   |
|   Memory  |   32   |    -   |    -   |    0   |    0   |    0   |
|Multiplexer|    -   |    -   |    2   |    0   |   45   |    -   |
|  Register |    -   |    -   |    -   |   139  |    -   |    -   |
+-----------+--------+--------+--------+--------+--------+--------+
|   Total   |   32   |   37   |   22   |  4887  |  6317  |    0   |
+-----------+--------+--------+--------+--------+--------+--------+
