

================================================================
== Vitis HLS Report for 'heat2d_serial_hls_Pipeline_SWAP_I_SWAP_J'
================================================================
* Date:           Fri Mar  6 15:07:54 2026

* Version:        2025.2 (Build 6295257 on Nov 14 2025)
* Project:        solver
* Solution:       hls (Vivado IP Flow Target)
* Product family: zynquplus
* Target device:  xczu5eg-sfvc784-1-i


================================================================
== Performance Estimates
================================================================
+ Timing: 
    * Summary: 
    +--------+----------+----------+------------+
    |  Clock |  Target  | Estimated| Uncertainty|
    +--------+----------+----------+------------+
    |ap_clk  |  10.00 ns|  3.309 ns|     1.25 ns|
    +--------+----------+----------+------------+

+ Latency: 
    * Summary: 
    +---------+---------+----------+----------+-----+-----+-------------------+
    |  Latency (cycles) |  Latency (absolute) |  Interval |      Pipeline     |
    |   min   |   max   |    min   |    max   | min | max |        Type       |
    +---------+---------+----------+----------+-----+-----+-------------------+
    |      909|      909|  9.090 us|  9.090 us|    0|    0|  loop pipeline stp|
    +---------+---------+----------+----------+-----+-----+-------------------+

    + Detail: 
        * Instance: 
        N/A

        * Loop: 
        +-----------------+---------+---------+----------+-----------+-----------+------+----------+
        |                 |  Latency (cycles) | Iteration|  Initiation Interval  | Trip |          |
        |    Loop Name    |   min   |   max   |  Latency |  achieved |   target  | Count| Pipelined|
        +-----------------+---------+---------+----------+-----------+-----------+------+----------+
        |- SWAP_I_SWAP_J  |      907|      907|         9|          1|          1|   900|       yes|
        +-----------------+---------+---------+----------+-----------+-----------+------+----------+

============================================================
+ Verbose Summary: Synthesis Manager
============================================================
InlineROM: 1
ExposeGlobal: 0
============================================================
+ Verbose Summary: CDFG Model
============================================================
IsTopModel: 0
ResetActiveHigh: 1
IsCombinational: 0
IsDatapathOnly: 0
HasWiredReturn: 1
HasMFsm: 2
HasVarLatency: 1
IsPipeline: 0
IsRtlPipelined: 0
IsInstanceOverlapped: 0
IsDontTouch: 0
HasImplIP: 0
IsGatedGlobalClock: 0

+ Individual pipeline summary: 
  * Pipeline-0: initiation interval (II) = 1, depth = 9


============================================================
+ Verbose Summary: Schedule
============================================================
* Number of FSM states : 9
* Pipeline : 1
  Pipeline-0 : II = 1, D = 9, States = { 1 2 3 4 5 6 7 8 9 }
* Dataflow Pipeline: 0

* FSM state transitions: 
1 --> 2 
2 --> 3 
3 --> 4 
4 --> 5 
5 --> 6 
6 --> 7 
7 --> 8 
8 --> 9 
9 --> 

* FSM state operations: 

State 1 <SV = 0> <Delay = 3.21>
ST_1 : Operation 12 [1/1] (0.00ns)   --->   "%j = alloca i32 1" [../slopper/heat2d_hls/src/heat2d_serial_hls.cpp:116]   --->   Operation 12 'alloca' 'j' <Predicate = true> <Delay = 0.00>
ST_1 : Operation 13 [1/1] (0.00ns)   --->   "%i = alloca i32 1" [../slopper/heat2d_hls/src/heat2d_serial_hls.cpp:115]   --->   Operation 13 'alloca' 'i' <Predicate = true> <Delay = 0.00>
ST_1 : Operation 14 [1/1] (0.00ns)   --->   "%indvar_flatten6 = alloca i32 1"   --->   Operation 14 'alloca' 'indvar_flatten6' <Predicate = true> <Delay = 0.00>
ST_1 : Operation 15 [1/1] (0.48ns)   --->   "%store_ln0 = store i10 0, i10 %indvar_flatten6"   --->   Operation 15 'store' 'store_ln0' <Predicate = true> <Delay = 0.48>
ST_1 : Operation 16 [1/1] (0.48ns)   --->   "%store_ln115 = store i5 1, i5 %i" [../slopper/heat2d_hls/src/heat2d_serial_hls.cpp:115]   --->   Operation 16 'store' 'store_ln115' <Predicate = true> <Delay = 0.48>
ST_1 : Operation 17 [1/1] (0.48ns)   --->   "%store_ln116 = store i5 1, i5 %j" [../slopper/heat2d_hls/src/heat2d_serial_hls.cpp:116]   --->   Operation 17 'store' 'store_ln116' <Predicate = true> <Delay = 0.48>
ST_1 : Operation 18 [1/1] (0.00ns)   --->   "%br_ln0 = br void %for.inc86"   --->   Operation 18 'br' 'br_ln0' <Predicate = true> <Delay = 0.00>
ST_1 : Operation 19 [1/1] (0.00ns)   --->   "%indvar_flatten6_load = load i10 %indvar_flatten6" [../slopper/heat2d_hls/src/heat2d_serial_hls.cpp:115]   --->   Operation 19 'load' 'indvar_flatten6_load' <Predicate = true> <Delay = 0.00>
ST_1 : Operation 20 [1/1] (0.93ns)   --->   "%icmp_ln115 = icmp_eq  i10 %indvar_flatten6_load, i10 900" [../slopper/heat2d_hls/src/heat2d_serial_hls.cpp:115]   --->   Operation 20 'icmp' 'icmp_ln115' <Predicate = true> <Delay = 0.93> <CoreInst = "Cmp">   --->   Core 9 'Cmp' <Latency = 0> <II = 1> <Delay = 0.93> <FuncUnit> <Opcode : 'seteq' 'setne' 'setle' 'setge' 'setlt' 'setgt'> <InPorts = 2> <OutPorts = 1>
ST_1 : Operation 21 [1/1] (0.93ns)   --->   "%add_ln115_1 = add i10 %indvar_flatten6_load, i10 1" [../slopper/heat2d_hls/src/heat2d_serial_hls.cpp:115]   --->   Operation 21 'add' 'add_ln115_1' <Predicate = true> <Delay = 0.93> <CoreInst = "Adder">   --->   Core 1 'Adder' <Latency = 0> <II = 1> <Delay = 0.93> <FuncUnit> <Opcode : 'add' 'sub'> <InPorts = 2> <OutPorts = 1>
ST_1 : Operation 22 [1/1] (0.00ns)   --->   "%br_ln115 = br i1 %icmp_ln115, void %for.inc89, void %for.inc92.exitStub" [../slopper/heat2d_hls/src/heat2d_serial_hls.cpp:115]   --->   Operation 22 'br' 'br_ln115' <Predicate = true> <Delay = 0.00>
ST_1 : Operation 23 [1/1] (0.00ns)   --->   "%j_load = load i5 %j" [../slopper/heat2d_hls/src/heat2d_serial_hls.cpp:116]   --->   Operation 23 'load' 'j_load' <Predicate = (!icmp_ln115)> <Delay = 0.00>
ST_1 : Operation 24 [1/1] (0.00ns)   --->   "%i_load = load i5 %i" [../slopper/heat2d_hls/src/heat2d_serial_hls.cpp:115]   --->   Operation 24 'load' 'i_load' <Predicate = (!icmp_ln115)> <Delay = 0.00>
ST_1 : Operation 25 [1/1] (0.87ns)   --->   "%add_ln115 = add i5 %i_load, i5 1" [../slopper/heat2d_hls/src/heat2d_serial_hls.cpp:115]   --->   Operation 25 'add' 'add_ln115' <Predicate = (!icmp_ln115)> <Delay = 0.87> <CoreInst = "Adder">   --->   Core 1 'Adder' <Latency = 0> <II = 1> <Delay = 0.87> <FuncUnit> <Opcode : 'add' 'sub'> <InPorts = 2> <OutPorts = 1>
ST_1 : Operation 26 [1/1] (0.87ns)   --->   "%icmp_ln116 = icmp_eq  i5 %j_load, i5 31" [../slopper/heat2d_hls/src/heat2d_serial_hls.cpp:116]   --->   Operation 26 'icmp' 'icmp_ln116' <Predicate = (!icmp_ln115)> <Delay = 0.87> <CoreInst = "Cmp">   --->   Core 9 'Cmp' <Latency = 0> <II = 1> <Delay = 0.87> <FuncUnit> <Opcode : 'seteq' 'setne' 'setle' 'setge' 'setlt' 'setgt'> <InPorts = 2> <OutPorts = 1>
ST_1 : Operation 27 [1/1] (0.48ns)   --->   "%select_ln115 = select i1 %icmp_ln116, i5 1, i5 %j_load" [../slopper/heat2d_hls/src/heat2d_serial_hls.cpp:115]   --->   Operation 27 'select' 'select_ln115' <Predicate = (!icmp_ln115)> <Delay = 0.48> <CoreInst = "Sel">   --->   Core 73 'Sel' <Latency = 0> <II = 1> <Delay = 0.48> <FuncUnit> <Opcode : 'select'> <InPorts = 3> <OutPorts = 1>
ST_1 : Operation 28 [1/1] (0.48ns)   --->   "%select_ln115_1 = select i1 %icmp_ln116, i5 %add_ln115, i5 %i_load" [../slopper/heat2d_hls/src/heat2d_serial_hls.cpp:115]   --->   Operation 28 'select' 'select_ln115_1' <Predicate = (!icmp_ln115)> <Delay = 0.48> <CoreInst = "Sel">   --->   Core 73 'Sel' <Latency = 0> <II = 1> <Delay = 0.48> <FuncUnit> <Opcode : 'select'> <InPorts = 3> <OutPorts = 1>
ST_1 : Operation 29 [9/9] (1.22ns)   --->   "%urem_ln115 = urem i5 %select_ln115_1, i5 3" [../slopper/heat2d_hls/src/heat2d_serial_hls.cpp:115]   --->   Operation 29 'urem' 'urem_ln115' <Predicate = (!icmp_ln115)> <Delay = 1.22> <CoreInst = "Divider">   --->   Core 6 'Divider' <Latency = 8> <II = 1> <Delay = 1.22> <FuncUnit> <Opcode : 'udiv' 'sdiv' 'urem' 'srem'> <InPorts = 2> <OutPorts = 1>
ST_1 : Operation 30 [1/1] (0.00ns)   --->   "%trunc_ln116 = trunc i5 %select_ln115" [../slopper/heat2d_hls/src/heat2d_serial_hls.cpp:116]   --->   Operation 30 'trunc' 'trunc_ln116' <Predicate = (!icmp_ln115)> <Delay = 0.00>
ST_1 : Operation 31 [1/1] (0.00ns)   --->   "%lshr_ln2 = partselect i3 @_ssdm_op_PartSelect.i3.i5.i32.i32, i5 %select_ln115, i32 2, i32 4" [../slopper/heat2d_hls/src/heat2d_serial_hls.cpp:116]   --->   Operation 31 'partselect' 'lshr_ln2' <Predicate = (!icmp_ln115)> <Delay = 0.00>
ST_1 : Operation 32 [1/1] (0.62ns)   --->   "%switch_ln118 = switch i2 %trunc_ln116, void %arrayidx854.case.3, i2 0, void %arrayidx854.case.0, i2 1, void %arrayidx854.case.1, i2 2, void %arrayidx854.case.2" [../slopper/heat2d_hls/src/heat2d_serial_hls.cpp:118]   --->   Operation 32 'switch' 'switch_ln118' <Predicate = (!icmp_ln115)> <Delay = 0.62>
ST_1 : Operation 33 [1/1] (0.00ns)   --->   "%br_ln118 = br void %arrayidx854.exit" [../slopper/heat2d_hls/src/heat2d_serial_hls.cpp:118]   --->   Operation 33 'br' 'br_ln118' <Predicate = (!icmp_ln115 & trunc_ln116 == 2)> <Delay = 0.00>
ST_1 : Operation 34 [1/1] (0.00ns)   --->   "%br_ln118 = br void %arrayidx854.exit" [../slopper/heat2d_hls/src/heat2d_serial_hls.cpp:118]   --->   Operation 34 'br' 'br_ln118' <Predicate = (!icmp_ln115 & trunc_ln116 == 1)> <Delay = 0.00>
ST_1 : Operation 35 [1/1] (0.00ns)   --->   "%br_ln118 = br void %arrayidx854.exit" [../slopper/heat2d_hls/src/heat2d_serial_hls.cpp:118]   --->   Operation 35 'br' 'br_ln118' <Predicate = (!icmp_ln115 & trunc_ln116 == 0)> <Delay = 0.00>
ST_1 : Operation 36 [1/1] (0.00ns)   --->   "%br_ln118 = br void %arrayidx854.exit" [../slopper/heat2d_hls/src/heat2d_serial_hls.cpp:118]   --->   Operation 36 'br' 'br_ln118' <Predicate = (!icmp_ln115 & trunc_ln116 == 3)> <Delay = 0.00>
ST_1 : Operation 37 [1/1] (0.87ns)   --->   "%add_ln116 = add i5 %select_ln115, i5 1" [../slopper/heat2d_hls/src/heat2d_serial_hls.cpp:116]   --->   Operation 37 'add' 'add_ln116' <Predicate = (!icmp_ln115)> <Delay = 0.87> <CoreInst = "Adder">   --->   Core 1 'Adder' <Latency = 0> <II = 1> <Delay = 0.87> <FuncUnit> <Opcode : 'add' 'sub'> <InPorts = 2> <OutPorts = 1>
ST_1 : Operation 38 [1/1] (0.48ns)   --->   "%store_ln115 = store i10 %add_ln115_1, i10 %indvar_flatten6" [../slopper/heat2d_hls/src/heat2d_serial_hls.cpp:115]   --->   Operation 38 'store' 'store_ln115' <Predicate = (!icmp_ln115)> <Delay = 0.48>
ST_1 : Operation 39 [1/1] (0.48ns)   --->   "%store_ln115 = store i5 %select_ln115_1, i5 %i" [../slopper/heat2d_hls/src/heat2d_serial_hls.cpp:115]   --->   Operation 39 'store' 'store_ln115' <Predicate = (!icmp_ln115)> <Delay = 0.48>
ST_1 : Operation 40 [1/1] (0.48ns)   --->   "%store_ln116 = store i5 %add_ln116, i5 %j" [../slopper/heat2d_hls/src/heat2d_serial_hls.cpp:116]   --->   Operation 40 'store' 'store_ln116' <Predicate = (!icmp_ln115)> <Delay = 0.48>
ST_1 : Operation 41 [1/1] (0.00ns)   --->   "%br_ln116 = br void %for.inc86" [../slopper/heat2d_hls/src/heat2d_serial_hls.cpp:116]   --->   Operation 41 'br' 'br_ln116' <Predicate = (!icmp_ln115)> <Delay = 0.00>

State 2 <SV = 1> <Delay = 1.22>
ST_2 : Operation 42 [8/9] (1.22ns)   --->   "%urem_ln115 = urem i5 %select_ln115_1, i5 3" [../slopper/heat2d_hls/src/heat2d_serial_hls.cpp:115]   --->   Operation 42 'urem' 'urem_ln115' <Predicate = true> <Delay = 1.22> <CoreInst = "Divider">   --->   Core 6 'Divider' <Latency = 8> <II = 1> <Delay = 1.22> <FuncUnit> <Opcode : 'udiv' 'sdiv' 'urem' 'srem'> <InPorts = 2> <OutPorts = 1>

State 3 <SV = 2> <Delay = 1.22>
ST_3 : Operation 43 [7/9] (1.22ns)   --->   "%urem_ln115 = urem i5 %select_ln115_1, i5 3" [../slopper/heat2d_hls/src/heat2d_serial_hls.cpp:115]   --->   Operation 43 'urem' 'urem_ln115' <Predicate = true> <Delay = 1.22> <CoreInst = "Divider">   --->   Core 6 'Divider' <Latency = 8> <II = 1> <Delay = 1.22> <FuncUnit> <Opcode : 'udiv' 'sdiv' 'urem' 'srem'> <InPorts = 2> <OutPorts = 1>

State 4 <SV = 3> <Delay = 1.22>
ST_4 : Operation 44 [6/9] (1.22ns)   --->   "%urem_ln115 = urem i5 %select_ln115_1, i5 3" [../slopper/heat2d_hls/src/heat2d_serial_hls.cpp:115]   --->   Operation 44 'urem' 'urem_ln115' <Predicate = true> <Delay = 1.22> <CoreInst = "Divider">   --->   Core 6 'Divider' <Latency = 8> <II = 1> <Delay = 1.22> <FuncUnit> <Opcode : 'udiv' 'sdiv' 'urem' 'srem'> <InPorts = 2> <OutPorts = 1>

State 5 <SV = 4> <Delay = 1.22>
ST_5 : Operation 45 [5/9] (1.22ns)   --->   "%urem_ln115 = urem i5 %select_ln115_1, i5 3" [../slopper/heat2d_hls/src/heat2d_serial_hls.cpp:115]   --->   Operation 45 'urem' 'urem_ln115' <Predicate = true> <Delay = 1.22> <CoreInst = "Divider">   --->   Core 6 'Divider' <Latency = 8> <II = 1> <Delay = 1.22> <FuncUnit> <Opcode : 'udiv' 'sdiv' 'urem' 'srem'> <InPorts = 2> <OutPorts = 1>

State 6 <SV = 5> <Delay = 1.22>
ST_6 : Operation 46 [4/9] (1.22ns)   --->   "%urem_ln115 = urem i5 %select_ln115_1, i5 3" [../slopper/heat2d_hls/src/heat2d_serial_hls.cpp:115]   --->   Operation 46 'urem' 'urem_ln115' <Predicate = true> <Delay = 1.22> <CoreInst = "Divider">   --->   Core 6 'Divider' <Latency = 8> <II = 1> <Delay = 1.22> <FuncUnit> <Opcode : 'udiv' 'sdiv' 'urem' 'srem'> <InPorts = 2> <OutPorts = 1>

State 7 <SV = 6> <Delay = 1.22>
ST_7 : Operation 47 [3/9] (1.22ns)   --->   "%urem_ln115 = urem i5 %select_ln115_1, i5 3" [../slopper/heat2d_hls/src/heat2d_serial_hls.cpp:115]   --->   Operation 47 'urem' 'urem_ln115' <Predicate = true> <Delay = 1.22> <CoreInst = "Divider">   --->   Core 6 'Divider' <Latency = 8> <II = 1> <Delay = 1.22> <FuncUnit> <Opcode : 'udiv' 'sdiv' 'urem' 'srem'> <InPorts = 2> <OutPorts = 1>

State 8 <SV = 7> <Delay = 1.82>
ST_8 : Operation 48 [1/1] (0.00ns)   --->   "%zext_ln115 = zext i5 %select_ln115_1" [../slopper/heat2d_hls/src/heat2d_serial_hls.cpp:115]   --->   Operation 48 'zext' 'zext_ln115' <Predicate = true> <Delay = 0.00>
ST_8 : Operation 49 [1/1] (1.82ns)   --->   "%mul_ln115 = mul i11 %zext_ln115, i11 43" [../slopper/heat2d_hls/src/heat2d_serial_hls.cpp:115]   --->   Operation 49 'mul' 'mul_ln115' <Predicate = true> <Delay = 1.82> <CoreInst = "Multiplier">   --->   Core 3 'Multiplier' <Latency = 0> <II = 1> <Delay = 1.82> <FuncUnit> <Opcode : 'mul'> <InPorts = 2> <OutPorts = 1>
ST_8 : Operation 50 [2/9] (1.22ns)   --->   "%urem_ln115 = urem i5 %select_ln115_1, i5 3" [../slopper/heat2d_hls/src/heat2d_serial_hls.cpp:115]   --->   Operation 50 'urem' 'urem_ln115' <Predicate = true> <Delay = 1.22> <CoreInst = "Divider">   --->   Core 6 'Divider' <Latency = 8> <II = 1> <Delay = 1.22> <FuncUnit> <Opcode : 'udiv' 'sdiv' 'urem' 'srem'> <InPorts = 2> <OutPorts = 1>
ST_8 : Operation 51 [1/1] (0.00ns)   --->   "%tmp_35_cast = partselect i4 @_ssdm_op_PartSelect.i4.i11.i32.i32, i11 %mul_ln115, i32 7, i32 10" [../slopper/heat2d_hls/src/heat2d_serial_hls.cpp:118]   --->   Operation 51 'partselect' 'tmp_35_cast' <Predicate = true> <Delay = 0.00>
ST_8 : Operation 52 [1/1] (0.00ns)   --->   "%tmp_1 = bitconcatenate i8 @_ssdm_op_BitConcatenate.i8.i5.i3, i5 %select_ln115_1, i3 %lshr_ln2" [../slopper/heat2d_hls/src/heat2d_serial_hls.cpp:118]   --->   Operation 52 'bitconcatenate' 'tmp_1' <Predicate = true> <Delay = 0.00>
ST_8 : Operation 53 [1/1] (0.00ns)   --->   "%zext_ln118_1 = zext i8 %tmp_1" [../slopper/heat2d_hls/src/heat2d_serial_hls.cpp:118]   --->   Operation 53 'zext' 'zext_ln118_1' <Predicate = true> <Delay = 0.00>
ST_8 : Operation 54 [1/1] (0.00ns)   --->   "%u_b_addr = getelementptr i64 %u_b, i64 0, i64 %zext_ln118_1" [../slopper/heat2d_hls/src/heat2d_serial_hls.cpp:118]   --->   Operation 54 'getelementptr' 'u_b_addr' <Predicate = (trunc_ln116 == 0)> <Delay = 0.00>
ST_8 : Operation 55 [1/1] (0.00ns)   --->   "%u_b_1_addr = getelementptr i64 %u_b_1, i64 0, i64 %zext_ln118_1" [../slopper/heat2d_hls/src/heat2d_serial_hls.cpp:118]   --->   Operation 55 'getelementptr' 'u_b_1_addr' <Predicate = (trunc_ln116 == 1)> <Delay = 0.00>
ST_8 : Operation 56 [1/1] (0.00ns)   --->   "%u_b_2_addr = getelementptr i64 %u_b_2, i64 0, i64 %zext_ln118_1" [../slopper/heat2d_hls/src/heat2d_serial_hls.cpp:118]   --->   Operation 56 'getelementptr' 'u_b_2_addr' <Predicate = (trunc_ln116 == 2)> <Delay = 0.00>
ST_8 : Operation 57 [1/1] (0.00ns)   --->   "%u_b_3_addr = getelementptr i64 %u_b_3, i64 0, i64 %zext_ln118_1" [../slopper/heat2d_hls/src/heat2d_serial_hls.cpp:118]   --->   Operation 57 'getelementptr' 'u_b_3_addr' <Predicate = (trunc_ln116 == 3)> <Delay = 0.00>
ST_8 : Operation 58 [2/2] (1.35ns)   --->   "%u_b_load = load i8 %u_b_addr" [../slopper/heat2d_hls/src/heat2d_serial_hls.cpp:118]   --->   Operation 58 'load' 'u_b_load' <Predicate = (trunc_ln116 == 0)> <Delay = 1.35> <CoreInst = "RAM">   --->   Core 82 'RAM' <Latency = 1> <II = 1> <Delay = 1.35> <Storage> <Opcode : 'load' 'store'> <Ports = 2> <Width = 64> <Depth = 256> <RAM>
ST_8 : Operation 59 [2/2] (1.35ns)   --->   "%u_b_1_load = load i8 %u_b_1_addr" [../slopper/heat2d_hls/src/heat2d_serial_hls.cpp:118]   --->   Operation 59 'load' 'u_b_1_load' <Predicate = (trunc_ln116 == 1)> <Delay = 1.35> <CoreInst = "RAM">   --->   Core 82 'RAM' <Latency = 1> <II = 1> <Delay = 1.35> <Storage> <Opcode : 'load' 'store'> <Ports = 2> <Width = 64> <Depth = 256> <RAM>
ST_8 : Operation 60 [2/2] (1.35ns)   --->   "%u_b_2_load = load i8 %u_b_2_addr" [../slopper/heat2d_hls/src/heat2d_serial_hls.cpp:118]   --->   Operation 60 'load' 'u_b_2_load' <Predicate = (trunc_ln116 == 2)> <Delay = 1.35> <CoreInst = "RAM">   --->   Core 82 'RAM' <Latency = 1> <II = 1> <Delay = 1.35> <Storage> <Opcode : 'load' 'store'> <Ports = 2> <Width = 64> <Depth = 256> <RAM>
ST_8 : Operation 61 [2/2] (1.35ns)   --->   "%u_b_3_load = load i8 %u_b_3_addr" [../slopper/heat2d_hls/src/heat2d_serial_hls.cpp:118]   --->   Operation 61 'load' 'u_b_3_load' <Predicate = (trunc_ln116 == 3)> <Delay = 1.35> <CoreInst = "RAM">   --->   Core 82 'RAM' <Latency = 1> <II = 1> <Delay = 1.35> <Storage> <Opcode : 'load' 'store'> <Ports = 2> <Width = 64> <Depth = 256> <RAM>
ST_8 : Operation 114 [1/1] (0.48ns)   --->   "%ret_ln0 = ret"   --->   Operation 114 'ret' 'ret_ln0' <Predicate = (icmp_ln115)> <Delay = 0.48>

State 9 <SV = 8> <Delay = 3.30>
ST_9 : Operation 62 [1/1] (0.00ns)   --->   "%specloopname_ln0 = specloopname void @_ssdm_op_SpecLoopName, void @SWAP_I_SWAP_J_str"   --->   Operation 62 'specloopname' 'specloopname_ln0' <Predicate = true> <Delay = 0.00>
ST_9 : Operation 63 [1/1] (0.00ns)   --->   "%speclooptripcount_ln0 = speclooptripcount void @_ssdm_op_SpecLoopTripCount, i64 900, i64 900, i64 900"   --->   Operation 63 'speclooptripcount' 'speclooptripcount_ln0' <Predicate = true> <Delay = 0.00>
ST_9 : Operation 64 [1/9] (1.22ns)   --->   "%urem_ln115 = urem i5 %select_ln115_1, i5 3" [../slopper/heat2d_hls/src/heat2d_serial_hls.cpp:115]   --->   Operation 64 'urem' 'urem_ln115' <Predicate = true> <Delay = 1.22> <CoreInst = "Divider">   --->   Core 6 'Divider' <Latency = 8> <II = 1> <Delay = 1.22> <FuncUnit> <Opcode : 'udiv' 'sdiv' 'urem' 'srem'> <InPorts = 2> <OutPorts = 1>
ST_9 : Operation 65 [1/1] (0.00ns)   --->   "%trunc_ln115 = trunc i2 %urem_ln115" [../slopper/heat2d_hls/src/heat2d_serial_hls.cpp:115]   --->   Operation 65 'trunc' 'trunc_ln115' <Predicate = true> <Delay = 0.00>
ST_9 : Operation 66 [1/1] (0.00ns)   --->   "%specpipeline_ln117 = specpipeline void @_ssdm_op_SpecPipeline, i32 1, i32 0, i32 0, i32 0, i32 4294967295, void @empty_2" [../slopper/heat2d_hls/src/heat2d_serial_hls.cpp:117]   --->   Operation 66 'specpipeline' 'specpipeline_ln117' <Predicate = true> <Delay = 0.00>
ST_9 : Operation 67 [1/1] (0.00ns)   --->   "%tmp_s = bitconcatenate i7 @_ssdm_op_BitConcatenate.i7.i4.i3, i4 %tmp_35_cast, i3 %lshr_ln2" [../slopper/heat2d_hls/src/heat2d_serial_hls.cpp:118]   --->   Operation 67 'bitconcatenate' 'tmp_s' <Predicate = true> <Delay = 0.00>
ST_9 : Operation 68 [1/1] (0.00ns)   --->   "%zext_ln118 = zext i7 %tmp_s" [../slopper/heat2d_hls/src/heat2d_serial_hls.cpp:118]   --->   Operation 68 'zext' 'zext_ln118' <Predicate = true> <Delay = 0.00>
ST_9 : Operation 69 [1/1] (0.00ns)   --->   "%u_a_addr = getelementptr i64 %u_a, i64 0, i64 %zext_ln118" [../slopper/heat2d_hls/src/heat2d_serial_hls.cpp:118]   --->   Operation 69 'getelementptr' 'u_a_addr' <Predicate = true> <Delay = 0.00>
ST_9 : Operation 70 [1/1] (0.00ns)   --->   "%u_a_1_addr = getelementptr i64 %u_a_1, i64 0, i64 %zext_ln118" [../slopper/heat2d_hls/src/heat2d_serial_hls.cpp:118]   --->   Operation 70 'getelementptr' 'u_a_1_addr' <Predicate = true> <Delay = 0.00>
ST_9 : Operation 71 [1/1] (0.00ns)   --->   "%u_a_2_addr = getelementptr i64 %u_a_2, i64 0, i64 %zext_ln118" [../slopper/heat2d_hls/src/heat2d_serial_hls.cpp:118]   --->   Operation 71 'getelementptr' 'u_a_2_addr' <Predicate = true> <Delay = 0.00>
ST_9 : Operation 72 [1/1] (0.00ns)   --->   "%u_a_3_addr = getelementptr i64 %u_a_3, i64 0, i64 %zext_ln118" [../slopper/heat2d_hls/src/heat2d_serial_hls.cpp:118]   --->   Operation 72 'getelementptr' 'u_a_3_addr' <Predicate = true> <Delay = 0.00>
ST_9 : Operation 73 [1/1] (0.00ns)   --->   "%u_a_4_addr = getelementptr i64 %u_a_4, i64 0, i64 %zext_ln118" [../slopper/heat2d_hls/src/heat2d_serial_hls.cpp:118]   --->   Operation 73 'getelementptr' 'u_a_4_addr' <Predicate = true> <Delay = 0.00>
ST_9 : Operation 74 [1/1] (0.00ns)   --->   "%u_a_5_addr = getelementptr i64 %u_a_5, i64 0, i64 %zext_ln118" [../slopper/heat2d_hls/src/heat2d_serial_hls.cpp:118]   --->   Operation 74 'getelementptr' 'u_a_5_addr' <Predicate = true> <Delay = 0.00>
ST_9 : Operation 75 [1/1] (0.00ns)   --->   "%u_a_6_addr = getelementptr i64 %u_a_6, i64 0, i64 %zext_ln118" [../slopper/heat2d_hls/src/heat2d_serial_hls.cpp:118]   --->   Operation 75 'getelementptr' 'u_a_6_addr' <Predicate = true> <Delay = 0.00>
ST_9 : Operation 76 [1/1] (0.00ns)   --->   "%u_a_7_addr = getelementptr i64 %u_a_7, i64 0, i64 %zext_ln118" [../slopper/heat2d_hls/src/heat2d_serial_hls.cpp:118]   --->   Operation 76 'getelementptr' 'u_a_7_addr' <Predicate = true> <Delay = 0.00>
ST_9 : Operation 77 [1/1] (0.00ns)   --->   "%u_a_8_addr = getelementptr i64 %u_a_8, i64 0, i64 %zext_ln118" [../slopper/heat2d_hls/src/heat2d_serial_hls.cpp:118]   --->   Operation 77 'getelementptr' 'u_a_8_addr' <Predicate = true> <Delay = 0.00>
ST_9 : Operation 78 [1/1] (0.00ns)   --->   "%u_a_9_addr = getelementptr i64 %u_a_9, i64 0, i64 %zext_ln118" [../slopper/heat2d_hls/src/heat2d_serial_hls.cpp:118]   --->   Operation 78 'getelementptr' 'u_a_9_addr' <Predicate = true> <Delay = 0.00>
ST_9 : Operation 79 [1/1] (0.00ns)   --->   "%u_a_10_addr = getelementptr i64 %u_a_10, i64 0, i64 %zext_ln118" [../slopper/heat2d_hls/src/heat2d_serial_hls.cpp:118]   --->   Operation 79 'getelementptr' 'u_a_10_addr' <Predicate = true> <Delay = 0.00>
ST_9 : Operation 80 [1/1] (0.00ns)   --->   "%u_a_11_addr = getelementptr i64 %u_a_11, i64 0, i64 %zext_ln118" [../slopper/heat2d_hls/src/heat2d_serial_hls.cpp:118]   --->   Operation 80 'getelementptr' 'u_a_11_addr' <Predicate = true> <Delay = 0.00>
ST_9 : Operation 81 [1/2] ( I:1.35ns O:1.35ns )   --->   "%u_b_load = load i8 %u_b_addr" [../slopper/heat2d_hls/src/heat2d_serial_hls.cpp:118]   --->   Operation 81 'load' 'u_b_load' <Predicate = (trunc_ln116 == 0)> <Delay = 1.35> <CoreInst = "RAM">   --->   Core 82 'RAM' <Latency = 1> <II = 1> <Delay = 1.35> <Storage> <Opcode : 'load' 'store'> <Ports = 2> <Width = 64> <Depth = 256> <RAM>
ST_9 : Operation 82 [1/2] ( I:1.35ns O:1.35ns )   --->   "%u_b_1_load = load i8 %u_b_1_addr" [../slopper/heat2d_hls/src/heat2d_serial_hls.cpp:118]   --->   Operation 82 'load' 'u_b_1_load' <Predicate = (trunc_ln116 == 1)> <Delay = 1.35> <CoreInst = "RAM">   --->   Core 82 'RAM' <Latency = 1> <II = 1> <Delay = 1.35> <Storage> <Opcode : 'load' 'store'> <Ports = 2> <Width = 64> <Depth = 256> <RAM>
ST_9 : Operation 83 [1/2] ( I:1.35ns O:1.35ns )   --->   "%u_b_2_load = load i8 %u_b_2_addr" [../slopper/heat2d_hls/src/heat2d_serial_hls.cpp:118]   --->   Operation 83 'load' 'u_b_2_load' <Predicate = (trunc_ln116 == 2)> <Delay = 1.35> <CoreInst = "RAM">   --->   Core 82 'RAM' <Latency = 1> <II = 1> <Delay = 1.35> <Storage> <Opcode : 'load' 'store'> <Ports = 2> <Width = 64> <Depth = 256> <RAM>
ST_9 : Operation 84 [1/2] ( I:1.35ns O:1.35ns )   --->   "%u_b_3_load = load i8 %u_b_3_addr" [../slopper/heat2d_hls/src/heat2d_serial_hls.cpp:118]   --->   Operation 84 'load' 'u_b_3_load' <Predicate = (trunc_ln116 == 3)> <Delay = 1.35> <CoreInst = "RAM">   --->   Core 82 'RAM' <Latency = 1> <II = 1> <Delay = 1.35> <Storage> <Opcode : 'load' 'store'> <Ports = 2> <Width = 64> <Depth = 256> <RAM>
ST_9 : Operation 85 [1/1] (0.60ns)   --->   "%tmp_2 = sparsemux i64 @_ssdm_op_SparseMux.ap_auto.4double.double.i2, i2 0, i64 %u_b_load, i2 1, i64 %u_b_1_load, i2 2, i64 %u_b_2_load, i2 3, i64 %u_b_3_load, i64 <undef>, i2 %trunc_ln116" [../slopper/heat2d_hls/src/heat2d_serial_hls.cpp:118]   --->   Operation 85 'sparsemux' 'tmp_2' <Predicate = true> <Delay = 0.60> <CoreInst = "BinarySparseMux_DontCare">   --->   Core 149 'BinarySparseMux_DontCare' <Latency = 0> <II = 1> <Delay = 0.60> <FuncUnit> <Opcode : 'sparsemux'> <InPorts = 2> <OutPorts = 1>
ST_9 : Operation 86 [1/1] (0.62ns)   --->   "%switch_ln118 = switch i2 %trunc_ln115, void %arrayidx854_2.case.2, i2 0, void %arrayidx854_2.case.0, i2 1, void %arrayidx854_2.case.1" [../slopper/heat2d_hls/src/heat2d_serial_hls.cpp:118]   --->   Operation 86 'switch' 'switch_ln118' <Predicate = (trunc_ln116 == 2)> <Delay = 0.62>
ST_9 : Operation 87 [1/1] ( I:1.35ns O:1.35ns )   --->   "%store_ln118 = store i64 %tmp_2, i7 %u_a_7_addr" [../slopper/heat2d_hls/src/heat2d_serial_hls.cpp:118]   --->   Operation 87 'store' 'store_ln118' <Predicate = (trunc_ln116 == 2 & trunc_ln115 == 1)> <Delay = 1.35> <CoreInst = "RAM">   --->   Core 82 'RAM' <Latency = 1> <II = 1> <Delay = 1.35> <Storage> <Opcode : 'load' 'store'> <Ports = 2> <Width = 64> <Depth = 88> <RAM>
ST_9 : Operation 88 [1/1] (0.00ns)   --->   "%br_ln118 = br void %arrayidx854_2.exit" [../slopper/heat2d_hls/src/heat2d_serial_hls.cpp:118]   --->   Operation 88 'br' 'br_ln118' <Predicate = (trunc_ln116 == 2 & trunc_ln115 == 1)> <Delay = 0.00>
ST_9 : Operation 89 [1/1] ( I:1.35ns O:1.35ns )   --->   "%store_ln118 = store i64 %tmp_2, i7 %u_a_6_addr" [../slopper/heat2d_hls/src/heat2d_serial_hls.cpp:118]   --->   Operation 89 'store' 'store_ln118' <Predicate = (trunc_ln116 == 2 & trunc_ln115 == 0)> <Delay = 1.35> <CoreInst = "RAM">   --->   Core 82 'RAM' <Latency = 1> <II = 1> <Delay = 1.35> <Storage> <Opcode : 'load' 'store'> <Ports = 2> <Width = 64> <Depth = 88> <RAM>
ST_9 : Operation 90 [1/1] (0.00ns)   --->   "%br_ln118 = br void %arrayidx854_2.exit" [../slopper/heat2d_hls/src/heat2d_serial_hls.cpp:118]   --->   Operation 90 'br' 'br_ln118' <Predicate = (trunc_ln116 == 2 & trunc_ln115 == 0)> <Delay = 0.00>
ST_9 : Operation 91 [1/1] ( I:1.35ns O:1.35ns )   --->   "%store_ln118 = store i64 %tmp_2, i7 %u_a_8_addr" [../slopper/heat2d_hls/src/heat2d_serial_hls.cpp:118]   --->   Operation 91 'store' 'store_ln118' <Predicate = (trunc_ln116 == 2 & trunc_ln115 != 0 & trunc_ln115 != 1)> <Delay = 1.35> <CoreInst = "RAM">   --->   Core 82 'RAM' <Latency = 1> <II = 1> <Delay = 1.35> <Storage> <Opcode : 'load' 'store'> <Ports = 2> <Width = 64> <Depth = 88> <RAM>
ST_9 : Operation 92 [1/1] (0.00ns)   --->   "%br_ln118 = br void %arrayidx854_2.exit" [../slopper/heat2d_hls/src/heat2d_serial_hls.cpp:118]   --->   Operation 92 'br' 'br_ln118' <Predicate = (trunc_ln116 == 2 & trunc_ln115 != 0 & trunc_ln115 != 1)> <Delay = 0.00>
ST_9 : Operation 93 [1/1] (0.62ns)   --->   "%switch_ln118 = switch i2 %trunc_ln115, void %arrayidx854_1.case.2, i2 0, void %arrayidx854_1.case.0, i2 1, void %arrayidx854_1.case.1" [../slopper/heat2d_hls/src/heat2d_serial_hls.cpp:118]   --->   Operation 93 'switch' 'switch_ln118' <Predicate = (trunc_ln116 == 1)> <Delay = 0.62>
ST_9 : Operation 94 [1/1] ( I:1.35ns O:1.35ns )   --->   "%store_ln118 = store i64 %tmp_2, i7 %u_a_4_addr" [../slopper/heat2d_hls/src/heat2d_serial_hls.cpp:118]   --->   Operation 94 'store' 'store_ln118' <Predicate = (trunc_ln116 == 1 & trunc_ln115 == 1)> <Delay = 1.35> <CoreInst = "RAM">   --->   Core 82 'RAM' <Latency = 1> <II = 1> <Delay = 1.35> <Storage> <Opcode : 'load' 'store'> <Ports = 2> <Width = 64> <Depth = 88> <RAM>
ST_9 : Operation 95 [1/1] (0.00ns)   --->   "%br_ln118 = br void %arrayidx854_1.exit" [../slopper/heat2d_hls/src/heat2d_serial_hls.cpp:118]   --->   Operation 95 'br' 'br_ln118' <Predicate = (trunc_ln116 == 1 & trunc_ln115 == 1)> <Delay = 0.00>
ST_9 : Operation 96 [1/1] ( I:1.35ns O:1.35ns )   --->   "%store_ln118 = store i64 %tmp_2, i7 %u_a_3_addr" [../slopper/heat2d_hls/src/heat2d_serial_hls.cpp:118]   --->   Operation 96 'store' 'store_ln118' <Predicate = (trunc_ln116 == 1 & trunc_ln115 == 0)> <Delay = 1.35> <CoreInst = "RAM">   --->   Core 82 'RAM' <Latency = 1> <II = 1> <Delay = 1.35> <Storage> <Opcode : 'load' 'store'> <Ports = 2> <Width = 64> <Depth = 88> <RAM>
ST_9 : Operation 97 [1/1] (0.00ns)   --->   "%br_ln118 = br void %arrayidx854_1.exit" [../slopper/heat2d_hls/src/heat2d_serial_hls.cpp:118]   --->   Operation 97 'br' 'br_ln118' <Predicate = (trunc_ln116 == 1 & trunc_ln115 == 0)> <Delay = 0.00>
ST_9 : Operation 98 [1/1] ( I:1.35ns O:1.35ns )   --->   "%store_ln118 = store i64 %tmp_2, i7 %u_a_5_addr" [../slopper/heat2d_hls/src/heat2d_serial_hls.cpp:118]   --->   Operation 98 'store' 'store_ln118' <Predicate = (trunc_ln116 == 1 & trunc_ln115 != 0 & trunc_ln115 != 1)> <Delay = 1.35> <CoreInst = "RAM">   --->   Core 82 'RAM' <Latency = 1> <II = 1> <Delay = 1.35> <Storage> <Opcode : 'load' 'store'> <Ports = 2> <Width = 64> <Depth = 88> <RAM>
ST_9 : Operation 99 [1/1] (0.00ns)   --->   "%br_ln118 = br void %arrayidx854_1.exit" [../slopper/heat2d_hls/src/heat2d_serial_hls.cpp:118]   --->   Operation 99 'br' 'br_ln118' <Predicate = (trunc_ln116 == 1 & trunc_ln115 != 0 & trunc_ln115 != 1)> <Delay = 0.00>
ST_9 : Operation 100 [1/1] (0.62ns)   --->   "%switch_ln118 = switch i2 %trunc_ln115, void %arrayidx854_0.case.2, i2 0, void %arrayidx854_0.case.0, i2 1, void %arrayidx854_0.case.1" [../slopper/heat2d_hls/src/heat2d_serial_hls.cpp:118]   --->   Operation 100 'switch' 'switch_ln118' <Predicate = (trunc_ln116 == 0)> <Delay = 0.62>
ST_9 : Operation 101 [1/1] ( I:1.35ns O:1.35ns )   --->   "%store_ln118 = store i64 %tmp_2, i7 %u_a_1_addr" [../slopper/heat2d_hls/src/heat2d_serial_hls.cpp:118]   --->   Operation 101 'store' 'store_ln118' <Predicate = (trunc_ln116 == 0 & trunc_ln115 == 1)> <Delay = 1.35> <CoreInst = "RAM">   --->   Core 82 'RAM' <Latency = 1> <II = 1> <Delay = 1.35> <Storage> <Opcode : 'load' 'store'> <Ports = 2> <Width = 64> <Depth = 88> <RAM>
ST_9 : Operation 102 [1/1] (0.00ns)   --->   "%br_ln118 = br void %arrayidx854_0.exit" [../slopper/heat2d_hls/src/heat2d_serial_hls.cpp:118]   --->   Operation 102 'br' 'br_ln118' <Predicate = (trunc_ln116 == 0 & trunc_ln115 == 1)> <Delay = 0.00>
ST_9 : Operation 103 [1/1] ( I:1.35ns O:1.35ns )   --->   "%store_ln118 = store i64 %tmp_2, i7 %u_a_addr" [../slopper/heat2d_hls/src/heat2d_serial_hls.cpp:118]   --->   Operation 103 'store' 'store_ln118' <Predicate = (trunc_ln116 == 0 & trunc_ln115 == 0)> <Delay = 1.35> <CoreInst = "RAM">   --->   Core 82 'RAM' <Latency = 1> <II = 1> <Delay = 1.35> <Storage> <Opcode : 'load' 'store'> <Ports = 2> <Width = 64> <Depth = 88> <RAM>
ST_9 : Operation 104 [1/1] (0.00ns)   --->   "%br_ln118 = br void %arrayidx854_0.exit" [../slopper/heat2d_hls/src/heat2d_serial_hls.cpp:118]   --->   Operation 104 'br' 'br_ln118' <Predicate = (trunc_ln116 == 0 & trunc_ln115 == 0)> <Delay = 0.00>
ST_9 : Operation 105 [1/1] ( I:1.35ns O:1.35ns )   --->   "%store_ln118 = store i64 %tmp_2, i7 %u_a_2_addr" [../slopper/heat2d_hls/src/heat2d_serial_hls.cpp:118]   --->   Operation 105 'store' 'store_ln118' <Predicate = (trunc_ln116 == 0 & trunc_ln115 != 0 & trunc_ln115 != 1)> <Delay = 1.35> <CoreInst = "RAM">   --->   Core 82 'RAM' <Latency = 1> <II = 1> <Delay = 1.35> <Storage> <Opcode : 'load' 'store'> <Ports = 2> <Width = 64> <Depth = 88> <RAM>
ST_9 : Operation 106 [1/1] (0.00ns)   --->   "%br_ln118 = br void %arrayidx854_0.exit" [../slopper/heat2d_hls/src/heat2d_serial_hls.cpp:118]   --->   Operation 106 'br' 'br_ln118' <Predicate = (trunc_ln116 == 0 & trunc_ln115 != 0 & trunc_ln115 != 1)> <Delay = 0.00>
ST_9 : Operation 107 [1/1] (0.62ns)   --->   "%switch_ln118 = switch i2 %trunc_ln115, void %arrayidx854_3.case.2, i2 0, void %arrayidx854_3.case.0, i2 1, void %arrayidx854_3.case.1" [../slopper/heat2d_hls/src/heat2d_serial_hls.cpp:118]   --->   Operation 107 'switch' 'switch_ln118' <Predicate = (trunc_ln116 == 3)> <Delay = 0.62>
ST_9 : Operation 108 [1/1] ( I:1.35ns O:1.35ns )   --->   "%store_ln118 = store i64 %tmp_2, i7 %u_a_10_addr" [../slopper/heat2d_hls/src/heat2d_serial_hls.cpp:118]   --->   Operation 108 'store' 'store_ln118' <Predicate = (trunc_ln116 == 3 & trunc_ln115 == 1)> <Delay = 1.35> <CoreInst = "RAM">   --->   Core 82 'RAM' <Latency = 1> <II = 1> <Delay = 1.35> <Storage> <Opcode : 'load' 'store'> <Ports = 2> <Width = 64> <Depth = 88> <RAM>
ST_9 : Operation 109 [1/1] (0.00ns)   --->   "%br_ln118 = br void %arrayidx854_3.exit" [../slopper/heat2d_hls/src/heat2d_serial_hls.cpp:118]   --->   Operation 109 'br' 'br_ln118' <Predicate = (trunc_ln116 == 3 & trunc_ln115 == 1)> <Delay = 0.00>
ST_9 : Operation 110 [1/1] ( I:1.35ns O:1.35ns )   --->   "%store_ln118 = store i64 %tmp_2, i7 %u_a_9_addr" [../slopper/heat2d_hls/src/heat2d_serial_hls.cpp:118]   --->   Operation 110 'store' 'store_ln118' <Predicate = (trunc_ln116 == 3 & trunc_ln115 == 0)> <Delay = 1.35> <CoreInst = "RAM">   --->   Core 82 'RAM' <Latency = 1> <II = 1> <Delay = 1.35> <Storage> <Opcode : 'load' 'store'> <Ports = 2> <Width = 64> <Depth = 88> <RAM>
ST_9 : Operation 111 [1/1] (0.00ns)   --->   "%br_ln118 = br void %arrayidx854_3.exit" [../slopper/heat2d_hls/src/heat2d_serial_hls.cpp:118]   --->   Operation 111 'br' 'br_ln118' <Predicate = (trunc_ln116 == 3 & trunc_ln115 == 0)> <Delay = 0.00>
ST_9 : Operation 112 [1/1] ( I:1.35ns O:1.35ns )   --->   "%store_ln118 = store i64 %tmp_2, i7 %u_a_11_addr" [../slopper/heat2d_hls/src/heat2d_serial_hls.cpp:118]   --->   Operation 112 'store' 'store_ln118' <Predicate = (trunc_ln116 == 3 & trunc_ln115 != 0 & trunc_ln115 != 1)> <Delay = 1.35> <CoreInst = "RAM">   --->   Core 82 'RAM' <Latency = 1> <II = 1> <Delay = 1.35> <Storage> <Opcode : 'load' 'store'> <Ports = 2> <Width = 64> <Depth = 88> <RAM>
ST_9 : Operation 113 [1/1] (0.00ns)   --->   "%br_ln118 = br void %arrayidx854_3.exit" [../slopper/heat2d_hls/src/heat2d_serial_hls.cpp:118]   --->   Operation 113 'br' 'br_ln118' <Predicate = (trunc_ln116 == 3 & trunc_ln115 != 0 & trunc_ln115 != 1)> <Delay = 0.00>


============================================================
+ Verbose Summary: Timing violations
============================================================
Target clock period: 10.000ns, clock uncertainty: 1.250ns.

 <State 1>: 3.213ns
The critical path consists of the following:
	'store' operation ('store_ln116', ../slopper/heat2d_hls/src/heat2d_serial_hls.cpp:116) of constant 1 5 bit on local variable 'j', ../slopper/heat2d_hls/src/heat2d_serial_hls.cpp:116 [22]  (0.489 ns)
	'load' operation 5 bit ('j_load', ../slopper/heat2d_hls/src/heat2d_serial_hls.cpp:116) on local variable 'j', ../slopper/heat2d_hls/src/heat2d_serial_hls.cpp:116 [30]  (0.000 ns)
	'icmp' operation 1 bit ('icmp_ln116', ../slopper/heat2d_hls/src/heat2d_serial_hls.cpp:116) [35]  (0.878 ns)
	'select' operation 5 bit ('select_ln115', ../slopper/heat2d_hls/src/heat2d_serial_hls.cpp:115) [36]  (0.480 ns)
	'add' operation 5 bit ('add_ln116', ../slopper/heat2d_hls/src/heat2d_serial_hls.cpp:116) [125]  (0.878 ns)
	'store' operation ('store_ln116', ../slopper/heat2d_hls/src/heat2d_serial_hls.cpp:116) of variable 'add_ln116', ../slopper/heat2d_hls/src/heat2d_serial_hls.cpp:116 5 bit on local variable 'j', ../slopper/heat2d_hls/src/heat2d_serial_hls.cpp:116 [128]  (0.489 ns)

 <State 2>: 1.221ns
The critical path consists of the following:
	'urem' operation 2 bit ('urem_ln115', ../slopper/heat2d_hls/src/heat2d_serial_hls.cpp:115) [40]  (1.221 ns)

 <State 3>: 1.221ns
The critical path consists of the following:
	'urem' operation 2 bit ('urem_ln115', ../slopper/heat2d_hls/src/heat2d_serial_hls.cpp:115) [40]  (1.221 ns)

 <State 4>: 1.221ns
The critical path consists of the following:
	'urem' operation 2 bit ('urem_ln115', ../slopper/heat2d_hls/src/heat2d_serial_hls.cpp:115) [40]  (1.221 ns)

 <State 5>: 1.221ns
The critical path consists of the following:
	'urem' operation 2 bit ('urem_ln115', ../slopper/heat2d_hls/src/heat2d_serial_hls.cpp:115) [40]  (1.221 ns)

 <State 6>: 1.221ns
The critical path consists of the following:
	'urem' operation 2 bit ('urem_ln115', ../slopper/heat2d_hls/src/heat2d_serial_hls.cpp:115) [40]  (1.221 ns)

 <State 7>: 1.221ns
The critical path consists of the following:
	'urem' operation 2 bit ('urem_ln115', ../slopper/heat2d_hls/src/heat2d_serial_hls.cpp:115) [40]  (1.221 ns)

 <State 8>: 1.820ns
The critical path consists of the following:
	'mul' operation 11 bit ('mul_ln115', ../slopper/heat2d_hls/src/heat2d_serial_hls.cpp:115) [39]  (1.820 ns)

 <State 9>: 3.309ns
The critical path consists of the following:
	'load' operation 64 bit ('u_b_load', ../slopper/heat2d_hls/src/heat2d_serial_hls.cpp:118) on array 'u_b' [66]  (1.352 ns)
	'sparsemux' operation 64 bit ('tmp_2', ../slopper/heat2d_hls/src/heat2d_serial_hls.cpp:118) [70]  (0.605 ns)
	'store' operation ('store_ln118', ../slopper/heat2d_hls/src/heat2d_serial_hls.cpp:118) of variable 'tmp_2', ../slopper/heat2d_hls/src/heat2d_serial_hls.cpp:118 64 bit on array 'u_a_7' [75]  (1.352 ns)


============================================================
+ Verbose Summary: Binding
============================================================
N/A
* FSMD analyzer results:
  - Output states:
 - Input state : 
  - Chain level:
	State 1
	State 2
	State 3
	State 4
	State 5
	State 6
	State 7
	State 8
	State 9


============================================================
+ Verbose Summary: Datapath Resource usage 
============================================================
N/A
