

================================================================
== Synthesis Summary Report of 'heat2d_serial_hls'
================================================================
+ General Information: 
    * Date:           Fri Mar  6 15:07:54 2026
    * Version:        2025.2 (Build 6295257 on Nov 14 2025)
    * Project:        solver
    * Solution:       hls (Vivado IP Flow Target)
    * Product family: zynquplus
    * Target device:  xczu5eg-sfvc784-1-i
    

* Performance & Resource Estimates: 
+-----------------------------------------------+------+---------------+----------+----------+-------+----------+----------+-----------+------+----------+---------+-----------+-----------+-----+
|                    Modules                    | Issue|               | Iteration|          |  Trip |          |        Latency       |      |          |         |           |           |     |
|                    & Loops                    | Type | Violation Type|  Latency | Interval | Count | Pipelined| (cycles) |    (ns)   | Slack|   BRAM   |   DSP   |     FF    |    LUT    | URAM|
+-----------------------------------------------+------+---------------+----------+----------+-------+----------+----------+-----------+------+----------+---------+-----------+-----------+-----+
|+ heat2d_serial_hls                            |     -|              -|         -|  31022072|      -|        no|  31022071|  3.102e+08|  0.42|  32 (11%)|  37 (2%)|  5516 (2%)|  8013 (6%)|    -|
| + heat2d_serial_hls_Pipeline_LOAD_I_LOAD_J    |     -|              -|         -|         -|      -|       yes|      1034|  1.034e+04|  4.76|         -|        -|  504 (~0%)|  416 (~0%)|    -|
|  o LOAD_I_LOAD_J                              |     -|              -|        10|         1|   1024|       yes|      1032|  1.032e+04|  8.75|         -|        -|          -|          -|    -|
| + heat2d_serial_hls_Pipeline_STORE_I_STORE_J  |     -|              -|         -|         -|      -|       yes|      1034|  1.034e+04|  4.76|         -|        -|  445 (~0%)|  472 (~0%)|    -|
|  o STORE_I_STORE_J                            |     -|              -|        10|         1|   1024|       yes|      1032|  1.032e+04|  8.75|         -|        -|          -|          -|    -|
| o TIME_LOOP                                   |     -|              -|      3102|         -|  10000|        no|  31020000|  3.102e+08|  8.75|         -|        -|          -|          -|    -|
|  + heat2d_serial_hls_Pipeline_SWAP_I_SWAP_J   |     -|              -|         -|         -|      -|       yes|       909|  9.090e+03|  5.44|         -|        -|  341 (~0%)|  349 (~0%)|    -|
|   o SWAP_I_SWAP_J                             |     -|              -|         9|         1|    900|       yes|       907|  9.070e+03|  8.75|         -|        -|          -|          -|    -|
|  o STENCIL_I                                  |     -|              -|        73|         -|     30|        no|      2190|  2.190e+04|  8.75|         -|        -|          -|          -|    -|
|   + heat2d_serial_hls_Pipeline_STENCIL_J      |     -|              -|         -|         -|      -|       yes|        63|    630.000|  0.42|         -|  37 (2%)|  3930 (1%)|  5127 (4%)|    -|
|    o STENCIL_J                                |     -|              -|        33|         1|     30|       yes|        61|    610.000|  8.75|         -|        -|          -|          -|    -|
+-----------------------------------------------+------+---------------+----------+----------+-------+----------+----------+-----------+------+----------+---------+-----------+-----------+-----+
    Name Prefix: '+' for module, 'o' for loop, '*' for dataflow


================================================================
== HW Interfaces
================================================================
* S_AXILITE Interfaces
+------------+------------+---------------+--------+----------+
| Interface  | Data Width | Address Width | Offset | Register |
+------------+------------+---------------+--------+----------+
| s_axi_ctrl | 32         | 5             | 16     | 0        |
+------------+------------+---------------+--------+----------+

* S_AXILITE Registers
+------------+-----------+--------+-------+--------+--------------------------+
| Interface  | Register  | Offset | Width | Access | Description              |
+------------+-----------+--------+-------+--------+--------------------------+
| s_axi_ctrl | num_steps | 0x10   | 32    | W      | Data signal of num_steps |
+------------+-----------+--------+-------+--------+--------------------------+

* AP_MEMORY
+----------------+-----------+----------+
| Port           | Direction | Bitwidth |
+----------------+-----------+----------+
| u_in_address0  | out       | 10       |
| u_in_q0        | in        | 64       |
| u_out_address0 | out       | 10       |
| u_out_d0       | out       | 64       |
+----------------+-----------+----------+

* TOP LEVEL CONTROL
+-----------+------------+-----------------------------------+
| Interface | Type       | Ports                             |
+-----------+------------+-----------------------------------+
| ap_clk    | clock      | ap_clk                            |
| ap_rst_n  | reset      | ap_rst_n                          |
| ap_ctrl   | ap_ctrl_hs | ap_done ap_idle ap_ready ap_start |
+-----------+------------+-----------------------------------+


================================================================
== SW I/O Information
================================================================
* Top Function Arguments
+-----------+-----------+----------+
| Argument  | Direction | Datatype |
+-----------+-----------+----------+
| u_in      | in        | double*  |
| u_out     | out       | double*  |
| num_steps | in        | int      |
+-----------+-----------+----------+

* SW-to-HW Mapping
+-----------+----------------+----------+----------+-------------------------------------+
| Argument  | HW Interface   | HW Type  | HW Usage | HW Info                             |
+-----------+----------------+----------+----------+-------------------------------------+
| u_in      | u_in_address0  | port     | offset   |                                     |
| u_in      | u_in_ce0       | port     |          |                                     |
| u_in      | u_in_q0        | port     |          |                                     |
| u_out     | u_out_address0 | port     | offset   |                                     |
| u_out     | u_out_ce0      | port     |          |                                     |
| u_out     | u_out_we0      | port     |          |                                     |
| u_out     | u_out_d0       | port     |          |                                     |
| num_steps | s_axi_ctrl     | register |          | name=num_steps offset=0x10 range=32 |
+-----------+----------------+----------+----------+-------------------------------------+


================================================================
== Bind Op Report
================================================================
+-----------------------------------------------+-----+--------+----------------+-----------+--------------------------+---------+
| Name                                          | DSP | Pragma | Variable       | Op        | Impl                     | Latency |
+-----------------------------------------------+-----+--------+----------------+-----------+--------------------------+---------+
| + heat2d_serial_hls                           | 37  |        |                |           |                          |         |
|   icmp_ln84_fu_268_p2                         |     |        | icmp_ln84      | setlt     | auto                     | 0       |
|   add_ln84_fu_273_p2                          |     |        | add_ln84       | add       | fabric                   | 0       |
|   icmp_ln92_fu_279_p2                         |     |        | icmp_ln92      | seteq     | auto                     | 0       |
|   mul_5ns_7ns_11_1_1_U118                     |     |        | mul_ln92       | mul       | auto                     | 0       |
|   urem_5ns_3ns_2_9_seq_1_U117                 |     |        | urem_ln92      | urem      | auto_seq                 | 8       |
|   add_ln103_fu_311_p2                         |     |        | add_ln103      | add       | fabric                   | 0       |
|   mul_5ns_7ns_11_1_1_U119                     |     |        | mul_ln104      | mul       | auto                     | 0       |
|   add_ln104_fu_328_p2                         |     |        | add_ln104      | add       | fabric                   | 0       |
|   mul_5ns_7ns_11_1_1_U120                     |     |        | mul_ln93       | mul       | auto                     | 0       |
|  + heat2d_serial_hls_Pipeline_LOAD_I_LOAD_J   | 0   |        |                |           |                          |         |
|    icmp_ln73_fu_358_p2                        |     |        | icmp_ln73      | seteq     | auto                     | 0       |
|    add_ln73_1_fu_364_p2                       |     |        | add_ln73_1     | add       | fabric                   | 0       |
|    add_ln73_fu_376_p2                         |     |        | add_ln73       | add       | fabric                   | 0       |
|    icmp_ln74_fu_382_p2                        |     |        | icmp_ln74      | seteq     | auto                     | 0       |
|    select_ln73_fu_388_p3                      |     |        | select_ln73    | select    | auto_sel                 | 0       |
|    select_ln73_1_fu_396_p3                    |     |        | select_ln73_1  | select    | auto_sel                 | 0       |
|    mul_6ns_8ns_13_1_1_U1                      |     |        | mul_ln73       | mul       | auto                     | 0       |
|    urem_6ns_3ns_2_10_1_U2                     |     |        | urem_ln73      | urem      | auto                     | 9       |
|    add_ln76_fu_436_p2                         |     |        | add_ln76       | add       | fabric                   | 0       |
|    add_ln74_fu_481_p2                         |     |        | add_ln74       | add       | fabric                   | 0       |
|  + heat2d_serial_hls_Pipeline_STORE_I_STORE_J | 0   |        |                |           |                          |         |
|    icmp_ln125_fu_297_p2                       |     |        | icmp_ln125     | seteq     | auto                     | 0       |
|    add_ln125_1_fu_303_p2                      |     |        | add_ln125_1    | add       | fabric                   | 0       |
|    add_ln125_fu_315_p2                        |     |        | add_ln125      | add       | fabric                   | 0       |
|    icmp_ln126_fu_321_p2                       |     |        | icmp_ln126     | seteq     | auto                     | 0       |
|    select_ln125_fu_327_p3                     |     |        | select_ln125   | select    | auto_sel                 | 0       |
|    select_ln125_1_fu_335_p3                   |     |        | select_ln125_1 | select    | auto_sel                 | 0       |
|    mul_6ns_8ns_13_1_1_U97                     |     |        | mul_ln125      | mul       | auto                     | 0       |
|    urem_6ns_3ns_2_10_1_U98                    |     |        | urem_ln125     | urem      | auto                     | 9       |
|    add_ln128_fu_375_p2                        |     |        | add_ln128      | add       | fabric                   | 0       |
|    sparsemux_7_2_64_1_1_U99                   |     |        | tmp_4          | sparsemux | onehotencoding_realdef   | 0       |
|    sparsemux_7_2_64_1_1_U100                  |     |        | tmp_5          | sparsemux | onehotencoding_realdef   | 0       |
|    sparsemux_7_2_64_1_1_U101                  |     |        | tmp_6          | sparsemux | onehotencoding_realdef   | 0       |
|    sparsemux_7_2_64_1_1_U102                  |     |        | tmp_7          | sparsemux | onehotencoding_realdef   | 0       |
|    sparsemux_9_2_64_1_1_U103                  |     |        | tmp_8          | sparsemux | compactencoding_dontcare | 0       |
|    add_ln126_fu_405_p2                        |     |        | add_ln126      | add       | fabric                   | 0       |
|  + heat2d_serial_hls_Pipeline_SWAP_I_SWAP_J   | 0   |        |                |           |                          |         |
|    icmp_ln115_fu_339_p2                       |     |        | icmp_ln115     | seteq     | auto                     | 0       |
|    add_ln115_1_fu_345_p2                      |     |        | add_ln115_1    | add       | fabric                   | 0       |
|    add_ln115_fu_357_p2                        |     |        | add_ln115      | add       | fabric                   | 0       |
|    icmp_ln116_fu_363_p2                       |     |        | icmp_ln116     | seteq     | auto                     | 0       |
|    select_ln115_fu_369_p3                     |     |        | select_ln115   | select    | auto_sel                 | 0       |
|    select_ln115_1_fu_377_p3                   |     |        | select_ln115_1 | select    | auto_sel                 | 0       |
|    mul_5ns_7ns_11_1_1_U77                     |     |        | mul_ln115      | mul       | auto                     | 0       |
|    urem_5ns_3ns_2_9_1_U76                     |     |        | urem_ln115     | urem      | auto                     | 8       |
|    sparsemux_9_2_64_1_1_U78                   |     |        | tmp_2          | sparsemux | compactencoding_dontcare | 0       |
|    add_ln116_fu_415_p2                        |     |        | add_ln116      | add       | fabric                   | 0       |
|  + heat2d_serial_hls_Pipeline_STENCIL_J       | 37  |        |                |           |                          |         |
|    icmp_ln93_fu_850_p2                        |     |        | icmp_ln93      | seteq     | auto                     | 0       |
|    sparsemux_7_2_64_1_1_U29                   |     |        | tmp            | sparsemux | onehotencoding_realdef   | 0       |
|    sparsemux_7_2_64_1_1_U30                   |     |        | tmp_1          | sparsemux | onehotencoding_realdef   | 0       |
|    sparsemux_7_2_64_1_1_U31                   |     |        | tmp_2          | sparsemux | onehotencoding_realdef   | 0       |
|    sparsemux_7_2_64_1_1_U32                   |     |        | tmp_3          | sparsemux | onehotencoding_realdef   | 0       |
|    sparsemux_9_2_64_1_1_U33                   |     |        | center_assign  | sparsemux | compactencoding_dontcare | 0       |
|    sparsemux_7_2_64_1_1_U34                   |     |        | tmp_5          | sparsemux | onehotencoding_realdef   | 0       |
|    sparsemux_7_2_64_1_1_U35                   |     |        | tmp_6          | sparsemux | onehotencoding_realdef   | 0       |
|    sparsemux_7_2_64_1_1_U36                   |     |        | tmp_7          | sparsemux | onehotencoding_realdef   | 0       |
|    sparsemux_7_2_64_1_1_U37                   |     |        | tmp_8          | sparsemux | onehotencoding_realdef   | 0       |
|    sparsemux_9_2_64_1_1_U38                   |     |        | north_assign   | sparsemux | compactencoding_dontcare | 0       |
|    sparsemux_7_2_64_1_1_U39                   |     |        | tmp_s          | sparsemux | onehotencoding_realdef   | 0       |
|    sparsemux_7_2_64_1_1_U40                   |     |        | tmp_4          | sparsemux | onehotencoding_realdef   | 0       |
|    sparsemux_7_2_64_1_1_U41                   |     |        | tmp_9          | sparsemux | onehotencoding_realdef   | 0       |
|    sparsemux_7_2_64_1_1_U42                   |     |        | tmp_10         | sparsemux | onehotencoding_realdef   | 0       |
|    sparsemux_9_2_64_1_1_U43                   |     |        | south_assign   | sparsemux | compactencoding_dontcare | 0       |
|    add_ln105_fu_999_p2                        |     |        | add_ln105      | add       | fabric                   | 0       |
|    sparsemux_7_2_64_1_1_U29                   |     |        | tmp_11         | sparsemux | onehotencoding_realdef   | 0       |
|    sparsemux_7_2_64_1_1_U30                   |     |        | tmp_12         | sparsemux | onehotencoding_realdef   | 0       |
|    sparsemux_7_2_64_1_1_U31                   |     |        | tmp_13         | sparsemux | onehotencoding_realdef   | 0       |
|    sparsemux_7_2_64_1_1_U32                   |     |        | tmp_14         | sparsemux | onehotencoding_realdef   | 0       |
|    sparsemux_9_2_64_1_1_U44                   |     |        | west_assign    | sparsemux | compactencoding_dontcare | 0       |
|    add_ln106_fu_860_p2                        |     |        | add_ln106      | add       | fabric                   | 0       |
|    sparsemux_7_2_64_1_1_U29                   |     |        | tmp_15         | sparsemux | onehotencoding_realdef   | 0       |
|    sparsemux_7_2_64_1_1_U30                   |     |        | tmp_16         | sparsemux | onehotencoding_realdef   | 0       |
|    sparsemux_7_2_64_1_1_U31                   |     |        | tmp_17         | sparsemux | onehotencoding_realdef   | 0       |
|    sparsemux_7_2_64_1_1_U32                   |     |        | tmp_18         | sparsemux | onehotencoding_realdef   | 0       |
|    sparsemux_9_2_64_1_1_U45                   |     |        | east_assign    | sparsemux | compactencoding_dontcare | 0       |
|    dadd_64ns_64ns_64_5_full_dsp_1_U22         | 3   |        | add_i          | dadd      | fulldsp                  | 4       |
|    dadd_64ns_64ns_64_5_full_dsp_1_U23         | 3   |        | add1_i         | dadd      | fulldsp                  | 4       |
|    dadd_64ns_64ns_64_5_full_dsp_1_U24         | 3   |        | add2_i         | dadd      | fulldsp                  | 4       |
|    dmul_64ns_64ns_64_5_max_dsp_1_U27          | 11  |        | mul_i          | dmul      | maxdsp                   | 4       |
|    dsub_64ns_64ns_64_5_full_dsp_1_U25         | 3   |        | sub_i          | dsub      | fulldsp                  | 4       |
|    dmul_64ns_64ns_64_5_max_dsp_1_U28          | 11  |        | mul3_i         | dmul      | maxdsp                   | 4       |
|    dadd_64ns_64ns_64_5_full_dsp_1_U26         | 3   |        | add4_i         | dadd      | fulldsp                  | 4       |
+-----------------------------------------------+-----+--------+----------------+-----------+--------------------------+---------+


================================================================
== Storage Report
================================================================
+---------------------+--------------+-----------+------+------+--------+----------+------+---------+------------------+
| Name                | Usage        | Type      | BRAM | URAM | Pragma | Variable | Impl | Latency | Bitwidth, Depth, |
|                     |              |           |      |      |        |          |      |         | Banks            |
+---------------------+--------------+-----------+------+------+--------+----------+------+---------+------------------+
| + heat2d_serial_hls |              |           | 32   | 0    |        |          |      |         |                  |
|   ctrl_s_axi_U      | interface    | s_axilite |      |      |        |          |      |         |                  |
|   u_a_U             | ram_1p array |           | 4    |      |        | u_a      | auto | 1       | 64, 88, 1        |
|   u_a_1_U           | ram_1p array |           | 4    |      |        | u_a_1    | auto | 1       | 64, 88, 1        |
|   u_a_2_U           | ram_1p array |           | 4    |      |        | u_a_2    | auto | 1       | 64, 88, 1        |
|   u_a_3_U           | ram_1p array |           | 4    |      |        | u_a_3    | auto | 1       | 64, 88, 1        |
|   u_a_4_U           | ram_1p array |           | 4    |      |        | u_a_4    | auto | 1       | 64, 88, 1        |
|   u_a_5_U           | ram_1p array |           | 4    |      |        | u_a_5    | auto | 1       | 64, 88, 1        |
|   u_a_6_U           | ram_1p array |           | 4    |      |        | u_a_6    | auto | 1       | 64, 88, 1        |
|   u_a_7_U           | ram_1p array |           | 4    |      |        | u_a_7    | auto | 1       | 64, 88, 1        |
|   u_a_8_U           | ram_1p array |           | 4    |      |        | u_a_8    | auto | 1       | 64, 88, 1        |
|   u_a_9_U           | ram_1p array |           | 4    |      |        | u_a_9    | auto | 1       | 64, 88, 1        |
|   u_a_10_U          | ram_1p array |           | 4    |      |        | u_a_10   | auto | 1       | 64, 88, 1        |
|   u_a_11_U          | ram_1p array |           | 4    |      |        | u_a_11   | auto | 1       | 64, 88, 1        |
|   u_b_U             | ram_1p array |           | 4    |      |        | u_b      | auto | 1       | 64, 256, 1       |
|   u_b_1_U           | ram_1p array |           | 4    |      |        | u_b_1    | auto | 1       | 64, 256, 1       |
|   u_b_2_U           | ram_1p array |           | 4    |      |        | u_b_2    | auto | 1       | 64, 256, 1       |
|   u_b_3_U           | ram_1p array |           | 4    |      |        | u_b_3    | auto | 1       | 64, 256, 1       |
+---------------------+--------------+-----------+------+------+--------+----------+------+---------+------------------+


================================================================
== Pragma Report
================================================================
* Ignored Pragmas
+-----------+------------------------------------+-------------------------------------------------------------------------------+--------------------------------------+
| Type      | Options                            | Location                                                                      | Messages                             |
+-----------+------------------------------------+-------------------------------------------------------------------------------+--------------------------------------+
| INTERFACE | ap_ctrl_hs port=return bundle=ctrl | in heat2d_parallel_hls (../slopper/heat2d_hls/src/heat2d_parallel_hls.cpp:68) | unexpected pragma parameter 'bundle' |
| INTERFACE | ap_ctrl_hs port=return bundle=ctrl | in heat2d_serial_hls (../slopper/heat2d_hls/src/heat2d_serial_hls.cpp:57)     | unexpected pragma parameter 'bundle' |
+-----------+------------------------------------+-------------------------------------------------------------------------------+--------------------------------------+

* Inferred Pragmas
+-----------------+-------------------------------------------+--------------------------------------------------------------------------------------------------------------------------------------------------+--------------------------------------------------------------+
| Type            | Options                                   | Location                                                                                                                                         | Inferred From                                                |
+-----------------+-------------------------------------------+--------------------------------------------------------------------------------------------------------------------------------------------------+--------------------------------------------------------------+
| LOOP_FLATTEN    |                                           | loop LOAD_I (../slopper/heat2d_hls/src/heat2d_serial_hls.cpp:73:13) in heat2d_serial_hls (../slopper/heat2d_hls/src/heat2d_serial_hls.cpp:73)    | pipeline ../slopper/heat2d_hls/src/heat2d_serial_hls.cpp:75  |
| ARRAY_PARTITION | dim=1 type=cyclic factor=3 variable=u_a_0 | variable u_a_0 in heat2d_serial_hls (../slopper/heat2d_hls/src/heat2d_serial_hls.cpp:62)                                                         | pipeline ../slopper/heat2d_hls/src/heat2d_serial_hls.cpp:98  |
| LOOP_FLATTEN    |                                           | loop SWAP_I (../slopper/heat2d_hls/src/heat2d_serial_hls.cpp:115:17) in heat2d_serial_hls (../slopper/heat2d_hls/src/heat2d_serial_hls.cpp:115)  | pipeline ../slopper/heat2d_hls/src/heat2d_serial_hls.cpp:117 |
| LOOP_FLATTEN    |                                           | loop STORE_I (../slopper/heat2d_hls/src/heat2d_serial_hls.cpp:125:14) in heat2d_serial_hls (../slopper/heat2d_hls/src/heat2d_serial_hls.cpp:125) | pipeline ../slopper/heat2d_hls/src/heat2d_serial_hls.cpp:127 |
+-----------------+-------------------------------------------+--------------------------------------------------------------------------------------------------------------------------------------------------+--------------------------------------------------------------+

* Valid Pragma Syntax
+-----------------+----------------------------------------------+--------------------------------------------------------------------------------+
| Type            | Options                                      | Location                                                                       |
+-----------------+----------------------------------------------+--------------------------------------------------------------------------------+
| INLINE          |                                              | in apply_stencil (../slopper/heat2d_hls/include/hls_stencil.hpp:41)            |
| INTERFACE       | ap_memory port=u_in depth=(30 + 2)*(30 + 2)  | in heat2d_parallel_hls (../slopper/heat2d_hls/src/heat2d_parallel_hls.cpp:65)  |
| INTERFACE       | ap_memory port=u_out depth=(30 + 2)*(30 + 2) | in heat2d_parallel_hls (../slopper/heat2d_hls/src/heat2d_parallel_hls.cpp:66)  |
| INTERFACE       | s_axilite port=num_steps bundle=ctrl         | in heat2d_parallel_hls (../slopper/heat2d_hls/src/heat2d_parallel_hls.cpp:67)  |
| ARRAY_PARTITION | variable=u_a cyclic factor=4 dim=1           | in heat2d_parallel_hls (../slopper/heat2d_hls/src/heat2d_parallel_hls.cpp:81)  |
| ARRAY_PARTITION | variable=u_b cyclic factor=4 dim=1           | in heat2d_parallel_hls (../slopper/heat2d_hls/src/heat2d_parallel_hls.cpp:82)  |
| ARRAY_PARTITION | variable=u_a cyclic factor=4 dim=2           | in heat2d_parallel_hls (../slopper/heat2d_hls/src/heat2d_parallel_hls.cpp:87)  |
| ARRAY_PARTITION | variable=u_b cyclic factor=4 dim=2           | in heat2d_parallel_hls (../slopper/heat2d_hls/src/heat2d_parallel_hls.cpp:88)  |
| PIPELINE        | ii=1                                         | in heat2d_parallel_hls (../slopper/heat2d_hls/src/heat2d_parallel_hls.cpp:93)  |
| LOOP_TRIPCOUNT  | min=1 max=10000 avg=10000                    | in heat2d_parallel_hls (../slopper/heat2d_hls/src/heat2d_parallel_hls.cpp:101) |
| UNROLL          | factor=4                                     | in heat2d_parallel_hls (../slopper/heat2d_hls/src/heat2d_parallel_hls.cpp:119) |
| PIPELINE        | ii=1                                         | in heat2d_parallel_hls (../slopper/heat2d_hls/src/heat2d_parallel_hls.cpp:126) |
| UNROLL          | factor=4                                     | in heat2d_parallel_hls (../slopper/heat2d_hls/src/heat2d_parallel_hls.cpp:141) |
| PIPELINE        | ii=1                                         | in heat2d_parallel_hls (../slopper/heat2d_hls/src/heat2d_parallel_hls.cpp:143) |
| PIPELINE        | ii=1                                         | in heat2d_parallel_hls (../slopper/heat2d_hls/src/heat2d_parallel_hls.cpp:153) |
| INTERFACE       | ap_memory port=u_in depth=(30 + 2)*(30 + 2)  | in heat2d_serial_hls (../slopper/heat2d_hls/src/heat2d_serial_hls.cpp:54)      |
| INTERFACE       | ap_memory port=u_out depth=(30 + 2)*(30 + 2) | in heat2d_serial_hls (../slopper/heat2d_hls/src/heat2d_serial_hls.cpp:55)      |
| INTERFACE       | s_axilite port=num_steps bundle=ctrl         | in heat2d_serial_hls (../slopper/heat2d_hls/src/heat2d_serial_hls.cpp:56)      |
| ARRAY_PARTITION | variable=u_a cyclic factor=4 dim=2           | in heat2d_serial_hls (../slopper/heat2d_hls/src/heat2d_serial_hls.cpp:68)      |
| ARRAY_PARTITION | variable=u_b cyclic factor=4 dim=2           | in heat2d_serial_hls (../slopper/heat2d_hls/src/heat2d_serial_hls.cpp:69)      |
| PIPELINE        | ii=1                                         | in heat2d_serial_hls (../slopper/heat2d_hls/src/heat2d_serial_hls.cpp:75)      |
| LOOP_TRIPCOUNT  | min=1 max=10000 avg=10000                    | in heat2d_serial_hls (../slopper/heat2d_hls/src/heat2d_serial_hls.cpp:85)      |
| PIPELINE        | ii=1                                         | in heat2d_serial_hls (../slopper/heat2d_hls/src/heat2d_serial_hls.cpp:98)      |
| LOOP_FLATTEN    | off                                          | in heat2d_serial_hls (../slopper/heat2d_hls/src/heat2d_serial_hls.cpp:100)     |
| PIPELINE        | ii=1                                         | in heat2d_serial_hls (../slopper/heat2d_hls/src/heat2d_serial_hls.cpp:117)     |
| PIPELINE        | ii=1                                         | in heat2d_serial_hls (../slopper/heat2d_hls/src/heat2d_serial_hls.cpp:127)     |
+-----------------+----------------------------------------------+--------------------------------------------------------------------------------+


