INFO: [SIM 2] *************** CSIM start ***************
   Compiling ../../../../../slopper/heat2d_hls/tb/tb_heat2d_hls.cpp in debug mode
   Generating csim.exe
============================================================
  heat2d HLS testbench
  N=30  STEPS=10000  NUM_PE=4  r=0.2500
  ds=0.03225806  dt=2.60145682e-03  stability: r<=0.5 OK
============================================================

-- TEST 1: Constant solution --
  [PASS] Serial: constant field unchanged (100 steps) max_diff=0.00e+00
  [PASS] Parallel: constant field unchanged (100 steps) max_diff=0.00e+00

-- TEST 2: Boundary conditions preserved --
  [PASS] Serial BC preserved 
  [PASS] Parallel BC preserved 

-- TEST 3: HLS kernels match golden (paper formula) --
  [PASS] Serial   HLS == golden model max|HLS_serial - golden| = 1.42e-14
  [PASS] Parallel HLS == golden model max|HLS_parallel - golden| = 1.42e-14
  [PASS] Serial HLS == Parallel HLS (bit-perfect) max|HLS_serial - HLS_parallel| = 0.00e+00

  Selected values after 300 steps:
  [i,j]  Golden         Serial-HLS     Parallel-HLS
  [ 1, 1]    19.94661557     19.94661557     19.94661557
  [ 1,30]    29.89814711     29.89814711     29.89814711
  [30, 1]    34.87294674     34.87294674     34.87294674
  [15,15]    20.56745628     20.56745628     20.56745628

-- TEST 4: Single-step exact stencil (paper eq.1) --
  [PASS] Serial   step1 exact stencil [1,1]=10.00000000(exp 10.00000000) [1,N]=15.00000000(exp 15.00000000) [c,c]=0.00000000(exp 0.00000000)
  [PASS] Parallel step1 exact stencil [1,1]=10.00000000(exp 10.00000000) [1,N]=15.00000000(exp 15.00000000) [c,c]=0.00000000(exp 0.00000000)

-- TEST 5: Convergence to steady state --
  [PASS] Solution converges (change < 1.0 in second half) max|u(mid)-u(end)|=3.5743e-10
  [PASS] Discrete Laplacian → 0 at steady state (< 1e-6) max|Lap(u)|=2.8422e-14

-- TEST 6: Paper example (N=30, 10000 steps, random IC) --
  [PASS] Serial == Parallel after full run (bit-perfect) max|serial-parallel|=0.00e+00

  === HLS csim timing (N=30, 10000 steps) ===
  NOTE: csim runs on CPU (software emulation);
        actual FPGA cycle count comes from csynth report.
  Serial   total=64.212 ms  compute=53.298 ms
  Parallel total=62.846 ms  compute=50.966 ms  (NUM_PE=4)
  csim speedup: 1.046x
  Expected FPGA speedup: ~4x (synthesis report)

============================================================
  Results: 12 passed, 0 failed
============================================================

INFO: [SIM 1] CSim done with 0 errors.
INFO: [SIM 3] *************** CSIM finish ***************
