  **** HLS Build v2025.2 6295257
INFO: [HLS 200-2005] Using work_dir /home/mallya/Desktop/LBP/solver/solver 
INFO: [HLS 200-2176] Writing Vitis IDE component file /home/mallya/Desktop/LBP/solver/solver/vitis-comp.json
INFO: [HLS 200-10] Creating and opening component '/home/mallya/Desktop/LBP/solver/solver'.
INFO: [HLS 200-1505] Using default flow_target 'vivado'
Resolution: For help on HLS 200-1505 see docs.amd.com/access/sources/dita/topic?Doc_Version=2025.2%20English&url=ug1448-hls-guidance&resourceid=200-1505.html
INFO: [HLS 200-2174] Applying component config ini file hls_config.cfg
INFO: [HLS 200-1465] Applying config ini 'syn.file=../slopper/heat2d_hls/src/heat2d_serial_hls.cpp' from hls_config.cfg(9)
INFO: [HLS 200-10] Adding design file '/home/mallya/Desktop/LBP/slopper/heat2d_hls/src/heat2d_serial_hls.cpp' to the project
INFO: [HLS 200-1465] Applying config ini 'syn.file=../slopper/heat2d_hls/src/heat2d_parallel_hls.cpp' from hls_config.cfg(10)
INFO: [HLS 200-10] Adding design file '/home/mallya/Desktop/LBP/slopper/heat2d_hls/src/heat2d_parallel_hls.cpp' to the project
INFO: [HLS 200-1465] Applying config ini 'syn.file=../slopper/heat2d_hls/include/heat2d_parallel_hls.hpp' from hls_config.cfg(11)
INFO: [HLS 200-10] Adding design file '/home/mallya/Desktop/LBP/slopper/heat2d_hls/include/heat2d_parallel_hls.hpp' to the project
INFO: [HLS 200-1465] Applying config ini 'syn.file=../slopper/heat2d_hls/include/heat2d_serial_hls.hpp' from hls_config.cfg(12)
INFO: [HLS 200-10] Adding design file '/home/mallya/Desktop/LBP/slopper/heat2d_hls/include/heat2d_serial_hls.hpp' to the project
INFO: [HLS 200-1465] Applying config ini 'syn.file=../slopper/heat2d_hls/include/hls_config.hpp' from hls_config.cfg(13)
INFO: [HLS 200-10] Adding design file '/home/mallya/Desktop/LBP/slopper/heat2d_hls/include/hls_config.hpp' to the project
INFO: [HLS 200-1465] Applying config ini 'syn.file=../slopper/heat2d_hls/include/hls_stencil.hpp' from hls_config.cfg(14)
INFO: [HLS 200-10] Adding design file '/home/mallya/Desktop/LBP/slopper/heat2d_hls/include/hls_stencil.hpp' to the project
INFO: [HLS 200-1465] Applying config ini 'syn.file=../slopper/heat2d_hls/include/hls_types.hpp' from hls_config.cfg(15)
INFO: [HLS 200-10] Adding design file '/home/mallya/Desktop/LBP/slopper/heat2d_hls/include/hls_types.hpp' to the project
INFO: [HLS 200-1465] Applying config ini 'tb.file=../slopper/heat2d_hls/tb/tb_heat2d_hls.cpp' from hls_config.cfg(16)
INFO: [HLS 200-10] Adding test bench file '/home/mallya/Desktop/LBP/slopper/heat2d_hls/tb/tb_heat2d_hls.cpp' to the project
INFO: [HLS 200-1465] Applying config ini 'tb.file=../slopper/heat2d_hls/tb/tb_utils.hpp' from hls_config.cfg(17)
INFO: [HLS 200-10] Adding test bench file '/home/mallya/Desktop/LBP/slopper/heat2d_hls/tb/tb_utils.hpp' to the project
INFO: [HLS 200-1465] Applying config ini 'flow_target=vivado' from hls_config.cfg(4)
INFO: [HLS 200-1505] Using flow_target 'vivado'
Resolution: For help on HLS 200-1505 see docs.amd.com/access/sources/dita/topic?Doc_Version=2025.2%20English&url=ug1448-hls-guidance&resourceid=200-1505.html
INFO: [HLS 200-1465] Applying config ini 'part=xczu5eg-sfvc784-1-i' from hls_config.cfg(1)
INFO: [HLS 200-1611] Setting target device to 'xczu5eg-sfvc784-1-i'
INFO: [HLS 200-1465] Applying config ini 'clock=10' from hls_config.cfg(7)
INFO: [SYN 201-201] Setting up clock 'default' with a period of 10ns.
INFO: [HLS 200-1465] Applying config ini 'clock_uncertainty=1.25' from hls_config.cfg(8)
INFO: [SYN 201-201] Setting up clock 'default' with an uncertainty of 1.25ns.
INFO: [HLS 200-1465] Applying config ini 'package.output.format=ip_catalog' from hls_config.cfg(5)
INFO: [HLS 200-2176] Writing Vitis IDE component file /home/mallya/Desktop/LBP/solver/solver/vitis-comp.json
INFO: [SIM 211-2] *************** CSIM start ***************
INFO: [HLS 200-2191] C-Simulation will use clang-16 as the compiler
INFO: [HLS 200-2036] Building debug C Simulation binaries
   Compiling ../../../../../slopper/heat2d_hls/tb/tb_heat2d_hls.cpp in debug mode
   Compiling ../../../../../slopper/heat2d_hls/src/heat2d_parallel_hls.cpp in debug mode
   Compiling ../../../../../slopper/heat2d_hls/src/heat2d_serial_hls.cpp in debug mode
   Generating csim.exe
============================================================
  heat2d HLS testbench
  N=30  STEPS=10000  NUM_PE=4  r=0.2500
  ds=0.03225806  dt=2.60145682e-03  stability: r<=0.5 OK
============================================================

-- TEST 1: Constant solution --
  [PASS] Serial: constant field unchanged (100 steps) max_diff=0.00e+00
  [PASS] Parallel: constant field unchanged (100 steps) max_diff=0.00e+00

-- TEST 2: Boundary conditions preserved --
  [PASS] Serial BC preserved 
  [PASS] Parallel BC preserved 

-- TEST 3: HLS kernels match golden (paper formula) --
  [PASS] Serial   HLS == golden model max|HLS_serial - golden| = 1.42e-14
  [PASS] Parallel HLS == golden model max|HLS_parallel - golden| = 1.42e-14
  [PASS] Serial HLS == Parallel HLS (bit-perfect) max|HLS_serial - HLS_parallel| = 0.00e+00

  Selected values after 300 steps:
  [i,j]  Golden         Serial-HLS     Parallel-HLS
  [ 1, 1]    19.94661557     19.94661557     19.94661557
  [ 1,30]    29.89814711     29.89814711     29.89814711
  [30, 1]    34.87294674     34.87294674     34.87294674
  [15,15]    20.56745628     20.56745628     20.56745628

-- TEST 4: Single-step exact stencil (paper eq.1) --
  [PASS] Serial   step1 exact stencil [1,1]=10.00000000(exp 10.00000000) [1,N]=15.00000000(exp 15.00000000) [c,c]=0.00000000(exp 0.00000000)
  [PASS] Parallel step1 exact stencil [1,1]=10.00000000(exp 10.00000000) [1,N]=15.00000000(exp 15.00000000) [c,c]=0.00000000(exp 0.00000000)

-- TEST 5: Convergence to steady state --
  [PASS] Solution converges (change < 1.0 in second half) max|u(mid)-u(end)|=3.5743e-10
  [PASS] Discrete Laplacian → 0 at steady state (< 1e-6) max|Lap(u)|=2.8422e-14

-- TEST 6: Paper example (N=30, 10000 steps, random IC) --
  [PASS] Serial == Parallel after full run (bit-perfect) max|serial-parallel|=0.00e+00

  === HLS csim timing (N=30, 10000 steps) ===
  NOTE: csim runs on CPU (software emulation);
        actual FPGA cycle count comes from csynth report.
  Serial   total=58.122 ms  compute=51.608 ms
  Parallel total=54.427 ms  compute=47.741 ms  (NUM_PE=4)
  csim speedup: 1.081x
  Expected FPGA speedup: ~4x (synthesis report)

============================================================
  Results: 12 passed, 0 failed
============================================================

INFO: [SIM 211-1] CSim done with 0 errors.
INFO: [SIM 211-3] *************** CSIM finish ***************
INFO: [HLS 200-112] Total CPU user time: 2.06 seconds. Total CPU system time: 0.4 seconds. Total elapsed time: 2.58 seconds; peak allocated memory: 272.039 MB.
INFO: [vitis-run 60-791] Total elapsed time: 0h 0m 6s
