  **** HLS Build v2025.2 6295257
INFO: [HLS 200-2005] Using work_dir /home/mallya/Desktop/LBP/solver/solver 
INFO: [HLS 200-2176] Writing Vitis IDE component file /home/mallya/Desktop/LBP/solver/solver/vitis-comp.json
INFO: [HLS 200-10] Creating and opening component '/home/mallya/Desktop/LBP/solver/solver'.
INFO: [HLS 200-1505] Using default flow_target 'vivado'
Resolution: For help on HLS 200-1505 see docs.amd.com/access/sources/dita/topic?Doc_Version=2025.2%20English&url=ug1448-hls-guidance&resourceid=200-1505.html
INFO: [HLS 200-2174] Applying component config ini file hls_config.cfg
INFO: [HLS 200-1465] Applying config ini 'syn.file=../slopper/heat2d_hls/src/heat2d_serial_hls.cpp' from hls_config.cfg(9)
INFO: [HLS 200-10] Adding design file '/home/mallya/Desktop/LBP/slopper/heat2d_hls/src/heat2d_serial_hls.cpp' to the project
INFO: [HLS 200-1465] Applying config ini 'syn.file=../slopper/heat2d_hls/src/heat2d_parallel_hls.cpp' from hls_config.cfg(10)
INFO: [HLS 200-10] Adding design file '/home/mallya/Desktop/LBP/slopper/heat2d_hls/src/heat2d_parallel_hls.cpp' to the project
INFO: [HLS 200-1465] Applying config ini 'syn.file=../slopper/heat2d_hls/include/heat2d_parallel_hls.hpp' from hls_config.cfg(11)
INFO: [HLS 200-10] Adding design file '/home/mallya/Desktop/LBP/slopper/heat2d_hls/include/heat2d_parallel_hls.hpp' to the project
INFO: [HLS 200-1465] Applying config ini 'syn.file=../slopper/heat2d_hls/include/heat2d_serial_hls.hpp' from hls_config.cfg(12)
INFO: [HLS 200-10] Adding design file '/home/mallya/Desktop/LBP/slopper/heat2d_hls/include/heat2d_serial_hls.hpp' to the project
INFO: [HLS 200-1465] Applying config ini 'syn.file=../slopper/heat2d_hls/include/hls_config.hpp' from hls_config.cfg(13)
INFO: [HLS 200-10] Adding design file '/home/mallya/Desktop/LBP/slopper/heat2d_hls/include/hls_config.hpp' to the project
INFO: [HLS 200-1465] Applying config ini 'syn.file=../slopper/heat2d_hls/include/hls_stencil.hpp' from hls_config.cfg(14)
INFO: [HLS 200-10] Adding design file '/home/mallya/Desktop/LBP/slopper/heat2d_hls/include/hls_stencil.hpp' to the project
INFO: [HLS 200-1465] Applying config ini 'syn.file=../slopper/heat2d_hls/include/hls_types.hpp' from hls_config.cfg(15)
INFO: [HLS 200-10] Adding design file '/home/mallya/Desktop/LBP/slopper/heat2d_hls/include/hls_types.hpp' to the project
INFO: [HLS 200-1465] Applying config ini 'tb.file=../slopper/heat2d_hls/tb/tb_heat2d_hls.cpp' from hls_config.cfg(16)
INFO: [HLS 200-10] Adding test bench file '/home/mallya/Desktop/LBP/slopper/heat2d_hls/tb/tb_heat2d_hls.cpp' to the project
INFO: [HLS 200-1465] Applying config ini 'tb.file=../slopper/heat2d_hls/tb/tb_utils.hpp' from hls_config.cfg(17)
INFO: [HLS 200-10] Adding test bench file '/home/mallya/Desktop/LBP/slopper/heat2d_hls/tb/tb_utils.hpp' to the project
INFO: [HLS 200-1465] Applying config ini 'tb.file=../slopper/heat2d_hls/include/heat2d_parallel_hls.hpp' from hls_config.cfg(18)
INFO: [HLS 200-10] Adding test bench file '/home/mallya/Desktop/LBP/slopper/heat2d_hls/include/heat2d_parallel_hls.hpp' to the project
INFO: [HLS 200-1465] Applying config ini 'tb.file=../slopper/heat2d_hls/include/heat2d_serial_hls.hpp' from hls_config.cfg(19)
INFO: [HLS 200-10] Adding test bench file '/home/mallya/Desktop/LBP/slopper/heat2d_hls/include/heat2d_serial_hls.hpp' to the project
INFO: [HLS 200-1465] Applying config ini 'tb.file=../slopper/heat2d_hls/include/hls_config.hpp' from hls_config.cfg(20)
INFO: [HLS 200-10] Adding test bench file '/home/mallya/Desktop/LBP/slopper/heat2d_hls/include/hls_config.hpp' to the project
INFO: [HLS 200-1465] Applying config ini 'tb.file=../slopper/heat2d_hls/include/hls_stencil.hpp' from hls_config.cfg(21)
INFO: [HLS 200-10] Adding test bench file '/home/mallya/Desktop/LBP/slopper/heat2d_hls/include/hls_stencil.hpp' to the project
INFO: [HLS 200-1465] Applying config ini 'tb.file=../slopper/heat2d_hls/include/hls_types.hpp' from hls_config.cfg(22)
INFO: [HLS 200-10] Adding test bench file '/home/mallya/Desktop/LBP/slopper/heat2d_hls/include/hls_types.hpp' to the project
INFO: [HLS 200-1465] Applying config ini 'syn.top=heat2d_serial_hls' from hls_config.cfg(23)
INFO: [HLS 200-1465] Applying config ini 'flow_target=vivado' from hls_config.cfg(4)
INFO: [HLS 200-1505] Using flow_target 'vivado'
Resolution: For help on HLS 200-1505 see docs.amd.com/access/sources/dita/topic?Doc_Version=2025.2%20English&url=ug1448-hls-guidance&resourceid=200-1505.html
INFO: [HLS 200-1465] Applying config ini 'part=xczu5eg-sfvc784-1-i' from hls_config.cfg(1)
INFO: [HLS 200-1611] Setting target device to 'xczu5eg-sfvc784-1-i'
INFO: [HLS 200-1465] Applying config ini 'clock=10' from hls_config.cfg(7)
INFO: [SYN 201-201] Setting up clock 'default' with a period of 10ns.
INFO: [HLS 200-1465] Applying config ini 'clock_uncertainty=1.25' from hls_config.cfg(8)
INFO: [SYN 201-201] Setting up clock 'default' with an uncertainty of 1.25ns.
INFO: [HLS 200-1465] Applying config ini 'package.output.format=ip_catalog' from hls_config.cfg(5)
INFO: [HLS 200-2176] Writing Vitis IDE component file /home/mallya/Desktop/LBP/solver/solver/vitis-comp.json
INFO: [HLS 200-111] Finished File checks and directory preparation: CPU user time: 0.91 seconds. CPU system time: 0.22 seconds. Elapsed time: 1.03 seconds; current allocated memory: 272.121 MB.
INFO: [HLS 200-2191] C-Synthesis will use clang-16 as the compiler
INFO: [HLS 200-10] Analyzing design file '../slopper/heat2d_hls/src/heat2d_parallel_hls.cpp' ... 
WARNING: [HLS 207-7035] unexpected pragma parameter 'bundle' (../slopper/heat2d_hls/src/heat2d_parallel_hls.cpp:68:53)
INFO: [HLS 200-10] Analyzing design file '../slopper/heat2d_hls/src/heat2d_serial_hls.cpp' ... 
WARNING: [HLS 207-7035] unexpected pragma parameter 'bundle' (../slopper/heat2d_hls/src/heat2d_serial_hls.cpp:57:53)
INFO: [HLS 200-111] Finished Source Code Analysis and Preprocessing: CPU user time: 0.25 seconds. CPU system time: 0.33 seconds. Elapsed time: 0.71 seconds; current allocated memory: 273.457 MB.
INFO: [HLS 200-777] Using interface defaults for 'Vivado' flow target.
INFO: [HLS 200-1995] There were 180 instructions in the design after the 'Compile/Link' phase of compilation. See the Design Size Report for more details (/home/mallya/Desktop/LBP/solver/solver/hls/syn/report/csynth_design_size.rpt:2)
INFO: [HLS 200-1995] There were 131 instructions in the design after the 'Unroll/Inline (step 1)' phase of compilation. See the Design Size Report for more details (/home/mallya/Desktop/LBP/solver/solver/hls/syn/report/csynth_design_size.rpt:2)
INFO: [HLS 200-1995] There were 102 instructions in the design after the 'Unroll/Inline (step 2)' phase of compilation. See the Design Size Report for more details (/home/mallya/Desktop/LBP/solver/solver/hls/syn/report/csynth_design_size.rpt:2)
INFO: [HLS 200-1995] There were 91 instructions in the design after the 'Unroll/Inline (step 3)' phase of compilation. See the Design Size Report for more details (/home/mallya/Desktop/LBP/solver/solver/hls/syn/report/csynth_design_size.rpt:2)
INFO: [HLS 200-1995] There were 91 instructions in the design after the 'Unroll/Inline (step 4)' phase of compilation. See the Design Size Report for more details (/home/mallya/Desktop/LBP/solver/solver/hls/syn/report/csynth_design_size.rpt:2)
INFO: [HLS 200-1995] There were 282 instructions in the design after the 'Array/Struct (step 1)' phase of compilation. See the Design Size Report for more details (/home/mallya/Desktop/LBP/solver/solver/hls/syn/report/csynth_design_size.rpt:2)
INFO: [HLS 200-1995] There were 248 instructions in the design after the 'Array/Struct (step 2)' phase of compilation. See the Design Size Report for more details (/home/mallya/Desktop/LBP/solver/solver/hls/syn/report/csynth_design_size.rpt:2)
INFO: [HLS 200-1995] There were 248 instructions in the design after the 'Array/Struct (step 3)' phase of compilation. See the Design Size Report for more details (/home/mallya/Desktop/LBP/solver/solver/hls/syn/report/csynth_design_size.rpt:2)
INFO: [HLS 200-1995] There were 248 instructions in the design after the 'Array/Struct (step 4)' phase of compilation. See the Design Size Report for more details (/home/mallya/Desktop/LBP/solver/solver/hls/syn/report/csynth_design_size.rpt:2)
INFO: [HLS 200-1995] There were 249 instructions in the design after the 'Array/Struct (step 5)' phase of compilation. See the Design Size Report for more details (/home/mallya/Desktop/LBP/solver/solver/hls/syn/report/csynth_design_size.rpt:2)
INFO: [HLS 200-1995] There were 249 instructions in the design after the 'Performance (step 1)' phase of compilation. See the Design Size Report for more details (/home/mallya/Desktop/LBP/solver/solver/hls/syn/report/csynth_design_size.rpt:2)
INFO: [HLS 200-1995] There were 249 instructions in the design after the 'Performance (step 2)' phase of compilation. See the Design Size Report for more details (/home/mallya/Desktop/LBP/solver/solver/hls/syn/report/csynth_design_size.rpt:2)
INFO: [HLS 200-1995] There were 664 instructions in the design after the 'Performance (step 3)' phase of compilation. See the Design Size Report for more details (/home/mallya/Desktop/LBP/solver/solver/hls/syn/report/csynth_design_size.rpt:2)
INFO: [HLS 200-1995] There were 562 instructions in the design after the 'Performance (step 4)' phase of compilation. See the Design Size Report for more details (/home/mallya/Desktop/LBP/solver/solver/hls/syn/report/csynth_design_size.rpt:2)
INFO: [HLS 200-1995] There were 566 instructions in the design after the 'HW Transforms (step 1)' phase of compilation. See the Design Size Report for more details (/home/mallya/Desktop/LBP/solver/solver/hls/syn/report/csynth_design_size.rpt:2)
INFO: [HLS 200-1995] There were 591 instructions in the design after the 'HW Transforms (step 2)' phase of compilation. See the Design Size Report for more details (/home/mallya/Desktop/LBP/solver/solver/hls/syn/report/csynth_design_size.rpt:2)
INFO: [HLS 214-131] Inlining function 'apply_stencil(double, double, double, double, double)' into 'heat2d_serial_hls(double (*) [32], double (*) [32], int)' (../slopper/heat2d_hls/src/heat2d_serial_hls.cpp:101:29)
INFO: [HLS 214-248] Applying array_partition to 'u_a': Cyclic partitioning with factor 4 on dimension 2. (../slopper/heat2d_hls/src/heat2d_serial_hls.cpp:62:15)
INFO: [HLS 214-248] Applying array_partition to 'u_b': Cyclic partitioning with factor 4 on dimension 2. (../slopper/heat2d_hls/src/heat2d_serial_hls.cpp:63:15)
INFO: [HLS 214-270] Inferring pragma 'array_partition type=cyclic factor=3 dim=1' for array 'u_a_0' due to pipeline pragma (../slopper/heat2d_hls/src/heat2d_serial_hls.cpp:98:1)
INFO: [HLS 214-270] Inferring pragma 'array_partition type=cyclic factor=3 dim=1' for array 'u_a_1' due to pipeline pragma (../slopper/heat2d_hls/src/heat2d_serial_hls.cpp:98:1)
INFO: [HLS 214-270] Inferring pragma 'array_partition type=cyclic factor=3 dim=1' for array 'u_a_2' due to pipeline pragma (../slopper/heat2d_hls/src/heat2d_serial_hls.cpp:98:1)
INFO: [HLS 214-270] Inferring pragma 'array_partition type=cyclic factor=3 dim=1' for array 'u_a_3' due to pipeline pragma (../slopper/heat2d_hls/src/heat2d_serial_hls.cpp:98:1)
INFO: [HLS 214-248] Applying array_partition to 'u_a_0': Cyclic partitioning with factor 3 on dimension 1. (../slopper/heat2d_hls/src/heat2d_serial_hls.cpp:62:15)
INFO: [HLS 214-248] Applying array_partition to 'u_a_1': Cyclic partitioning with factor 3 on dimension 1. (../slopper/heat2d_hls/src/heat2d_serial_hls.cpp:62:15)
INFO: [HLS 214-248] Applying array_partition to 'u_a_2': Cyclic partitioning with factor 3 on dimension 1. (../slopper/heat2d_hls/src/heat2d_serial_hls.cpp:62:15)
INFO: [HLS 214-248] Applying array_partition to 'u_a_3': Cyclic partitioning with factor 3 on dimension 1. (../slopper/heat2d_hls/src/heat2d_serial_hls.cpp:62:15)
INFO: [HLS 200-111] Finished Compiling Optimization and Transform: CPU user time: 1.67 seconds. CPU system time: 0.23 seconds. Elapsed time: 6.69 seconds; current allocated memory: 275.648 MB.
INFO: [HLS 200-111] Finished Checking Pragmas: CPU user time: 0 seconds. CPU system time: 0 seconds. Elapsed time: 0 seconds; current allocated memory: 275.648 MB.
INFO: [HLS 200-10] Starting code transformations ...
INFO: [HLS 200-111] Finished Standard Transforms: CPU user time: 0.03 seconds. CPU system time: 0 seconds. Elapsed time: 0.03 seconds; current allocated memory: 276.609 MB.
INFO: [HLS 200-10] Checking synthesizability ...
INFO: [HLS 200-111] Finished Checking Synthesizability: CPU user time: 0.02 seconds. CPU system time: 0.01 seconds. Elapsed time: 0.02 seconds; current allocated memory: 276.840 MB.
INFO: [HLS 200-111] Finished Loop, function and other optimizations: CPU user time: 0.1 seconds. CPU system time: 0 seconds. Elapsed time: 0.11 seconds; current allocated memory: 300.184 MB.
INFO: [HLS 200-2061] Successfully converted nested loops 'LOAD_I'(../slopper/heat2d_hls/src/heat2d_serial_hls.cpp:73:13) and 'LOAD_J'(../slopper/heat2d_hls/src/heat2d_serial_hls.cpp:74:17) in function 'heat2d_serial_hls' into perfectly nested loops.
INFO: [HLS 200-2061] Successfully converted nested loops 'SWAP_I'(../slopper/heat2d_hls/src/heat2d_serial_hls.cpp:115:17) and 'SWAP_J'(../slopper/heat2d_hls/src/heat2d_serial_hls.cpp:116:21) in function 'heat2d_serial_hls' into perfectly nested loops.
INFO: [HLS 200-2061] Successfully converted nested loops 'STORE_I'(../slopper/heat2d_hls/src/heat2d_serial_hls.cpp:125:14) and 'STORE_J'(../slopper/heat2d_hls/src/heat2d_serial_hls.cpp:126:18) in function 'heat2d_serial_hls' into perfectly nested loops.
INFO: [XFORM 203-541] Flattening a loop nest 'LOAD_I' (../slopper/heat2d_hls/src/heat2d_serial_hls.cpp:73:13) in function 'heat2d_serial_hls'.
INFO: [XFORM 203-541] Flattening a loop nest 'SWAP_I' (../slopper/heat2d_hls/src/heat2d_serial_hls.cpp:115:17) in function 'heat2d_serial_hls'.
INFO: [XFORM 203-541] Flattening a loop nest 'STORE_I' (../slopper/heat2d_hls/src/heat2d_serial_hls.cpp:125:14) in function 'heat2d_serial_hls'.
INFO: [HLS 200-111] Finished Architecture Synthesis: CPU user time: 0.1 seconds. CPU system time: 0 seconds. Elapsed time: 0.1 seconds; current allocated memory: 329.633 MB.
INFO: [HLS 200-10] Starting hardware synthesis ...
INFO: [HLS 200-10] Synthesizing 'heat2d_serial_hls' ...
INFO: [HLS 200-10] ----------------------------------------------------------------
INFO: [HLS 200-42] -- Implementing module 'heat2d_serial_hls_Pipeline_LOAD_I_LOAD_J' 
INFO: [HLS 200-10] ----------------------------------------------------------------
INFO: [SCHED 204-11] Starting scheduling ...
INFO: [SCHED 204-61] Pipelining loop 'LOAD_I_LOAD_J'.
INFO: [HLS 200-1470] Pipelining result : Target II = 1, Final II = 1, Depth = 10, loop 'LOAD_I_LOAD_J'
INFO: [SCHED 204-11] Finished scheduling.
INFO: [HLS 200-111] Finished Scheduling: CPU user time: 0.06 seconds. CPU system time: 0.01 seconds. Elapsed time: 0.07 seconds; current allocated memory: 330.883 MB.
INFO: [BIND 205-100] Starting micro-architecture generation ...
INFO: [BIND 205-101] Performing variable lifetime analysis.
INFO: [BIND 205-101] Exploring resource sharing.
INFO: [BIND 205-101] Binding ...
INFO: [BIND 205-100] Finished micro-architecture generation.
INFO: [HLS 200-111] Finished Binding: CPU user time: 0.02 seconds. CPU system time: 0 seconds. Elapsed time: 0.01 seconds; current allocated memory: 330.883 MB.
INFO: [HLS 200-10] ----------------------------------------------------------------
INFO: [HLS 200-42] -- Implementing module 'heat2d_serial_hls_Pipeline_STENCIL_J' 
INFO: [HLS 200-10] ----------------------------------------------------------------
INFO: [SCHED 204-11] Starting scheduling ...
INFO: [SCHED 204-61] Pipelining loop 'STENCIL_J'.
INFO: [SCHED 204-61] Discarding stage scheduling solution.
INFO: [HLS 200-1470] Pipelining result : Target II = 1, Final II = 1, Depth = 33, loop 'STENCIL_J'
INFO: [SCHED 204-11] Finished scheduling.
INFO: [HLS 200-111] Finished Scheduling: CPU user time: 0.1 seconds. CPU system time: 0 seconds. Elapsed time: 0.11 seconds; current allocated memory: 330.914 MB.
INFO: [BIND 205-100] Starting micro-architecture generation ...
INFO: [BIND 205-101] Performing variable lifetime analysis.
INFO: [BIND 205-101] Exploring resource sharing.
INFO: [BIND 205-101] Binding ...
INFO: [BIND 205-100] Finished micro-architecture generation.
INFO: [HLS 200-111] Finished Binding: CPU user time: 0.03 seconds. CPU system time: 0 seconds. Elapsed time: 0.02 seconds; current allocated memory: 330.914 MB.
INFO: [HLS 200-10] ----------------------------------------------------------------
INFO: [HLS 200-42] -- Implementing module 'heat2d_serial_hls_Pipeline_SWAP_I_SWAP_J' 
INFO: [HLS 200-10] ----------------------------------------------------------------
INFO: [SCHED 204-11] Starting scheduling ...
INFO: [SCHED 204-61] Pipelining loop 'SWAP_I_SWAP_J'.
INFO: [HLS 200-1470] Pipelining result : Target II = 1, Final II = 1, Depth = 9, loop 'SWAP_I_SWAP_J'
INFO: [SCHED 204-11] Finished scheduling.
INFO: [HLS 200-111] Finished Scheduling: CPU user time: 0.05 seconds. CPU system time: 0 seconds. Elapsed time: 0.05 seconds; current allocated memory: 331.742 MB.
INFO: [BIND 205-100] Starting micro-architecture generation ...
INFO: [BIND 205-101] Performing variable lifetime analysis.
INFO: [BIND 205-101] Exploring resource sharing.
INFO: [BIND 205-101] Binding ...
INFO: [BIND 205-100] Finished micro-architecture generation.
INFO: [HLS 200-111] Finished Binding: CPU user time: 0.01 seconds. CPU system time: 0 seconds. Elapsed time: 0.02 seconds; current allocated memory: 331.742 MB.
INFO: [HLS 200-10] ----------------------------------------------------------------
INFO: [HLS 200-42] -- Implementing module 'heat2d_serial_hls_Pipeline_STORE_I_STORE_J' 
INFO: [HLS 200-10] ----------------------------------------------------------------
INFO: [SCHED 204-11] Starting scheduling ...
INFO: [SCHED 204-61] Pipelining loop 'STORE_I_STORE_J'.
INFO: [HLS 200-1470] Pipelining result : Target II = 1, Final II = 1, Depth = 10, loop 'STORE_I_STORE_J'
INFO: [SCHED 204-11] Finished scheduling.
INFO: [HLS 200-111] Finished Scheduling: CPU user time: 0.04 seconds. CPU system time: 0 seconds. Elapsed time: 0.04 seconds; current allocated memory: 331.891 MB.
INFO: [BIND 205-100] Starting micro-architecture generation ...
INFO: [BIND 205-101] Performing variable lifetime analysis.
INFO: [BIND 205-101] Exploring resource sharing.
INFO: [BIND 205-101] Binding ...
INFO: [BIND 205-100] Finished micro-architecture generation.
INFO: [HLS 200-111] Finished Binding: CPU user time: 0.01 seconds. CPU system time: 0 seconds. Elapsed time: 0.01 seconds; current allocated memory: 331.891 MB.
INFO: [HLS 200-10] ----------------------------------------------------------------
INFO: [HLS 200-42] -- Implementing module 'heat2d_serial_hls' 
INFO: [HLS 200-10] ----------------------------------------------------------------
INFO: [SCHED 204-11] Starting scheduling ...
INFO: [SCHED 204-11] Finished scheduling.
INFO: [HLS 200-111] Finished Scheduling: CPU user time: 0.03 seconds. CPU system time: 0 seconds. Elapsed time: 0.03 seconds; current allocated memory: 332.570 MB.
INFO: [BIND 205-100] Starting micro-architecture generation ...
INFO: [BIND 205-101] Performing variable lifetime analysis.
INFO: [BIND 205-101] Exploring resource sharing.
INFO: [BIND 205-101] Binding ...
INFO: [BIND 205-100] Finished micro-architecture generation.
INFO: [HLS 200-111] Finished Binding: CPU user time: 0.02 seconds. CPU system time: 0 seconds. Elapsed time: 0.01 seconds; current allocated memory: 332.570 MB.
INFO: [HLS 200-10] ----------------------------------------------------------------
INFO: [HLS 200-10] -- Generating RTL for module 'heat2d_serial_hls_Pipeline_LOAD_I_LOAD_J' 
INFO: [HLS 200-10] ----------------------------------------------------------------
INFO: [HLS 200-1030] Apply Unified Pipeline Control on module 'heat2d_serial_hls_Pipeline_LOAD_I_LOAD_J' pipeline 'LOAD_I_LOAD_J' pipeline type 'loop pipeline'
INFO: [RTGEN 206-100] Generating core module 'mul_6ns_8ns_13_1_1': 1 instance(s).
INFO: [RTGEN 206-100] Generating core module 'urem_6ns_3ns_2_10_1': 1 instance(s).
INFO: [RTGEN 206-100] Finished creating RTL model for 'heat2d_serial_hls_Pipeline_LOAD_I_LOAD_J'.
INFO: [HLS 200-111] Finished Creating RTL model: CPU user time: 0.02 seconds. CPU system time: 0 seconds. Elapsed time: 0.04 seconds; current allocated memory: 332.766 MB.
INFO: [HLS 200-10] ----------------------------------------------------------------
INFO: [HLS 200-10] -- Generating RTL for module 'heat2d_serial_hls_Pipeline_STENCIL_J' 
INFO: [HLS 200-10] ----------------------------------------------------------------
INFO: [HLS 200-1030] Apply Unified Pipeline Control on module 'heat2d_serial_hls_Pipeline_STENCIL_J' pipeline 'STENCIL_J' pipeline type 'loop pipeline'
INFO: [RTGEN 206-100] Generating core module 'dadd_64ns_64ns_64_5_full_dsp_1': 4 instance(s).
INFO: [RTGEN 206-100] Generating core module 'dmul_64ns_64ns_64_5_max_dsp_1': 2 instance(s).
INFO: [RTGEN 206-100] Generating core module 'dsub_64ns_64ns_64_5_full_dsp_1': 1 instance(s).
INFO: [RTGEN 206-100] Generating core module 'sparsemux_7_2_64_1_1': 12 instance(s).
INFO: [RTGEN 206-100] Generating core module 'sparsemux_9_2_64_1_1': 5 instance(s).
INFO: [RTGEN 206-100] Finished creating RTL model for 'heat2d_serial_hls_Pipeline_STENCIL_J'.
INFO: [HLS 200-111] Finished Creating RTL model: CPU user time: 0.08 seconds. CPU system time: 0.01 seconds. Elapsed time: 0.1 seconds; current allocated memory: 337.207 MB.
INFO: [HLS 200-10] ----------------------------------------------------------------
INFO: [HLS 200-10] -- Generating RTL for module 'heat2d_serial_hls_Pipeline_SWAP_I_SWAP_J' 
INFO: [HLS 200-10] ----------------------------------------------------------------
INFO: [HLS 200-1030] Apply Unified Pipeline Control on module 'heat2d_serial_hls_Pipeline_SWAP_I_SWAP_J' pipeline 'SWAP_I_SWAP_J' pipeline type 'loop pipeline'
INFO: [RTGEN 206-100] Generating core module 'mul_5ns_7ns_11_1_1': 1 instance(s).
INFO: [RTGEN 206-100] Generating core module 'sparsemux_9_2_64_1_1': 1 instance(s).
INFO: [RTGEN 206-100] Generating core module 'urem_5ns_3ns_2_9_1': 1 instance(s).
INFO: [RTGEN 206-100] Finished creating RTL model for 'heat2d_serial_hls_Pipeline_SWAP_I_SWAP_J'.
INFO: [HLS 200-111] Finished Creating RTL model: CPU user time: 0.08 seconds. CPU system time: 0 seconds. Elapsed time: 0.08 seconds; current allocated memory: 342.363 MB.
INFO: [HLS 200-10] ----------------------------------------------------------------
INFO: [HLS 200-10] -- Generating RTL for module 'heat2d_serial_hls_Pipeline_STORE_I_STORE_J' 
INFO: [HLS 200-10] ----------------------------------------------------------------
INFO: [HLS 200-1030] Apply Unified Pipeline Control on module 'heat2d_serial_hls_Pipeline_STORE_I_STORE_J' pipeline 'STORE_I_STORE_J' pipeline type 'loop pipeline'
INFO: [RTGEN 206-100] Generating core module 'mul_6ns_8ns_13_1_1': 1 instance(s).
INFO: [RTGEN 206-100] Generating core module 'sparsemux_7_2_64_1_1': 4 instance(s).
INFO: [RTGEN 206-100] Generating core module 'sparsemux_9_2_64_1_1': 1 instance(s).
INFO: [RTGEN 206-100] Generating core module 'urem_6ns_3ns_2_10_1': 1 instance(s).
INFO: [RTGEN 206-100] Finished creating RTL model for 'heat2d_serial_hls_Pipeline_STORE_I_STORE_J'.
INFO: [HLS 200-111] Finished Creating RTL model: CPU user time: 0.04 seconds. CPU system time: 0 seconds. Elapsed time: 0.05 seconds; current allocated memory: 344.129 MB.
INFO: [HLS 200-10] ----------------------------------------------------------------
INFO: [HLS 200-10] -- Generating RTL for module 'heat2d_serial_hls' 
INFO: [HLS 200-10] ----------------------------------------------------------------
WARNING: [RTGEN 206-101] Design contains AXI ports. Reset is fixed to synchronous and active low.
INFO: [RTGEN 206-500] Setting interface mode on port 'heat2d_serial_hls/u_in' to 'ap_memory'.
INFO: [RTGEN 206-500] Setting interface mode on port 'heat2d_serial_hls/u_out' to 'ap_memory'.
INFO: [RTGEN 206-500] Setting interface mode on port 'heat2d_serial_hls/num_steps' to 's_axilite & ap_none'.
INFO: [RTGEN 206-500] Setting interface mode on function 'heat2d_serial_hls' to 'ap_ctrl_hs'.
INFO: [RTGEN 206-100] Bundling port 'num_steps' to AXI-Lite port ctrl.
INFO: [RTGEN 206-100] Generating core module 'mul_5ns_7ns_11_1_1': 3 instance(s).
INFO: [RTGEN 206-100] Generating core module 'urem_5ns_3ns_2_9_seq_1': 1 instance(s).
INFO: [RTGEN 206-100] Finished creating RTL model for 'heat2d_serial_hls'.
INFO: [RTMG 210-278] Implementing memory 'heat2d_serial_hls_u_a_RAM_AUTO_1R1W' using auto RAMs.
INFO: [RTMG 210-278] Implementing memory 'heat2d_serial_hls_u_b_RAM_AUTO_1R1W' using auto RAMs.
INFO: [HLS 200-111] Finished Creating RTL model: CPU user time: 0.05 seconds. CPU system time: 0.01 seconds. Elapsed time: 0.05 seconds; current allocated memory: 347.438 MB.
INFO: [HLS 200-111] Finished Generating all RTL models: CPU user time: 0.16 seconds. CPU system time: 0 seconds. Elapsed time: 0.17 seconds; current allocated memory: 351.645 MB.
INFO: [HLS 200-2225] Wrote inferred directives to file /home/mallya/Desktop/LBP/solver/solver/hls/syn/inferred_directives.ini
INFO: [HLS 200-111] Finished Updating report files: CPU user time: 0.24 seconds. CPU system time: 0.02 seconds. Elapsed time: 0.26 seconds; current allocated memory: 357.348 MB.
INFO: [VHDL 208-304] Generating VHDL RTL for heat2d_serial_hls.
INFO: [VLOG 209-307] Generating Verilog RTL for heat2d_serial_hls.
INFO: [HLS 200-790] **** Loop Constraint Status: All loop constraints were satisfied.
INFO: [HLS 200-789] **** Estimated Fmax: 119.99 MHz
INFO: [HLS 200-112] Total CPU user time: 4.14 seconds. Total CPU system time: 0.85 seconds. Total elapsed time: 9.82 seconds; peak allocated memory: 357.348 MB.
INFO: [v++ 60-791] Total elapsed time: 0h 0m 13s
