# 
# Steps log generated by v++
# This log file contains a collection of steps that describe the kernel compilation flow
# Note: Some steps are tagged as internal, these steps are for debugging purposes and 
#       are not expected to be able to run independently.
# 

# The following environment variables are set when running vitis-run
Environment variables :
------------------------------------------
SHELL=/usr/bin/zsh
SESSION_MANAGER=local/computer:@/tmp/.ICE-unix/1321,unix/computer:/tmp/.ICE-unix/1321
XDG_CONFIG_DIRS=/home/mallya/.config/kdedefaults:/etc/xdg
XDG_SESSION_PATH=/org/freedesktop/DisplayManager/Session1
XDG_MENU_PREFIX=plasma-
RDI_APPROOT=/home/mallya/vivado/2025.2/Vitis
RDI_JAVA_PLATFORM=
TK_LIBRARY=/home/mallya/vivado/2025.2/Vitis/tps/tk/tk8.5
ICEAUTHORITY=/run/user/1000/iceauth_bOPHYB
LANGUAGE=en_US:en
FREETYPE_PROPERTIES=truetype:interpreter-version=35
XIL_SUPPRESS_OVERRIDE_WARNINGS=1
RDI_BINROOT=/home/mallya/vivado/2025.2/Vitis/bin
XILINX_VIVADO=/home/mallya/vivado/2025.2/Vivado
JAVA_HOME=/home/mallya/vivado/2025.2/Vitis/tps/lnx64/jre21.0.5_11/
RDI_INSTALLVERSION=2025.2
RDI_OPT_EXT=.o
RDI_INSTALLVER=Vitis
RDI_INSTALLROOT=/home/mallya/vivado
THEIA_DEFAULT_PLUGINS=local-dir:/home/mallya/vivado/2025.2/Vitis/ide/electron-app/lnx64/resources/app/plugins
MEMORY_PRESSURE_WRITE=c29tZSAyMDAwMDAgMjAwMDAwMAA=
RDI_PATCHROOT=
DESKTOP_SESSION=plasma
GTK_RC_FILES=/etc/gtk/gtkrc:/home/mallya/.gtkrc:/home/mallya/.config/gtkrc
XDG_SEAT=seat0
XIL_NO_OVERRIDE=0
RDI_LIBDIR=/home/mallya/vivado/2025.2/Vitis/lib/lnx64.o/Default:/home/mallya/vivado/2025.2/Vitis/lib/lnx64.o
PWD=/home/mallya/Desktop/LBP/solver
LOGNAME=mallya
XDG_SESSION_DESKTOP=KDE
THEIA_ELECTRON_VERSION=30.1.2
XDG_SESSION_TYPE=wayland
_RDI_DONT_SET_XILINX_AS_PATH=True
SYSTEMD_EXEC_PID=1356
VALIDATE_ARGS=False
XAUTHORITY=/run/user/1000/xauth_EuFrZd
RDI_PREPEND_PATH=/home/mallya/vivado/2025.2/Vitis/bin
XILINX_DSP=
THEIA_PLUGINS=local-dir:/home/mallya/.theia/plugins
MOTD_SHOWN=pam
XKB_DEFAULT_MODEL=pc105+inet
GTK2_RC_FILES=/etc/gtk-2.0/gtkrc:/home/mallya/.gtkrc-2.0:/home/mallya/.config/gtkrc-2.0
HOME=/home/mallya
SYNTH_COMMON=/home/mallya/vivado/2025.2/Vitis/scripts/rt/data
SSH_ASKPASS=/usr/bin/ksshaskpass
LANG=en_US.UTF-8
_JAVA_AWT_WM_NONREPARENTING=1
XDG_CURRENT_DESKTOP=KDE
MEMORY_PRESSURE_WATCH=/sys/fs/cgroup/user.slice/user-1000.slice/user@1000.service/session.slice/plasma-plasmashell.service/memory.pressure
WAYLAND_DISPLAY=wayland-0
XILINX_HLS=/home/mallya/vivado/2025.2/Vitis
GIT_ASKPASS=/usr/bin/ksshaskpass
XDG_SEAT_PATH=/org/freedesktop/DisplayManager/Seat0
RDI_BUILD=yes
RDI_PROG=/home/mallya/vivado/2025.2/Vitis/bin/unwrapped/lnx64.o/vitis-run
INVOCATION_ID=9d1b32a89714466a88f81ea1585222d4
MANAGERPID=1113
RDI_SESSION_INFO=/home/mallya:computer_1772778394_3502
CHROME_DESKTOP=Vitis Unified IDE.desktop
RT_TCL_PATH=/home/mallya/vivado/2025.2/Vitis/scripts/rt/base_tcl/tcl
KDE_SESSION_UID=1000
XILINX_SDK=/home/mallya/vivado/2025.2/Vitis
XKB_DEFAULT_LAYOUT=us
RDI_SHARED_DATA=
XDG_ACTIVATION_TOKEN=kwin-15
VSCODE_API_VERSION=1.99.3
XDG_SESSION_CLASS=user
PYTHONPATH=/home/mallya/vivado/2025.2/Vitis/cli/:/home/mallya/vivado/2025.2/Vitis/cli/python-packages/site-packages:/home/mallya/vivado/2025.2/Vitis/cli/proto:/home/mallya/vivado/2025.2/Vitis/tps/lnx64/python-3.13.0/lib/python3.13/lib-dynload/:/home/mallya/vivado/2025.2/Vitis/tps/lnx64/python-3.13.0/lib/python3.13/:/home/mallya/vivado/2025.2/Vitis/scripts/python_pkg:/home/mallya/vivado/2025.2/Vitis/cli/:/home/mallya/vivado/2025.2/Vitis/cli/python-packages/site-packages:/home/mallya/vivado/2025.2/Vitis/cli/python-packages/lnx64:/home/mallya/vivado/2025.2/Vitis/cli/proto:/home/mallya/vivado/2025.2/Vivado/tps/lnx64/python-3.13.0/lib/python3.13/lib-dynload/:/home/mallya/vivado/2025.2/Vivado/tps/lnx64/python-3.13.0/lib/python3.13
PYTHONHOME=/home/mallya/vivado/2025.2/Vitis/tps/lnx64/python-3.13.0/
VITIS_HLS_INSTALL=true
USER=mallya
SSH_ASKPASS_REQUIRE=prefer
XILINX_PLANAHEAD=/home/mallya/vivado/2025.2/Vitis
PATCH_INFO=
QT_WAYLAND_RECONNECT=1
RDI_BASEROOT=/home/mallya/vivado/2025.2
KDE_SESSION_VERSION=6
LOPPER_DTC_FLAGS=-b 0 -@
PAM_KWALLET5_LOGIN=/run/user/1000/kwallet5.socket
RDI_TPS_ROOT=/home/mallya/vivado/2025.2/Vivado/tps/lnx64
RDI_JAVA_VERSION=11.0.16_1
IDE_SKIP_SERVER_LICENSE=1
RDI_DATADIR=:/home/mallya/vivado/2025.2/data
THEIA_ELECTRON_TOKEN={"value":"01aeceb8-1910-4db1-ba76-5aa356c20ec1"}
DISPLAY=:1
SHLVL=3
RDI_USE_JDK11=1
XDG_VTNR=1
XIL_CHECK_TCL_DEBUG=False
XDG_SESSION_ID=2
SYSTEMPLATFORM=Arch
MANAGERPIDFDID=1114
LD_LIBRARY_PATH=/home/mallya/vivado/2025.2/Vitis/tps/lnx64/java-cef-95.0.4638.69/bin/lib/linux64:/home/mallya/vivado/2025.2/Vitis/tps/lnx64/javafx-sdk-11.0.2/lib:/home/mallya/vivado/2025.2/Vitis/lib/lnx64.o/Default:/home/mallya/vivado/2025.2/Vitis/lib/lnx64.o:/home/mallya/vivado/2025.2/Vitis/tps/lnx64/jre11.0.16_1/lib/:/home/mallya/vivado/2025.2/Vitis/tps/lnx64/jre11.0.16_1/lib//server:/home/mallya/vivado/2025.2/Vitis/lib/lnx64.o/Default:/home/mallya/vivado/2025.2/Vitis/lib/lnx64.o:/home/mallya/vivado/2025.2/Vitis/tps/lnx64/cmake-3.24.2/libs/Default:/home/mallya/vivado/2025.2/Vitis/tps/lnx64/cmake-3.24.2/libs:/home/mallya/vivado/2025.2/Vitis/lib/lnx64.o/Default:/home/mallya/vivado/2025.2/Vitis/lib/lnx64.o:/home/mallya/vivado/2025.2/Vitis/tps/lnx64/python-3.13.0/lib:/home/mallya/vivado/2025.2/Vivado/tps/lnx64/cmake-3.24.2/libs/Default:/home/mallya/vivado/2025.2/Vivado/tps/lnx64/cmake-3.24.2/libs:/home/mallya/vivado/2025.2/Vitis/lib/lnx64.o:/home/mallya/vivado/2025.2/Vitis/lib/lnx64.o/Default:/home/mallya/vivado/2025.2/Vitis/lib/lnx64.o:/home/mallya/vivado/2025.2/Vivado/tps/lnx64/python-3.13.0/lib
HDIPRELDPATH=/home/mallya/vivado/2025.2/Vitis/lib/lnx64.o/Default:/home/mallya/vivado/2025.2/Vitis/lib/lnx64.o:/home/mallya/vivado/2025.2/Vitis/tps/lnx64/cmake-3.24.2/libs/Default:/home/mallya/vivado/2025.2/Vitis/tps/lnx64/cmake-3.24.2/libs:/home/mallya/vivado/2025.2/Vitis/lib/lnx64.o/Default:/home/mallya/vivado/2025.2/Vitis/lib/lnx64.o:/home/mallya/vivado/2025.2/Vitis/tps/lnx64/python-3.13.0/lib:/home/mallya/vivado/2025.2/Vivado/tps/lnx64/cmake-3.24.2/libs/Default:/home/mallya/vivado/2025.2/Vivado/tps/lnx64/cmake-3.24.2/libs:/home/mallya/vivado/2025.2/Vitis/lib/lnx64.o:/home/mallya/vivado/2025.2/Vitis/lib/lnx64.o/Default:/home/mallya/vivado/2025.2/Vitis/lib/lnx64.o:/home/mallya/vivado/2025.2/Vivado/tps/lnx64/python-3.13.0/lib
XDG_RUNTIME_DIR=/run/user/1000
TCMALLOC_LARGE_ALLOC_REPORT_THRESHOLD=4294967296
DEBUGINFOD_URLS=https://debuginfod.archlinux.org 
TCL_LIBRARY=/home/mallya/vivado/2025.2/Vitis/tps/tcl/tcl8.6
LC_ALL=en_US.UTF-8
JOURNAL_STREAM=9:8995
XDG_DATA_DIRS=/home/mallya/.local/share/flatpak/exports/share:/var/lib/flatpak/exports/share:/usr/local/share:/usr/share
XILINX_VITIS_GIT=/home/mallya/vivado/2025.2/Vivado/tps/lnx64/git-2.50.0/bin
KDE_FULL_SESSION=true
PATH=/home/mallya/vivado/2025.2/Vivado/tps/lnx64/binutils-2.26/bin:/home/mallya/vivado/2025.2/Vitis/bin/../gnu/aarch64/lin/aarch64-linux/bin:/home/mallya/vivado/2025.2/Vitis/bin/../gnu/ppc64le/4.9.3/lnx64/bin:/home/mallya/vivado/2025.2/Vitis/bin/../gnu/aarch32/lin/gcc-arm-linux-gnueabi/bin:/home/mallya/vivado/2025.2/Vivado/tps/lnx64/gcc-8.3.0/bin:/home/mallya/vivado/2025.2/Vivado/gnu/microblaze/lin/bin:/home/mallya/vivado/2025.2/Vitis/bin:/home/mallya/vivado/2025.2/Vitis/tps/lnx64/jre11.0.16_1/bin:/home/mallya/vivado/2025.2/Vitis/gnu/microblaze/lin/bin:/home/mallya/vivado/2025.2/Vitis/gnu/arm/lin/bin:/home/mallya/vivado/2025.2/Vitis/gnu/microblaze/linux_toolchain/nt64_be/bin:/home/mallya/vivado/2025.2/Vitis/gnu/microblaze/linux_toolchain/nt64_le/bin:/home/mallya/vivado/2025.2/Vitis/gnu/aarch32/lin/gcc-arm-linux-gnueabi/bin:/home/mallya/vivado/2025.2/Vitis/gnu/aarch32/lin/gcc-arm-none-eabi/bin:/home/mallya/vivado/2025.2/Vitis/gnu/aarch64/lin/aarch64-linux/bin:/home/mallya/vivado/2025.2/Vitis/gnu/aarch64/lin/aarch64-none/bin:/home/mallya/vivado/2025.2/Vitis/gnu/armr5/lin/gcc-arm-none-eabi/bin:/home/mallya/vivado/2025.2/Vitis/tps/lnx64/cmake-3.24.2/bin:/home/mallya/vivado/2025.2/Vitis/lnx64/tools/clang/bin:/home/mallya/vivado/2025.2/Vitis/tps/lnx64/python-3.13.0//bin:/home/mallya/vivado/2025.2/Vitis/tps/lnx64/jre21.0.5_11//bin:/bin:/home/mallya/vivado/2025.2/Vivado/bin:/home/mallya/.local/bin:/home/mallya/.npm-global/bin:/home/mallya/.opam/default/bin:/home/mallya/vivado/2025.2/Vivado/tps/lnx64/git-2.50.0/bin:/home/mallya/vivado/2025.2/Vitis/lnx64/tools/vcxx/libexec:/home/mallya/vivado/2025.2/Vivado/tps/lnx64/cmake-3.24.2/bin:/home/mallya/vivado/2025.2/Vivado/tps/lnx64/jre21.0.5_11/bin:/home/mallya/vivado/2025.2/Vivado/tps/lnx64/python-3.13.0/bin:/home/mallya/.cargo/bin:/usr/local/sbin:/usr/local/bin:/usr/bin:/usr/bin/site_perl:/usr/bin/vendor_perl:/usr/bin/core_perl
RT_LIBPATH=/home/mallya/vivado/2025.2/Vitis/scripts/rt/data
ORIGINAL_XDG_CURRENT_DESKTOP=KDE
HDI_APPROOT=/home/mallya/vivado/2025.2/Vitis
DBUS_SESSION_BUS_ADDRESS=unix:path=/run/user/1000/bus
RDI_PLATFORM=lnx64
THEIA_APP_PROJECT_PATH=/home/mallya/vivado/2025.2/Vitis/ide/electron-app/lnx64/resources/app
MYVIVADO=
KDE_APPLICATIONS_AS_SCOPE=1
BUILDINFO=SW Build 6295257 on 2025-11-13-01:29:14
MAIL=/var/spool/mail/mallya
ISL_IOSTREAMS_RSA=/home/mallya/vivado/2025.2/Vitis/tps/isl
XKB_DEFAULT_OPTIONS=terminate:ctrl_alt_bksp
LC_NUMERIC=C
XILINX_VITIS=/home/mallya/vivado/2025.2/Vitis
OLDPWD=/home/mallya/vivado/2025.2/Vitis/bin
XILINX_VCXX=/home/mallya/vivado/2025.2/Vitis/lnx64/tools/vcxx
_=/home/mallya/vivado/2025.2/Vitis/bin/unwrapped/lnx64.o/vitis-run
XILINX_CD_CONNECT_ID=32899
XILINX_CD_SESSION=177eb86d-fdde-4e4c-983d-fc5960024cfd


VITIS-RUN command line:
------------------------------------------
/home/mallya/vivado/2025.2/Vitis/bin/unwrapped/lnx64.o/vitis-run --mode hls --csim --config /home/mallya/Desktop/LBP/solver/hls_config.cfg --work_dir solver 

FINAL PROGRAM OPTIONS
--config /home/mallya/Desktop/LBP/solver/hls_config.cfg
--csim
--hls.clock 10
--hls.clock_uncertainty 1.25
--hls.flow_target vivado
--hls.package.output.format ip_catalog
--hls.package.output.syn false
--hls.syn.file ../slopper/heat2d_hls/src/heat2d_serial_hls.cpp
--hls.syn.file ../slopper/heat2d_hls/src/heat2d_parallel_hls.cpp
--hls.syn.file ../slopper/heat2d_hls/include/heat2d_parallel_hls.hpp
--hls.syn.file ../slopper/heat2d_hls/include/heat2d_serial_hls.hpp
--hls.syn.file ../slopper/heat2d_hls/include/hls_config.hpp
--hls.syn.file ../slopper/heat2d_hls/include/hls_stencil.hpp
--hls.syn.file ../slopper/heat2d_hls/include/hls_types.hpp
--hls.tb.file ../slopper/heat2d_hls/tb/tb_heat2d_hls.cpp
--hls.tb.file ../slopper/heat2d_hls/tb/tb_utils.hpp
--mode hls
--part xczu5eg-sfvc784-1-i
--work_dir solver

PARSED COMMAND LINE OPTIONS
--mode hls 
--csim 
--config /home/mallya/Desktop/LBP/solver/hls_config.cfg 
--work_dir solver 

PARSED CONFIG FILE (1) OPTIONS
file: /home/mallya/Desktop/LBP/solver/hls_config.cfg
part xczu5eg-sfvc784-1-i 
hls.flow_target vivado 
hls.package.output.format ip_catalog 
hls.package.output.syn false 
hls.clock 10 
hls.clock_uncertainty 1.25 
hls.syn.file ../slopper/heat2d_hls/src/heat2d_serial_hls.cpp 
hls.syn.file ../slopper/heat2d_hls/src/heat2d_parallel_hls.cpp 
hls.syn.file ../slopper/heat2d_hls/include/heat2d_parallel_hls.hpp 
hls.syn.file ../slopper/heat2d_hls/include/heat2d_serial_hls.hpp 
hls.syn.file ../slopper/heat2d_hls/include/hls_config.hpp 
hls.syn.file ../slopper/heat2d_hls/include/hls_stencil.hpp 
hls.syn.file ../slopper/heat2d_hls/include/hls_types.hpp 
hls.tb.file ../slopper/heat2d_hls/tb/tb_heat2d_hls.cpp 
hls.tb.file ../slopper/heat2d_hls/tb/tb_utils.hpp 


==========================================
new:  steps log generated by v++ for new launch 
timestamp: 06 Mar 2026 14:40:48

------------------------------------------
VITIS-RUN command line :
------------------------------------------
/home/mallya/vivado/2025.2/Vitis/bin/unwrapped/lnx64.o/vitis-run --mode hls --csim --config /home/mallya/Desktop/LBP/solver/hls_config.cfg --work_dir solver 
  Options from -O    : 
  Options from *.ini : 
  Options from Hw Platform : 

==========================================
new:  steps log generated by v++ for new launch 
timestamp: 06 Mar 2026 14:45:12

------------------------------------------
VITIS-RUN command line :
------------------------------------------
/home/mallya/vivado/2025.2/Vitis/bin/unwrapped/lnx64.o/vitis-run --mode hls --csim --config /home/mallya/Desktop/LBP/solver/hls_config.cfg --work_dir solver 
  Options from -O    : 
  Options from *.ini : 
  Options from Hw Platform : 

==========================================
new:  steps log generated by v++ for new launch 
timestamp: 06 Mar 2026 15:05:41

------------------------------------------
VITIS-RUN command line :
------------------------------------------
/home/mallya/vivado/2025.2/Vitis/bin/unwrapped/lnx64.o/vitis-run --mode hls --csim --config /home/mallya/Desktop/LBP/solver/hls_config.cfg --work_dir solver 
  Options from -O    : 
  Options from *.ini : 
  Options from Hw Platform : 

==========================================
new:  steps log generated by v++ for new launch 
timestamp: 06 Mar 2026 15:06:11

------------------------------------------
V++ command line :
------------------------------------------
/home/mallya/vivado/2025.2/Vitis/bin/unwrapped/lnx64.o/v++ -c --mode hls --config /home/mallya/Desktop/LBP/solver/hls_config.cfg --work_dir solver 
  Options from -O    : 
  Options from *.ini : 
  Options from Hw Platform : 

==========================================
new:  steps log generated by v++ for new launch 
timestamp: 06 Mar 2026 15:07:44
