Fri Mar  6 14:40:47 2026: Running xcd server. This server was built by gradle.
Fri Mar  6 14:40:47 2026: Server was asked to start on port: '32899'
Fri Mar  6 14:40:47 2026: Server is using token UUID: '97623079-54cb-4f12-a271-7e4b8cff7a50'
Fri Mar  6 14:40:47 2026: SESSION_MGR: creating session with session uuid: '6d04a3e9-ade5-4ab9-8d63-1f78fcd2ec76' and name 'default'
Fri Mar  6 14:40:47 2026: Attempting to start server on port '32899'
Fri Mar  6 14:40:47 2026: XCD main fifo: created main fifo '/tmp/xcdmain97623079-54cb-4f12-a271-7e4b8cff7a50', fd read = 13
Fri Mar  6 14:40:47 2026: Running Dispatch Server
Fri Mar  6 14:40:47 2026: Version 2.2.0
Fri Mar  6 14:40:48 2026: Dispatch Server: Accepted socket connection from client
Fri Mar  6 14:40:48 2026: Starting Socket connection
Fri Mar  6 14:40:48 2026: EXCHANGE_TOKEN received, server token: 97623079-54cb-4f12-a271-7e4b8cff7a50, passed token: 97623079-54cb-4f12-a271-7e4b8cff7a50
Fri Mar  6 14:40:48 2026: DISPATCH_HANDLER: Adding handler from function makeHandler in library libxv_system_diagram
Fri Mar  6 14:40:48 2026: SESSION_MGR: creating session with session uuid: '177eb86d-fdde-4e4c-983d-fc5960024cfd' and name 'vitis-run_compile_solver'
Fri Mar  6 14:40:48 2026: KERNEL_SVC: creating session with uuid: '177eb86d-fdde-4e4c-983d-fc5960024cfd' and name 'vitis-run_compile_solver'
Fri Mar  6 14:40:48 2026: GUIDANCE_SMGR: creating guidance session with uuid: '177eb86d-fdde-4e4c-983d-fc5960024cfd' and name 'vitis-run_compile_solver'
Fri Mar  6 14:40:48 2026: SYSTEM_DIAGRAM: creating session with uuid: '177eb86d-fdde-4e4c-983d-fc5960024cfd' and name 'vitis-run_compile_solver'
Fri Mar  6 14:40:50 2026: Dispatch Server: Accepted socket connection from client
Fri Mar  6 14:40:50 2026: Starting Socket connection
Fri Mar  6 14:40:52 2026: SESSION_MGR: closing session for UUID '177eb86d-fdde-4e4c-983d-fc5960024cfd' with name 'vitis-run_compile_solver'
Fri Mar  6 14:40:52 2026: KERNEL_SVC: closing session for UUID '177eb86d-fdde-4e4c-983d-fc5960024cfd' with name 'vitis-run_compile_solver'
Fri Mar  6 14:40:52 2026: GUIDANCE_SMGR: closing session for UUID '177eb86d-fdde-4e4c-983d-fc5960024cfd' with name 'vitis-run_compile_solver'
Fri Mar  6 14:40:52 2026: SYSTEM_DIAGRAM: closing session for UUID '177eb86d-fdde-4e4c-983d-fc5960024cfd' with name 'vitis-run_compile_solver'
Fri Mar  6 14:40:52 2026: STOP_SERVER received, server token: 97623079-54cb-4f12-a271-7e4b8cff7a50, passed token: 97623079-54cb-4f12-a271-7e4b8cff7a50
Fri Mar  6 14:40:52 2026: Socket received request to stop server.
Fri Mar  6 14:40:52 2026: Dispatch Server: do_await_stop
Fri Mar  6 14:40:52 2026: Dispatch Server: stopping mainFifo_
Fri Mar  6 14:40:52 2026: XCD main fifo: Stopping
Fri Mar  6 14:40:52 2026: XCD main fifo: do_read error code: Operation canceled
Fri Mar  6 14:40:52 2026: XCD main fifo: bytes_transferred: 0
Fri Mar  6 14:40:52 2026: SERVER: destructor for server bound to port 32899
Fri Mar  6 14:40:52 2026: XCD main fifo: Good unlink of /tmp/xcdmain97623079-54cb-4f12-a271-7e4b8cff7a50
Fri Mar  6 14:40:52 2026: Server exiting with status 0.
Fri Mar  6 14:40:52 2026: Closing log file.
Fri Mar  6 14:45:10 2026: Running xcd server. This server was built by gradle.
Fri Mar  6 14:45:10 2026: Server was asked to start on port: '33381'
Fri Mar  6 14:45:10 2026: Server is using token UUID: 'a3ed0477-b29c-4e2d-9a55-c5e19f221fc8'
Fri Mar  6 14:45:10 2026: SESSION_MGR: creating session with session uuid: '6d04a3e9-ade5-4ab9-8d63-1f78fcd2ec76' and name 'default'
Fri Mar  6 14:45:10 2026: Attempting to start server on port '33381'
Fri Mar  6 14:45:10 2026: XCD main fifo: created main fifo '/tmp/xcdmaina3ed0477-b29c-4e2d-9a55-c5e19f221fc8', fd read = 13
Fri Mar  6 14:45:10 2026: Running Dispatch Server
Fri Mar  6 14:45:10 2026: Version 2.2.0
Fri Mar  6 14:45:12 2026: Dispatch Server: Accepted socket connection from client
Fri Mar  6 14:45:12 2026: Starting Socket connection
Fri Mar  6 14:45:12 2026: EXCHANGE_TOKEN received, server token: a3ed0477-b29c-4e2d-9a55-c5e19f221fc8, passed token: a3ed0477-b29c-4e2d-9a55-c5e19f221fc8
Fri Mar  6 14:45:12 2026: DISPATCH_HANDLER: Adding handler from function makeHandler in library libxv_system_diagram
Fri Mar  6 14:45:12 2026: SESSION_MGR: creating session with session uuid: '05975690-86ad-4c16-ab86-f5b332c31126' and name 'vitis-run_compile_solver'
Fri Mar  6 14:45:12 2026: KERNEL_SVC: creating session with uuid: '05975690-86ad-4c16-ab86-f5b332c31126' and name 'vitis-run_compile_solver'
Fri Mar  6 14:45:12 2026: GUIDANCE_SMGR: creating guidance session with uuid: '05975690-86ad-4c16-ab86-f5b332c31126' and name 'vitis-run_compile_solver'
Fri Mar  6 14:45:12 2026: SYSTEM_DIAGRAM: creating session with uuid: '05975690-86ad-4c16-ab86-f5b332c31126' and name 'vitis-run_compile_solver'
Fri Mar  6 14:45:14 2026: Dispatch Server: Accepted socket connection from client
Fri Mar  6 14:45:14 2026: Starting Socket connection
Fri Mar  6 14:45:14 2026: SESSION_MGR: closing session for UUID '05975690-86ad-4c16-ab86-f5b332c31126' with name 'vitis-run_compile_solver'
Fri Mar  6 14:45:14 2026: KERNEL_SVC: closing session for UUID '05975690-86ad-4c16-ab86-f5b332c31126' with name 'vitis-run_compile_solver'
Fri Mar  6 14:45:14 2026: GUIDANCE_SMGR: closing session for UUID '05975690-86ad-4c16-ab86-f5b332c31126' with name 'vitis-run_compile_solver'
Fri Mar  6 14:45:14 2026: SYSTEM_DIAGRAM: closing session for UUID '05975690-86ad-4c16-ab86-f5b332c31126' with name 'vitis-run_compile_solver'
Fri Mar  6 14:45:14 2026: STOP_SERVER received, server token: a3ed0477-b29c-4e2d-9a55-c5e19f221fc8, passed token: a3ed0477-b29c-4e2d-9a55-c5e19f221fc8
Fri Mar  6 14:45:14 2026: Socket received request to stop server.
Fri Mar  6 14:45:14 2026: Dispatch Server: do_await_stop
Fri Mar  6 14:45:14 2026: Dispatch Server: stopping mainFifo_
Fri Mar  6 14:45:14 2026: XCD main fifo: Stopping
Fri Mar  6 14:45:14 2026: XCD main fifo: do_read error code: Operation canceled
Fri Mar  6 14:45:14 2026: XCD main fifo: bytes_transferred: 0
Fri Mar  6 14:45:14 2026: SERVER: destructor for server bound to port 33381
Fri Mar  6 14:45:14 2026: XCD main fifo: Good unlink of /tmp/xcdmaina3ed0477-b29c-4e2d-9a55-c5e19f221fc8
Fri Mar  6 14:45:14 2026: Server exiting with status 0.
Fri Mar  6 14:45:14 2026: Closing log file.
Fri Mar  6 15:05:39 2026: Running xcd server. This server was built by gradle.
Fri Mar  6 15:05:39 2026: Server was asked to start on port: '39453'
Fri Mar  6 15:05:39 2026: Server is using token UUID: '87ec9780-c058-4f3a-86b8-1ec2478a3d71'
Fri Mar  6 15:05:39 2026: SESSION_MGR: creating session with session uuid: '6d04a3e9-ade5-4ab9-8d63-1f78fcd2ec76' and name 'default'
Fri Mar  6 15:05:39 2026: Attempting to start server on port '39453'
Fri Mar  6 15:05:39 2026: XCD main fifo: created main fifo '/tmp/xcdmain87ec9780-c058-4f3a-86b8-1ec2478a3d71', fd read = 13
Fri Mar  6 15:05:39 2026: Running Dispatch Server
Fri Mar  6 15:05:39 2026: Version 2.2.0
Fri Mar  6 15:05:41 2026: Dispatch Server: Accepted socket connection from client
Fri Mar  6 15:05:41 2026: Starting Socket connection
Fri Mar  6 15:05:41 2026: EXCHANGE_TOKEN received, server token: 87ec9780-c058-4f3a-86b8-1ec2478a3d71, passed token: 87ec9780-c058-4f3a-86b8-1ec2478a3d71
Fri Mar  6 15:05:41 2026: DISPATCH_HANDLER: Adding handler from function makeHandler in library libxv_system_diagram
Fri Mar  6 15:05:41 2026: SESSION_MGR: creating session with session uuid: 'e21a2a2d-88de-47e5-aa21-2904b638ebf0' and name 'vitis-run_compile_solver'
Fri Mar  6 15:05:41 2026: KERNEL_SVC: creating session with uuid: 'e21a2a2d-88de-47e5-aa21-2904b638ebf0' and name 'vitis-run_compile_solver'
Fri Mar  6 15:05:41 2026: GUIDANCE_SMGR: creating guidance session with uuid: 'e21a2a2d-88de-47e5-aa21-2904b638ebf0' and name 'vitis-run_compile_solver'
Fri Mar  6 15:05:41 2026: SYSTEM_DIAGRAM: creating session with uuid: 'e21a2a2d-88de-47e5-aa21-2904b638ebf0' and name 'vitis-run_compile_solver'
Fri Mar  6 15:05:43 2026: Dispatch Server: Accepted socket connection from client
Fri Mar  6 15:05:43 2026: Starting Socket connection
Fri Mar  6 15:05:44 2026: SESSION_MGR: closing session for UUID 'e21a2a2d-88de-47e5-aa21-2904b638ebf0' with name 'vitis-run_compile_solver'
Fri Mar  6 15:05:44 2026: KERNEL_SVC: closing session for UUID 'e21a2a2d-88de-47e5-aa21-2904b638ebf0' with name 'vitis-run_compile_solver'
Fri Mar  6 15:05:44 2026: GUIDANCE_SMGR: closing session for UUID 'e21a2a2d-88de-47e5-aa21-2904b638ebf0' with name 'vitis-run_compile_solver'
Fri Mar  6 15:05:44 2026: SYSTEM_DIAGRAM: closing session for UUID 'e21a2a2d-88de-47e5-aa21-2904b638ebf0' with name 'vitis-run_compile_solver'
Fri Mar  6 15:05:44 2026: STOP_SERVER received, server token: 87ec9780-c058-4f3a-86b8-1ec2478a3d71, passed token: 87ec9780-c058-4f3a-86b8-1ec2478a3d71
Fri Mar  6 15:05:44 2026: Socket received request to stop server.
Fri Mar  6 15:05:44 2026: Dispatch Server: do_await_stop
Fri Mar  6 15:05:44 2026: Dispatch Server: stopping mainFifo_
Fri Mar  6 15:05:44 2026: XCD main fifo: Stopping
Fri Mar  6 15:05:44 2026: XCD main fifo: do_read error code: Operation canceled
Fri Mar  6 15:05:44 2026: XCD main fifo: bytes_transferred: 0
Fri Mar  6 15:05:44 2026: SERVER: destructor for server bound to port 39453
Fri Mar  6 15:05:44 2026: XCD main fifo: Good unlink of /tmp/xcdmain87ec9780-c058-4f3a-86b8-1ec2478a3d71
Fri Mar  6 15:05:44 2026: Server exiting with status 0.
Fri Mar  6 15:05:44 2026: Closing log file.
Fri Mar  6 15:06:09 2026: Running xcd server. This server was built by gradle.
Fri Mar  6 15:06:09 2026: Server was asked to start on port: '41163'
Fri Mar  6 15:06:09 2026: Server is using token UUID: 'd966c0ca-17ab-4d98-bbf6-d090c5c3df1e'
Fri Mar  6 15:06:09 2026: SESSION_MGR: creating session with session uuid: '6d04a3e9-ade5-4ab9-8d63-1f78fcd2ec76' and name 'default'
Fri Mar  6 15:06:09 2026: Attempting to start server on port '41163'
Fri Mar  6 15:06:09 2026: XCD main fifo: created main fifo '/tmp/xcdmaind966c0ca-17ab-4d98-bbf6-d090c5c3df1e', fd read = 13
Fri Mar  6 15:06:09 2026: Running Dispatch Server
Fri Mar  6 15:06:09 2026: Version 2.2.0
Fri Mar  6 15:06:11 2026: Dispatch Server: Accepted socket connection from client
Fri Mar  6 15:06:11 2026: Starting Socket connection
Fri Mar  6 15:06:11 2026: EXCHANGE_TOKEN received, server token: d966c0ca-17ab-4d98-bbf6-d090c5c3df1e, passed token: d966c0ca-17ab-4d98-bbf6-d090c5c3df1e
Fri Mar  6 15:06:11 2026: DISPATCH_HANDLER: Adding handler from function makeHandler in library libxv_system_diagram
Fri Mar  6 15:06:11 2026: SESSION_MGR: creating session with session uuid: 'd1d9683c-0013-4ed2-b896-723ddcc1824d' and name 'vitis-run_compile_solver'
Fri Mar  6 15:06:11 2026: KERNEL_SVC: creating session with uuid: 'd1d9683c-0013-4ed2-b896-723ddcc1824d' and name 'vitis-run_compile_solver'
Fri Mar  6 15:06:11 2026: GUIDANCE_SMGR: creating guidance session with uuid: 'd1d9683c-0013-4ed2-b896-723ddcc1824d' and name 'vitis-run_compile_solver'
Fri Mar  6 15:06:11 2026: SYSTEM_DIAGRAM: creating session with uuid: 'd1d9683c-0013-4ed2-b896-723ddcc1824d' and name 'vitis-run_compile_solver'
Fri Mar  6 15:06:13 2026: Dispatch Server: Accepted socket connection from client
Fri Mar  6 15:06:13 2026: Starting Socket connection
Fri Mar  6 15:06:14 2026: SESSION_MGR: closing session for UUID 'd1d9683c-0013-4ed2-b896-723ddcc1824d' with name 'vitis-run_compile_solver'
Fri Mar  6 15:06:14 2026: KERNEL_SVC: closing session for UUID 'd1d9683c-0013-4ed2-b896-723ddcc1824d' with name 'vitis-run_compile_solver'
Fri Mar  6 15:06:14 2026: GUIDANCE_SMGR: closing session for UUID 'd1d9683c-0013-4ed2-b896-723ddcc1824d' with name 'vitis-run_compile_solver'
Fri Mar  6 15:06:14 2026: SYSTEM_DIAGRAM: closing session for UUID 'd1d9683c-0013-4ed2-b896-723ddcc1824d' with name 'vitis-run_compile_solver'
Fri Mar  6 15:06:14 2026: STOP_SERVER received, server token: d966c0ca-17ab-4d98-bbf6-d090c5c3df1e, passed token: d966c0ca-17ab-4d98-bbf6-d090c5c3df1e
Fri Mar  6 15:06:14 2026: Socket received request to stop server.
Fri Mar  6 15:06:14 2026: Dispatch Server: do_await_stop
Fri Mar  6 15:06:14 2026: Dispatch Server: stopping mainFifo_
Fri Mar  6 15:06:14 2026: XCD main fifo: Stopping
Fri Mar  6 15:06:14 2026: XCD main fifo: do_read error code: Operation canceled
Fri Mar  6 15:06:14 2026: XCD main fifo: bytes_transferred: 0
Fri Mar  6 15:06:14 2026: SERVER: destructor for server bound to port 41163
Fri Mar  6 15:06:14 2026: XCD main fifo: Good unlink of /tmp/xcdmaind966c0ca-17ab-4d98-bbf6-d090c5c3df1e
Fri Mar  6 15:06:14 2026: Server exiting with status 0.
Fri Mar  6 15:06:14 2026: Closing log file.
Fri Mar  6 15:07:42 2026: Running xcd server. This server was built by gradle.
Fri Mar  6 15:07:42 2026: Server was asked to start on port: '35655'
Fri Mar  6 15:07:42 2026: Server is using token UUID: 'a21d9020-5afd-42eb-8526-5e9fb9f27fbe'
Fri Mar  6 15:07:42 2026: SESSION_MGR: creating session with session uuid: '6d04a3e9-ade5-4ab9-8d63-1f78fcd2ec76' and name 'default'
Fri Mar  6 15:07:42 2026: Attempting to start server on port '35655'
Fri Mar  6 15:07:42 2026: XCD main fifo: created main fifo '/tmp/xcdmaina21d9020-5afd-42eb-8526-5e9fb9f27fbe', fd read = 13
Fri Mar  6 15:07:42 2026: Running Dispatch Server
Fri Mar  6 15:07:42 2026: Version 2.2.0
Fri Mar  6 15:07:44 2026: Dispatch Server: Accepted socket connection from client
Fri Mar  6 15:07:44 2026: Starting Socket connection
Fri Mar  6 15:07:44 2026: EXCHANGE_TOKEN received, server token: a21d9020-5afd-42eb-8526-5e9fb9f27fbe, passed token: a21d9020-5afd-42eb-8526-5e9fb9f27fbe
Fri Mar  6 15:07:44 2026: DISPATCH_HANDLER: Adding handler from function makeHandler in library libxv_system_diagram
Fri Mar  6 15:07:44 2026: SESSION_MGR: creating session with session uuid: 'e8bc2101-cfca-4f6d-8693-ca3406e0e335' and name 'v++_compile_solver'
Fri Mar  6 15:07:44 2026: KERNEL_SVC: creating session with uuid: 'e8bc2101-cfca-4f6d-8693-ca3406e0e335' and name 'v++_compile_solver'
Fri Mar  6 15:07:44 2026: GUIDANCE_SMGR: creating guidance session with uuid: 'e8bc2101-cfca-4f6d-8693-ca3406e0e335' and name 'v++_compile_solver'
Fri Mar  6 15:07:44 2026: SYSTEM_DIAGRAM: creating session with uuid: 'e8bc2101-cfca-4f6d-8693-ca3406e0e335' and name 'v++_compile_solver'
Fri Mar  6 15:07:45 2026: Dispatch Server: Accepted socket connection from client
Fri Mar  6 15:07:45 2026: Starting Socket connection
Fri Mar  6 15:07:54 2026: SESSION_MGR: closing session for UUID 'e8bc2101-cfca-4f6d-8693-ca3406e0e335' with name 'v++_compile_solver'
Fri Mar  6 15:07:54 2026: KERNEL_SVC: closing session for UUID 'e8bc2101-cfca-4f6d-8693-ca3406e0e335' with name 'v++_compile_solver'
Fri Mar  6 15:07:54 2026: GUIDANCE_SMGR: closing session for UUID 'e8bc2101-cfca-4f6d-8693-ca3406e0e335' with name 'v++_compile_solver'
Fri Mar  6 15:07:54 2026: SYSTEM_DIAGRAM: closing session for UUID 'e8bc2101-cfca-4f6d-8693-ca3406e0e335' with name 'v++_compile_solver'
Fri Mar  6 15:07:54 2026: STOP_SERVER received, server token: a21d9020-5afd-42eb-8526-5e9fb9f27fbe, passed token: a21d9020-5afd-42eb-8526-5e9fb9f27fbe
Fri Mar  6 15:07:54 2026: Socket received request to stop server.
Fri Mar  6 15:07:54 2026: Dispatch Server: do_await_stop
Fri Mar  6 15:07:54 2026: Dispatch Server: stopping mainFifo_
Fri Mar  6 15:07:54 2026: XCD main fifo: Stopping
Fri Mar  6 15:07:54 2026: XCD main fifo: do_read error code: Operation canceled
Fri Mar  6 15:07:54 2026: XCD main fifo: bytes_transferred: 0
Fri Mar  6 15:07:54 2026: SERVER: destructor for server bound to port 35655
Fri Mar  6 15:07:54 2026: XCD main fifo: Good unlink of /tmp/xcdmaina21d9020-5afd-42eb-8526-5e9fb9f27fbe
Fri Mar  6 15:07:54 2026: Server exiting with status 0.
Fri Mar  6 15:07:54 2026: Closing log file.
